[2023-03-04T11:57:13.819+0000] {taskinstance.py:1083} INFO - Dependencies all met for <TaskInstance: first_dag_v2.task-1 manual__2023-03-04T11:57:11.615007+00:00 [queued]>
[2023-03-04T11:57:13.868+0000] {taskinstance.py:1083} INFO - Dependencies all met for <TaskInstance: first_dag_v2.task-1 manual__2023-03-04T11:57:11.615007+00:00 [queued]>
[2023-03-04T11:57:13.987+0000] {taskinstance.py:1279} INFO - 
--------------------------------------------------------------------------------
[2023-03-04T11:57:13.988+0000] {taskinstance.py:1280} INFO - Starting attempt 1 of 6
[2023-03-04T11:57:13.990+0000] {taskinstance.py:1281} INFO - 
--------------------------------------------------------------------------------
[2023-03-04T11:57:14.026+0000] {taskinstance.py:1300} INFO - Executing <Task(BashOperator): task-1> on 2023-03-04 11:57:11.615007+00:00
[2023-03-04T11:57:14.032+0000] {standard_task_runner.py:55} INFO - Started process 3435 to run task
[2023-03-04T11:57:14.035+0000] {standard_task_runner.py:82} INFO - Running: ['***', 'tasks', 'run', 'first_dag_v2', 'task-1', 'manual__2023-03-04T11:57:11.615007+00:00', '--job-id', '7', '--raw', '--subdir', 'DAGS_FOLDER/first.py', '--cfg-path', '/tmp/tmpz6y1ttn6']
[2023-03-04T11:57:14.039+0000] {standard_task_runner.py:83} INFO - Job 7: Subtask task-1
[2023-03-04T11:57:14.134+0000] {task_command.py:388} INFO - Running <TaskInstance: first_dag_v2.task-1 manual__2023-03-04T11:57:11.615007+00:00 [running]> on host 00dcc0a33b20
[2023-03-04T11:57:14.277+0000] {taskinstance.py:1509} INFO - Exporting the following env vars:
AIRFLOW_CTX_DAG_OWNER=ishok
AIRFLOW_CTX_DAG_ID=first_dag_v2
AIRFLOW_CTX_TASK_ID=task-1
AIRFLOW_CTX_EXECUTION_DATE=2023-03-04T11:57:11.615007+00:00
AIRFLOW_CTX_TRY_NUMBER=1
AIRFLOW_CTX_DAG_RUN_ID=manual__2023-03-04T11:57:11.615007+00:00
[2023-03-04T11:57:14.283+0000] {subprocess.py:63} INFO - Tmp dir root location: 
 /tmp
[2023-03-04T11:57:14.284+0000] {subprocess.py:75} INFO - Running command: ['/bin/bash', '-c', 'echo hello world, this is the first task!']
[2023-03-04T11:57:14.297+0000] {subprocess.py:86} INFO - Output:
[2023-03-04T11:57:14.308+0000] {subprocess.py:93} INFO - hello world, this is the first task!
[2023-03-04T11:57:14.310+0000] {subprocess.py:97} INFO - Command exited with return code 0
[2023-03-04T11:57:14.351+0000] {taskinstance.py:1323} INFO - Marking task as SUCCESS. dag_id=first_dag_v2, task_id=task-1, execution_date=20230304T115711, start_date=20230304T115713, end_date=20230304T115714
[2023-03-04T11:57:14.382+0000] {local_task_job.py:208} INFO - Task exited with return code 0
[2023-03-04T11:57:14.412+0000] {taskinstance.py:2578} INFO - 1 downstream tasks scheduled from follow-on schedule check
