[2023-03-04T15:18:40.919+0000] {taskinstance.py:1083} INFO - Dependencies all met for <TaskInstance: sl_covid_dag_v1.extract manual__2023-03-04T15:18:39.473003+00:00 [queued]>
[2023-03-04T15:18:40.938+0000] {taskinstance.py:1083} INFO - Dependencies all met for <TaskInstance: sl_covid_dag_v1.extract manual__2023-03-04T15:18:39.473003+00:00 [queued]>
[2023-03-04T15:18:40.939+0000] {taskinstance.py:1279} INFO - 
--------------------------------------------------------------------------------
[2023-03-04T15:18:40.940+0000] {taskinstance.py:1280} INFO - Starting attempt 1 of 6
[2023-03-04T15:18:40.941+0000] {taskinstance.py:1281} INFO - 
--------------------------------------------------------------------------------
[2023-03-04T15:18:40.961+0000] {taskinstance.py:1300} INFO - Executing <Task(PythonOperator): extract> on 2023-03-04 15:18:39.473003+00:00
[2023-03-04T15:18:40.970+0000] {standard_task_runner.py:55} INFO - Started process 2240 to run task
[2023-03-04T15:18:40.974+0000] {standard_task_runner.py:82} INFO - Running: ['***', 'tasks', 'run', 'sl_covid_dag_v1', 'extract', 'manual__2023-03-04T15:18:39.473003+00:00', '--job-id', '33', '--raw', '--subdir', 'DAGS_FOLDER/sl_covid_dag.py', '--cfg-path', '/tmp/tmpi47ogi88']
[2023-03-04T15:18:40.978+0000] {standard_task_runner.py:83} INFO - Job 33: Subtask extract
[2023-03-04T15:18:41.134+0000] {task_command.py:388} INFO - Running <TaskInstance: sl_covid_dag_v1.extract manual__2023-03-04T15:18:39.473003+00:00 [running]> on host 00dcc0a33b20
[2023-03-04T15:18:41.237+0000] {taskinstance.py:1509} INFO - Exporting the following env vars:
AIRFLOW_CTX_DAG_OWNER=ishok
AIRFLOW_CTX_DAG_ID=sl_covid_dag_v1
AIRFLOW_CTX_TASK_ID=extract
AIRFLOW_CTX_EXECUTION_DATE=2023-03-04T15:18:39.473003+00:00
AIRFLOW_CTX_TRY_NUMBER=1
AIRFLOW_CTX_DAG_RUN_ID=manual__2023-03-04T15:18:39.473003+00:00
[2023-03-04T15:18:57.512+0000] {logging_mixin.py:137} INFO -         DATE  ...                                        LIEN SOURCE
0  3/31/2020  ...                https://twitter.com/mohs_sl?lang=fr
1  3/31/2020  ...                https://twitter.com/mohs_sl?lang=fr
2  3/31/2020  ...                https://twitter.com/mohs_sl?lang=fr
3  3/31/2020  ...                https://twitter.com/mohs_sl?lang=fr
4        NaN  ...  https://www.reuters.com/article/us-health-coro...

[5 rows x 14 columns]
[2023-03-04T15:18:57.514+0000] {python.py:177} INFO - Done. Returned value was: None
[2023-03-04T15:18:57.563+0000] {taskinstance.py:1323} INFO - Marking task as SUCCESS. dag_id=sl_covid_dag_v1, task_id=extract, execution_date=20230304T151839, start_date=20230304T151840, end_date=20230304T151857
[2023-03-04T15:18:57.624+0000] {local_task_job.py:208} INFO - Task exited with return code 0
[2023-03-04T15:18:57.643+0000] {taskinstance.py:2578} INFO - 0 downstream tasks scheduled from follow-on schedule check
