[2023-03-04T11:50:48.754+0000] {taskinstance.py:1083} INFO - Dependencies all met for <TaskInstance: first-dag-v2.task-1 manual__2023-03-04T11:50:47.231477+00:00 [queued]>
[2023-03-04T11:50:48.776+0000] {taskinstance.py:1083} INFO - Dependencies all met for <TaskInstance: first-dag-v2.task-1 manual__2023-03-04T11:50:47.231477+00:00 [queued]>
[2023-03-04T11:50:48.777+0000] {taskinstance.py:1279} INFO - 
--------------------------------------------------------------------------------
[2023-03-04T11:50:48.778+0000] {taskinstance.py:1280} INFO - Starting attempt 1 of 6
[2023-03-04T11:50:48.778+0000] {taskinstance.py:1281} INFO - 
--------------------------------------------------------------------------------
[2023-03-04T11:50:48.797+0000] {taskinstance.py:1300} INFO - Executing <Task(BashOperator): task-1> on 2023-03-04 11:50:47.231477+00:00
[2023-03-04T11:50:48.802+0000] {standard_task_runner.py:55} INFO - Started process 2848 to run task
[2023-03-04T11:50:48.805+0000] {standard_task_runner.py:82} INFO - Running: ['***', 'tasks', 'run', 'first-dag-v2', 'task-1', 'manual__2023-03-04T11:50:47.231477+00:00', '--job-id', '3', '--raw', '--subdir', 'DAGS_FOLDER/first.py', '--cfg-path', '/tmp/tmp6f4p86wf']
[2023-03-04T11:50:48.808+0000] {standard_task_runner.py:83} INFO - Job 3: Subtask task-1
[2023-03-04T11:50:48.881+0000] {task_command.py:388} INFO - Running <TaskInstance: first-dag-v2.task-1 manual__2023-03-04T11:50:47.231477+00:00 [running]> on host 00dcc0a33b20
[2023-03-04T11:50:48.981+0000] {taskinstance.py:1509} INFO - Exporting the following env vars:
AIRFLOW_CTX_DAG_OWNER=ishok
AIRFLOW_CTX_DAG_ID=first-dag-v2
AIRFLOW_CTX_TASK_ID=task-1
AIRFLOW_CTX_EXECUTION_DATE=2023-03-04T11:50:47.231477+00:00
AIRFLOW_CTX_TRY_NUMBER=1
AIRFLOW_CTX_DAG_RUN_ID=manual__2023-03-04T11:50:47.231477+00:00
[2023-03-04T11:50:48.985+0000] {subprocess.py:63} INFO - Tmp dir root location: 
 /tmp
[2023-03-04T11:50:48.987+0000] {subprocess.py:75} INFO - Running command: ['/bin/bash', '-c', 'echo hello world, this is the first task!']
[2023-03-04T11:50:48.999+0000] {subprocess.py:86} INFO - Output:
[2023-03-04T11:50:49.005+0000] {subprocess.py:93} INFO - hello world, this is the first task!
[2023-03-04T11:50:49.006+0000] {subprocess.py:97} INFO - Command exited with return code 0
[2023-03-04T11:50:49.038+0000] {taskinstance.py:1323} INFO - Marking task as SUCCESS. dag_id=first-dag-v2, task_id=task-1, execution_date=20230304T115047, start_date=20230304T115048, end_date=20230304T115049
[2023-03-04T11:50:49.060+0000] {local_task_job.py:208} INFO - Task exited with return code 0
[2023-03-04T11:50:49.086+0000] {taskinstance.py:2578} INFO - 1 downstream tasks scheduled from follow-on schedule check
