[2023-03-04T12:13:54.259+0000] {taskinstance.py:1083} INFO - Dependencies all met for <TaskInstance: python_dag_v1.greet_task manual__2023-03-04T12:13:53.229632+00:00 [queued]>
[2023-03-04T12:13:54.275+0000] {taskinstance.py:1083} INFO - Dependencies all met for <TaskInstance: python_dag_v1.greet_task manual__2023-03-04T12:13:53.229632+00:00 [queued]>
[2023-03-04T12:13:54.277+0000] {taskinstance.py:1279} INFO - 
--------------------------------------------------------------------------------
[2023-03-04T12:13:54.278+0000] {taskinstance.py:1280} INFO - Starting attempt 1 of 6
[2023-03-04T12:13:54.279+0000] {taskinstance.py:1281} INFO - 
--------------------------------------------------------------------------------
[2023-03-04T12:13:54.299+0000] {taskinstance.py:1300} INFO - Executing <Task(PythonOperator): greet_task> on 2023-03-04 12:13:53.229632+00:00
[2023-03-04T12:13:54.305+0000] {standard_task_runner.py:55} INFO - Started process 4947 to run task
[2023-03-04T12:13:54.310+0000] {standard_task_runner.py:82} INFO - Running: ['***', 'tasks', 'run', 'python_dag_v1', 'greet_task', 'manual__2023-03-04T12:13:53.229632+00:00', '--job-id', '9', '--raw', '--subdir', 'DAGS_FOLDER/python-dag.py', '--cfg-path', '/tmp/tmpnsz8em51']
[2023-03-04T12:13:54.313+0000] {standard_task_runner.py:83} INFO - Job 9: Subtask greet_task
[2023-03-04T12:13:54.422+0000] {task_command.py:388} INFO - Running <TaskInstance: python_dag_v1.greet_task manual__2023-03-04T12:13:53.229632+00:00 [running]> on host 00dcc0a33b20
[2023-03-04T12:13:54.555+0000] {taskinstance.py:1509} INFO - Exporting the following env vars:
AIRFLOW_CTX_DAG_OWNER=ishok
AIRFLOW_CTX_DAG_ID=python_dag_v1
AIRFLOW_CTX_TASK_ID=greet_task
AIRFLOW_CTX_EXECUTION_DATE=2023-03-04T12:13:53.229632+00:00
AIRFLOW_CTX_TRY_NUMBER=1
AIRFLOW_CTX_DAG_RUN_ID=manual__2023-03-04T12:13:53.229632+00:00
[2023-03-04T12:13:54.559+0000] {logging_mixin.py:137} INFO - Hello Isho k
[2023-03-04T12:13:54.559+0000] {python.py:177} INFO - Done. Returned value was: None
[2023-03-04T12:13:54.573+0000] {taskinstance.py:1323} INFO - Marking task as SUCCESS. dag_id=python_dag_v1, task_id=greet_task, execution_date=20230304T121353, start_date=20230304T121354, end_date=20230304T121354
[2023-03-04T12:13:54.619+0000] {local_task_job.py:208} INFO - Task exited with return code 0
[2023-03-04T12:13:54.643+0000] {taskinstance.py:2578} INFO - 0 downstream tasks scheduled from follow-on schedule check
