[2023-03-04T11:22:04.237+0000] {processor.py:153} INFO - Started process (PID=269) to work on /home/airflow/.local/lib/python3.7/site-packages/airflow/example_dags/example_external_task_marker_dag.py
[2023-03-04T11:22:04.239+0000] {processor.py:743} INFO - Processing file /home/airflow/.local/lib/python3.7/site-packages/airflow/example_dags/example_external_task_marker_dag.py for tasks to queue
[2023-03-04T11:22:04.241+0000] {logging_mixin.py:137} INFO - [2023-03-04T11:22:04.241+0000] {dagbag.py:538} INFO - Filling up the DagBag from /home/airflow/.local/lib/python3.7/site-packages/airflow/example_dags/example_external_task_marker_dag.py
[2023-03-04T11:22:04.273+0000] {processor.py:753} INFO - DAG(s) dict_keys(['example_external_task_marker_child', 'example_external_task_marker_parent']) retrieved from /home/airflow/.local/lib/python3.7/site-packages/airflow/example_dags/example_external_task_marker_dag.py
[2023-03-04T11:22:04.300+0000] {logging_mixin.py:137} INFO - [2023-03-04T11:22:04.300+0000] {dag.py:2690} INFO - Sync 2 DAGs
[2023-03-04T11:22:04.341+0000] {logging_mixin.py:137} INFO - [2023-03-04T11:22:04.341+0000] {dag.py:3441} INFO - Setting next_dagrun for example_external_task_marker_child to None, run_after=None
[2023-03-04T11:22:04.357+0000] {logging_mixin.py:137} INFO - [2023-03-04T11:22:04.356+0000] {dag.py:3441} INFO - Setting next_dagrun for example_external_task_marker_parent to None, run_after=None
[2023-03-04T11:22:04.411+0000] {processor.py:175} INFO - Processing /home/airflow/.local/lib/python3.7/site-packages/airflow/example_dags/example_external_task_marker_dag.py took 0.178 seconds
[2023-03-04T11:22:35.110+0000] {processor.py:153} INFO - Started process (PID=505) to work on /home/airflow/.local/lib/python3.7/site-packages/airflow/example_dags/example_external_task_marker_dag.py
[2023-03-04T11:22:35.112+0000] {processor.py:743} INFO - Processing file /home/airflow/.local/lib/python3.7/site-packages/airflow/example_dags/example_external_task_marker_dag.py for tasks to queue
[2023-03-04T11:22:35.113+0000] {logging_mixin.py:137} INFO - [2023-03-04T11:22:35.113+0000] {dagbag.py:538} INFO - Filling up the DagBag from /home/airflow/.local/lib/python3.7/site-packages/airflow/example_dags/example_external_task_marker_dag.py
[2023-03-04T11:22:35.131+0000] {processor.py:753} INFO - DAG(s) dict_keys(['example_external_task_marker_child', 'example_external_task_marker_parent']) retrieved from /home/airflow/.local/lib/python3.7/site-packages/airflow/example_dags/example_external_task_marker_dag.py
[2023-03-04T11:22:35.172+0000] {logging_mixin.py:137} INFO - [2023-03-04T11:22:35.171+0000] {dag.py:2690} INFO - Sync 2 DAGs
[2023-03-04T11:22:35.200+0000] {logging_mixin.py:137} INFO - [2023-03-04T11:22:35.200+0000] {dag.py:3441} INFO - Setting next_dagrun for example_external_task_marker_child to None, run_after=None
[2023-03-04T11:22:35.205+0000] {logging_mixin.py:137} INFO - [2023-03-04T11:22:35.205+0000] {dag.py:3441} INFO - Setting next_dagrun for example_external_task_marker_parent to None, run_after=None
[2023-03-04T11:22:35.225+0000] {processor.py:175} INFO - Processing /home/airflow/.local/lib/python3.7/site-packages/airflow/example_dags/example_external_task_marker_dag.py took 0.119 seconds
[2023-03-04T11:23:05.629+0000] {processor.py:153} INFO - Started process (PID=732) to work on /home/airflow/.local/lib/python3.7/site-packages/airflow/example_dags/example_external_task_marker_dag.py
[2023-03-04T11:23:05.630+0000] {processor.py:743} INFO - Processing file /home/airflow/.local/lib/python3.7/site-packages/airflow/example_dags/example_external_task_marker_dag.py for tasks to queue
[2023-03-04T11:23:05.632+0000] {logging_mixin.py:137} INFO - [2023-03-04T11:23:05.632+0000] {dagbag.py:538} INFO - Filling up the DagBag from /home/airflow/.local/lib/python3.7/site-packages/airflow/example_dags/example_external_task_marker_dag.py
[2023-03-04T11:23:05.649+0000] {processor.py:753} INFO - DAG(s) dict_keys(['example_external_task_marker_child', 'example_external_task_marker_parent']) retrieved from /home/airflow/.local/lib/python3.7/site-packages/airflow/example_dags/example_external_task_marker_dag.py
[2023-03-04T11:23:05.691+0000] {logging_mixin.py:137} INFO - [2023-03-04T11:23:05.690+0000] {dag.py:2690} INFO - Sync 2 DAGs
[2023-03-04T11:23:05.723+0000] {logging_mixin.py:137} INFO - [2023-03-04T11:23:05.723+0000] {dag.py:3441} INFO - Setting next_dagrun for example_external_task_marker_child to None, run_after=None
[2023-03-04T11:23:05.727+0000] {logging_mixin.py:137} INFO - [2023-03-04T11:23:05.727+0000] {dag.py:3441} INFO - Setting next_dagrun for example_external_task_marker_parent to None, run_after=None
[2023-03-04T11:23:05.747+0000] {processor.py:175} INFO - Processing /home/airflow/.local/lib/python3.7/site-packages/airflow/example_dags/example_external_task_marker_dag.py took 0.122 seconds
[2023-03-04T11:23:36.397+0000] {processor.py:153} INFO - Started process (PID=978) to work on /home/airflow/.local/lib/python3.7/site-packages/airflow/example_dags/example_external_task_marker_dag.py
[2023-03-04T11:23:36.400+0000] {processor.py:743} INFO - Processing file /home/airflow/.local/lib/python3.7/site-packages/airflow/example_dags/example_external_task_marker_dag.py for tasks to queue
[2023-03-04T11:23:36.402+0000] {logging_mixin.py:137} INFO - [2023-03-04T11:23:36.401+0000] {dagbag.py:538} INFO - Filling up the DagBag from /home/airflow/.local/lib/python3.7/site-packages/airflow/example_dags/example_external_task_marker_dag.py
[2023-03-04T11:23:36.423+0000] {processor.py:753} INFO - DAG(s) dict_keys(['example_external_task_marker_parent', 'example_external_task_marker_child']) retrieved from /home/airflow/.local/lib/python3.7/site-packages/airflow/example_dags/example_external_task_marker_dag.py
[2023-03-04T11:23:36.474+0000] {logging_mixin.py:137} INFO - [2023-03-04T11:23:36.473+0000] {dag.py:2690} INFO - Sync 2 DAGs
[2023-03-04T11:23:36.525+0000] {logging_mixin.py:137} INFO - [2023-03-04T11:23:36.525+0000] {dag.py:3441} INFO - Setting next_dagrun for example_external_task_marker_child to None, run_after=None
[2023-03-04T11:23:36.533+0000] {logging_mixin.py:137} INFO - [2023-03-04T11:23:36.532+0000] {dag.py:3441} INFO - Setting next_dagrun for example_external_task_marker_parent to None, run_after=None
[2023-03-04T11:23:36.576+0000] {processor.py:175} INFO - Processing /home/airflow/.local/lib/python3.7/site-packages/airflow/example_dags/example_external_task_marker_dag.py took 0.184 seconds
[2023-03-04T11:24:06.921+0000] {processor.py:153} INFO - Started process (PID=1207) to work on /home/airflow/.local/lib/python3.7/site-packages/airflow/example_dags/example_external_task_marker_dag.py
[2023-03-04T11:24:06.923+0000] {processor.py:743} INFO - Processing file /home/airflow/.local/lib/python3.7/site-packages/airflow/example_dags/example_external_task_marker_dag.py for tasks to queue
[2023-03-04T11:24:06.924+0000] {logging_mixin.py:137} INFO - [2023-03-04T11:24:06.924+0000] {dagbag.py:538} INFO - Filling up the DagBag from /home/airflow/.local/lib/python3.7/site-packages/airflow/example_dags/example_external_task_marker_dag.py
[2023-03-04T11:24:06.941+0000] {processor.py:753} INFO - DAG(s) dict_keys(['example_external_task_marker_child', 'example_external_task_marker_parent']) retrieved from /home/airflow/.local/lib/python3.7/site-packages/airflow/example_dags/example_external_task_marker_dag.py
[2023-03-04T11:24:06.980+0000] {logging_mixin.py:137} INFO - [2023-03-04T11:24:06.980+0000] {dag.py:2690} INFO - Sync 2 DAGs
[2023-03-04T11:24:07.020+0000] {logging_mixin.py:137} INFO - [2023-03-04T11:24:07.020+0000] {dag.py:3441} INFO - Setting next_dagrun for example_external_task_marker_child to None, run_after=None
[2023-03-04T11:24:07.025+0000] {logging_mixin.py:137} INFO - [2023-03-04T11:24:07.025+0000] {dag.py:3441} INFO - Setting next_dagrun for example_external_task_marker_parent to None, run_after=None
[2023-03-04T11:24:07.048+0000] {processor.py:175} INFO - Processing /home/airflow/.local/lib/python3.7/site-packages/airflow/example_dags/example_external_task_marker_dag.py took 0.131 seconds
[2023-03-04T11:24:37.464+0000] {processor.py:153} INFO - Started process (PID=1446) to work on /home/airflow/.local/lib/python3.7/site-packages/airflow/example_dags/example_external_task_marker_dag.py
[2023-03-04T11:24:37.466+0000] {processor.py:743} INFO - Processing file /home/airflow/.local/lib/python3.7/site-packages/airflow/example_dags/example_external_task_marker_dag.py for tasks to queue
[2023-03-04T11:24:37.468+0000] {logging_mixin.py:137} INFO - [2023-03-04T11:24:37.468+0000] {dagbag.py:538} INFO - Filling up the DagBag from /home/airflow/.local/lib/python3.7/site-packages/airflow/example_dags/example_external_task_marker_dag.py
[2023-03-04T11:24:37.485+0000] {processor.py:753} INFO - DAG(s) dict_keys(['example_external_task_marker_parent', 'example_external_task_marker_child']) retrieved from /home/airflow/.local/lib/python3.7/site-packages/airflow/example_dags/example_external_task_marker_dag.py
[2023-03-04T11:24:37.519+0000] {logging_mixin.py:137} INFO - [2023-03-04T11:24:37.519+0000] {dag.py:2690} INFO - Sync 2 DAGs
[2023-03-04T11:24:37.549+0000] {logging_mixin.py:137} INFO - [2023-03-04T11:24:37.549+0000] {dag.py:3441} INFO - Setting next_dagrun for example_external_task_marker_child to None, run_after=None
[2023-03-04T11:24:37.554+0000] {logging_mixin.py:137} INFO - [2023-03-04T11:24:37.554+0000] {dag.py:3441} INFO - Setting next_dagrun for example_external_task_marker_parent to None, run_after=None
[2023-03-04T11:24:37.576+0000] {processor.py:175} INFO - Processing /home/airflow/.local/lib/python3.7/site-packages/airflow/example_dags/example_external_task_marker_dag.py took 0.117 seconds
[2023-03-04T11:25:08.492+0000] {processor.py:153} INFO - Started process (PID=1680) to work on /home/airflow/.local/lib/python3.7/site-packages/airflow/example_dags/example_external_task_marker_dag.py
[2023-03-04T11:25:08.494+0000] {processor.py:743} INFO - Processing file /home/airflow/.local/lib/python3.7/site-packages/airflow/example_dags/example_external_task_marker_dag.py for tasks to queue
[2023-03-04T11:25:08.495+0000] {logging_mixin.py:137} INFO - [2023-03-04T11:25:08.495+0000] {dagbag.py:538} INFO - Filling up the DagBag from /home/airflow/.local/lib/python3.7/site-packages/airflow/example_dags/example_external_task_marker_dag.py
[2023-03-04T11:25:08.512+0000] {processor.py:753} INFO - DAG(s) dict_keys(['example_external_task_marker_child', 'example_external_task_marker_parent']) retrieved from /home/airflow/.local/lib/python3.7/site-packages/airflow/example_dags/example_external_task_marker_dag.py
[2023-03-04T11:25:08.545+0000] {logging_mixin.py:137} INFO - [2023-03-04T11:25:08.545+0000] {dag.py:2690} INFO - Sync 2 DAGs
[2023-03-04T11:25:08.576+0000] {logging_mixin.py:137} INFO - [2023-03-04T11:25:08.576+0000] {dag.py:3441} INFO - Setting next_dagrun for example_external_task_marker_child to None, run_after=None
[2023-03-04T11:25:08.581+0000] {logging_mixin.py:137} INFO - [2023-03-04T11:25:08.581+0000] {dag.py:3441} INFO - Setting next_dagrun for example_external_task_marker_parent to None, run_after=None
[2023-03-04T11:25:08.601+0000] {processor.py:175} INFO - Processing /home/airflow/.local/lib/python3.7/site-packages/airflow/example_dags/example_external_task_marker_dag.py took 0.113 seconds
