[2023-03-04T11:22:04.498+0000] {processor.py:153} INFO - Started process (PID=279) to work on /home/airflow/.local/lib/python3.7/site-packages/airflow/example_dags/example_sensors.py
[2023-03-04T11:22:04.500+0000] {processor.py:743} INFO - Processing file /home/airflow/.local/lib/python3.7/site-packages/airflow/example_dags/example_sensors.py for tasks to queue
[2023-03-04T11:22:04.502+0000] {logging_mixin.py:137} INFO - [2023-03-04T11:22:04.502+0000] {dagbag.py:538} INFO - Filling up the DagBag from /home/airflow/.local/lib/python3.7/site-packages/airflow/example_dags/example_sensors.py
[2023-03-04T11:22:04.572+0000] {processor.py:753} INFO - DAG(s) dict_keys(['example_sensors']) retrieved from /home/airflow/.local/lib/python3.7/site-packages/airflow/example_dags/example_sensors.py
[2023-03-04T11:22:04.601+0000] {logging_mixin.py:137} INFO - [2023-03-04T11:22:04.601+0000] {dag.py:2690} INFO - Sync 1 DAGs
[2023-03-04T11:22:04.669+0000] {logging_mixin.py:137} INFO - [2023-03-04T11:22:04.669+0000] {dag.py:3441} INFO - Setting next_dagrun for example_sensors to None, run_after=None
[2023-03-04T11:22:04.719+0000] {processor.py:175} INFO - Processing /home/airflow/.local/lib/python3.7/site-packages/airflow/example_dags/example_sensors.py took 0.227 seconds
[2023-03-04T11:22:35.258+0000] {processor.py:153} INFO - Started process (PID=515) to work on /home/airflow/.local/lib/python3.7/site-packages/airflow/example_dags/example_sensors.py
[2023-03-04T11:22:35.260+0000] {processor.py:743} INFO - Processing file /home/airflow/.local/lib/python3.7/site-packages/airflow/example_dags/example_sensors.py for tasks to queue
[2023-03-04T11:22:35.261+0000] {logging_mixin.py:137} INFO - [2023-03-04T11:22:35.261+0000] {dagbag.py:538} INFO - Filling up the DagBag from /home/airflow/.local/lib/python3.7/site-packages/airflow/example_dags/example_sensors.py
[2023-03-04T11:22:35.288+0000] {processor.py:753} INFO - DAG(s) dict_keys(['example_sensors']) retrieved from /home/airflow/.local/lib/python3.7/site-packages/airflow/example_dags/example_sensors.py
[2023-03-04T11:22:35.321+0000] {logging_mixin.py:137} INFO - [2023-03-04T11:22:35.321+0000] {dag.py:2690} INFO - Sync 1 DAGs
[2023-03-04T11:22:35.350+0000] {logging_mixin.py:137} INFO - [2023-03-04T11:22:35.350+0000] {dag.py:3441} INFO - Setting next_dagrun for example_sensors to None, run_after=None
[2023-03-04T11:22:35.372+0000] {processor.py:175} INFO - Processing /home/airflow/.local/lib/python3.7/site-packages/airflow/example_dags/example_sensors.py took 0.118 seconds
[2023-03-04T11:23:05.780+0000] {processor.py:153} INFO - Started process (PID=742) to work on /home/airflow/.local/lib/python3.7/site-packages/airflow/example_dags/example_sensors.py
[2023-03-04T11:23:05.781+0000] {processor.py:743} INFO - Processing file /home/airflow/.local/lib/python3.7/site-packages/airflow/example_dags/example_sensors.py for tasks to queue
[2023-03-04T11:23:05.782+0000] {logging_mixin.py:137} INFO - [2023-03-04T11:23:05.782+0000] {dagbag.py:538} INFO - Filling up the DagBag from /home/airflow/.local/lib/python3.7/site-packages/airflow/example_dags/example_sensors.py
[2023-03-04T11:23:05.806+0000] {processor.py:753} INFO - DAG(s) dict_keys(['example_sensors']) retrieved from /home/airflow/.local/lib/python3.7/site-packages/airflow/example_dags/example_sensors.py
[2023-03-04T11:23:05.840+0000] {logging_mixin.py:137} INFO - [2023-03-04T11:23:05.840+0000] {dag.py:2690} INFO - Sync 1 DAGs
[2023-03-04T11:23:05.869+0000] {logging_mixin.py:137} INFO - [2023-03-04T11:23:05.869+0000] {dag.py:3441} INFO - Setting next_dagrun for example_sensors to None, run_after=None
[2023-03-04T11:23:05.893+0000] {processor.py:175} INFO - Processing /home/airflow/.local/lib/python3.7/site-packages/airflow/example_dags/example_sensors.py took 0.117 seconds
[2023-03-04T11:23:36.846+0000] {processor.py:153} INFO - Started process (PID=990) to work on /home/airflow/.local/lib/python3.7/site-packages/airflow/example_dags/example_sensors.py
[2023-03-04T11:23:36.849+0000] {processor.py:743} INFO - Processing file /home/airflow/.local/lib/python3.7/site-packages/airflow/example_dags/example_sensors.py for tasks to queue
[2023-03-04T11:23:36.852+0000] {logging_mixin.py:137} INFO - [2023-03-04T11:23:36.851+0000] {dagbag.py:538} INFO - Filling up the DagBag from /home/airflow/.local/lib/python3.7/site-packages/airflow/example_dags/example_sensors.py
[2023-03-04T11:23:36.883+0000] {processor.py:753} INFO - DAG(s) dict_keys(['example_sensors']) retrieved from /home/airflow/.local/lib/python3.7/site-packages/airflow/example_dags/example_sensors.py
[2023-03-04T11:23:36.920+0000] {logging_mixin.py:137} INFO - [2023-03-04T11:23:36.920+0000] {dag.py:2690} INFO - Sync 1 DAGs
[2023-03-04T11:23:36.951+0000] {logging_mixin.py:137} INFO - [2023-03-04T11:23:36.951+0000] {dag.py:3441} INFO - Setting next_dagrun for example_sensors to None, run_after=None
[2023-03-04T11:23:36.976+0000] {processor.py:175} INFO - Processing /home/airflow/.local/lib/python3.7/site-packages/airflow/example_dags/example_sensors.py took 0.135 seconds
[2023-03-04T11:24:07.082+0000] {processor.py:153} INFO - Started process (PID=1217) to work on /home/airflow/.local/lib/python3.7/site-packages/airflow/example_dags/example_sensors.py
[2023-03-04T11:24:07.083+0000] {processor.py:743} INFO - Processing file /home/airflow/.local/lib/python3.7/site-packages/airflow/example_dags/example_sensors.py for tasks to queue
[2023-03-04T11:24:07.085+0000] {logging_mixin.py:137} INFO - [2023-03-04T11:24:07.084+0000] {dagbag.py:538} INFO - Filling up the DagBag from /home/airflow/.local/lib/python3.7/site-packages/airflow/example_dags/example_sensors.py
[2023-03-04T11:24:07.110+0000] {processor.py:753} INFO - DAG(s) dict_keys(['example_sensors']) retrieved from /home/airflow/.local/lib/python3.7/site-packages/airflow/example_dags/example_sensors.py
[2023-03-04T11:24:07.144+0000] {logging_mixin.py:137} INFO - [2023-03-04T11:24:07.143+0000] {dag.py:2690} INFO - Sync 1 DAGs
[2023-03-04T11:24:07.173+0000] {logging_mixin.py:137} INFO - [2023-03-04T11:24:07.173+0000] {dag.py:3441} INFO - Setting next_dagrun for example_sensors to None, run_after=None
[2023-03-04T11:24:07.197+0000] {processor.py:175} INFO - Processing /home/airflow/.local/lib/python3.7/site-packages/airflow/example_dags/example_sensors.py took 0.120 seconds
[2023-03-04T11:24:37.614+0000] {processor.py:153} INFO - Started process (PID=1456) to work on /home/airflow/.local/lib/python3.7/site-packages/airflow/example_dags/example_sensors.py
[2023-03-04T11:24:37.615+0000] {processor.py:743} INFO - Processing file /home/airflow/.local/lib/python3.7/site-packages/airflow/example_dags/example_sensors.py for tasks to queue
[2023-03-04T11:24:37.617+0000] {logging_mixin.py:137} INFO - [2023-03-04T11:24:37.617+0000] {dagbag.py:538} INFO - Filling up the DagBag from /home/airflow/.local/lib/python3.7/site-packages/airflow/example_dags/example_sensors.py
[2023-03-04T11:24:37.654+0000] {processor.py:753} INFO - DAG(s) dict_keys(['example_sensors']) retrieved from /home/airflow/.local/lib/python3.7/site-packages/airflow/example_dags/example_sensors.py
[2023-03-04T11:24:37.695+0000] {logging_mixin.py:137} INFO - [2023-03-04T11:24:37.694+0000] {dag.py:2690} INFO - Sync 1 DAGs
[2023-03-04T11:24:37.736+0000] {logging_mixin.py:137} INFO - [2023-03-04T11:24:37.736+0000] {dag.py:3441} INFO - Setting next_dagrun for example_sensors to None, run_after=None
[2023-03-04T11:24:37.767+0000] {processor.py:175} INFO - Processing /home/airflow/.local/lib/python3.7/site-packages/airflow/example_dags/example_sensors.py took 0.158 seconds
[2023-03-04T11:25:08.639+0000] {processor.py:153} INFO - Started process (PID=1690) to work on /home/airflow/.local/lib/python3.7/site-packages/airflow/example_dags/example_sensors.py
[2023-03-04T11:25:08.641+0000] {processor.py:743} INFO - Processing file /home/airflow/.local/lib/python3.7/site-packages/airflow/example_dags/example_sensors.py for tasks to queue
[2023-03-04T11:25:08.642+0000] {logging_mixin.py:137} INFO - [2023-03-04T11:25:08.642+0000] {dagbag.py:538} INFO - Filling up the DagBag from /home/airflow/.local/lib/python3.7/site-packages/airflow/example_dags/example_sensors.py
[2023-03-04T11:25:08.669+0000] {processor.py:753} INFO - DAG(s) dict_keys(['example_sensors']) retrieved from /home/airflow/.local/lib/python3.7/site-packages/airflow/example_dags/example_sensors.py
[2023-03-04T11:25:08.703+0000] {logging_mixin.py:137} INFO - [2023-03-04T11:25:08.703+0000] {dag.py:2690} INFO - Sync 1 DAGs
[2023-03-04T11:25:08.732+0000] {logging_mixin.py:137} INFO - [2023-03-04T11:25:08.732+0000] {dag.py:3441} INFO - Setting next_dagrun for example_sensors to None, run_after=None
[2023-03-04T11:25:08.755+0000] {processor.py:175} INFO - Processing /home/airflow/.local/lib/python3.7/site-packages/airflow/example_dags/example_sensors.py took 0.119 seconds
