[2023-03-04T11:22:02.664+0000] {processor.py:153} INFO - Started process (PID=179) to work on /home/airflow/.local/lib/python3.7/site-packages/airflow/example_dags/example_short_circuit_decorator.py
[2023-03-04T11:22:02.666+0000] {processor.py:743} INFO - Processing file /home/airflow/.local/lib/python3.7/site-packages/airflow/example_dags/example_short_circuit_decorator.py for tasks to queue
[2023-03-04T11:22:02.667+0000] {logging_mixin.py:137} INFO - [2023-03-04T11:22:02.667+0000] {dagbag.py:538} INFO - Filling up the DagBag from /home/airflow/.local/lib/python3.7/site-packages/airflow/example_dags/example_short_circuit_decorator.py
[2023-03-04T11:22:02.709+0000] {processor.py:753} INFO - DAG(s) dict_keys(['example_short_circuit_decorator']) retrieved from /home/airflow/.local/lib/python3.7/site-packages/airflow/example_dags/example_short_circuit_decorator.py
[2023-03-04T11:22:02.724+0000] {logging_mixin.py:137} INFO - [2023-03-04T11:22:02.724+0000] {dag.py:2690} INFO - Sync 1 DAGs
[2023-03-04T11:22:02.757+0000] {logging_mixin.py:137} INFO - [2023-03-04T11:22:02.757+0000] {dag.py:3441} INFO - Setting next_dagrun for example_short_circuit_decorator to 2023-03-03T11:22:02.757306+00:00, run_after=2023-03-04T11:22:02.757306+00:00
[2023-03-04T11:22:02.786+0000] {processor.py:175} INFO - Processing /home/airflow/.local/lib/python3.7/site-packages/airflow/example_dags/example_short_circuit_decorator.py took 0.127 seconds
[2023-03-04T11:22:33.147+0000] {processor.py:153} INFO - Started process (PID=427) to work on /home/airflow/.local/lib/python3.7/site-packages/airflow/example_dags/example_short_circuit_decorator.py
[2023-03-04T11:22:33.149+0000] {processor.py:743} INFO - Processing file /home/airflow/.local/lib/python3.7/site-packages/airflow/example_dags/example_short_circuit_decorator.py for tasks to queue
[2023-03-04T11:22:33.151+0000] {logging_mixin.py:137} INFO - [2023-03-04T11:22:33.151+0000] {dagbag.py:538} INFO - Filling up the DagBag from /home/airflow/.local/lib/python3.7/site-packages/airflow/example_dags/example_short_circuit_decorator.py
[2023-03-04T11:22:33.228+0000] {processor.py:753} INFO - DAG(s) dict_keys(['example_short_circuit_decorator']) retrieved from /home/airflow/.local/lib/python3.7/site-packages/airflow/example_dags/example_short_circuit_decorator.py
[2023-03-04T11:22:33.266+0000] {logging_mixin.py:137} INFO - [2023-03-04T11:22:33.266+0000] {dag.py:2690} INFO - Sync 1 DAGs
[2023-03-04T11:22:33.303+0000] {logging_mixin.py:137} INFO - [2023-03-04T11:22:33.302+0000] {dag.py:3441} INFO - Setting next_dagrun for example_short_circuit_decorator to 2023-03-03T11:22:33.302600+00:00, run_after=2023-03-04T11:22:33.302600+00:00
[2023-03-04T11:22:33.329+0000] {processor.py:175} INFO - Processing /home/airflow/.local/lib/python3.7/site-packages/airflow/example_dags/example_short_circuit_decorator.py took 0.196 seconds
[2023-03-04T11:23:04.258+0000] {processor.py:153} INFO - Started process (PID=654) to work on /home/airflow/.local/lib/python3.7/site-packages/airflow/example_dags/example_short_circuit_decorator.py
[2023-03-04T11:23:04.260+0000] {processor.py:743} INFO - Processing file /home/airflow/.local/lib/python3.7/site-packages/airflow/example_dags/example_short_circuit_decorator.py for tasks to queue
[2023-03-04T11:23:04.261+0000] {logging_mixin.py:137} INFO - [2023-03-04T11:23:04.261+0000] {dagbag.py:538} INFO - Filling up the DagBag from /home/airflow/.local/lib/python3.7/site-packages/airflow/example_dags/example_short_circuit_decorator.py
[2023-03-04T11:23:04.290+0000] {processor.py:753} INFO - DAG(s) dict_keys(['example_short_circuit_decorator']) retrieved from /home/airflow/.local/lib/python3.7/site-packages/airflow/example_dags/example_short_circuit_decorator.py
[2023-03-04T11:23:04.321+0000] {logging_mixin.py:137} INFO - [2023-03-04T11:23:04.321+0000] {dag.py:2690} INFO - Sync 1 DAGs
[2023-03-04T11:23:04.349+0000] {logging_mixin.py:137} INFO - [2023-03-04T11:23:04.348+0000] {dag.py:3441} INFO - Setting next_dagrun for example_short_circuit_decorator to 2023-03-03T11:23:04.348669+00:00, run_after=2023-03-04T11:23:04.348669+00:00
[2023-03-04T11:23:04.370+0000] {processor.py:175} INFO - Processing /home/airflow/.local/lib/python3.7/site-packages/airflow/example_dags/example_short_circuit_decorator.py took 0.116 seconds
[2023-03-04T11:23:34.502+0000] {processor.py:153} INFO - Started process (PID=893) to work on /home/airflow/.local/lib/python3.7/site-packages/airflow/example_dags/example_short_circuit_decorator.py
[2023-03-04T11:23:34.504+0000] {processor.py:743} INFO - Processing file /home/airflow/.local/lib/python3.7/site-packages/airflow/example_dags/example_short_circuit_decorator.py for tasks to queue
[2023-03-04T11:23:34.506+0000] {logging_mixin.py:137} INFO - [2023-03-04T11:23:34.505+0000] {dagbag.py:538} INFO - Filling up the DagBag from /home/airflow/.local/lib/python3.7/site-packages/airflow/example_dags/example_short_circuit_decorator.py
[2023-03-04T11:23:34.540+0000] {processor.py:753} INFO - DAG(s) dict_keys(['example_short_circuit_decorator']) retrieved from /home/airflow/.local/lib/python3.7/site-packages/airflow/example_dags/example_short_circuit_decorator.py
[2023-03-04T11:23:34.571+0000] {logging_mixin.py:137} INFO - [2023-03-04T11:23:34.571+0000] {dag.py:2690} INFO - Sync 1 DAGs
[2023-03-04T11:23:34.601+0000] {logging_mixin.py:137} INFO - [2023-03-04T11:23:34.600+0000] {dag.py:3441} INFO - Setting next_dagrun for example_short_circuit_decorator to 2023-03-03T11:23:34.600599+00:00, run_after=2023-03-04T11:23:34.600599+00:00
[2023-03-04T11:23:34.623+0000] {processor.py:175} INFO - Processing /home/airflow/.local/lib/python3.7/site-packages/airflow/example_dags/example_short_circuit_decorator.py took 0.126 seconds
[2023-03-04T11:24:05.553+0000] {processor.py:153} INFO - Started process (PID=1129) to work on /home/airflow/.local/lib/python3.7/site-packages/airflow/example_dags/example_short_circuit_decorator.py
[2023-03-04T11:24:05.554+0000] {processor.py:743} INFO - Processing file /home/airflow/.local/lib/python3.7/site-packages/airflow/example_dags/example_short_circuit_decorator.py for tasks to queue
[2023-03-04T11:24:05.555+0000] {logging_mixin.py:137} INFO - [2023-03-04T11:24:05.555+0000] {dagbag.py:538} INFO - Filling up the DagBag from /home/airflow/.local/lib/python3.7/site-packages/airflow/example_dags/example_short_circuit_decorator.py
[2023-03-04T11:24:05.588+0000] {processor.py:753} INFO - DAG(s) dict_keys(['example_short_circuit_decorator']) retrieved from /home/airflow/.local/lib/python3.7/site-packages/airflow/example_dags/example_short_circuit_decorator.py
[2023-03-04T11:24:05.617+0000] {logging_mixin.py:137} INFO - [2023-03-04T11:24:05.617+0000] {dag.py:2690} INFO - Sync 1 DAGs
[2023-03-04T11:24:05.646+0000] {logging_mixin.py:137} INFO - [2023-03-04T11:24:05.646+0000] {dag.py:3441} INFO - Setting next_dagrun for example_short_circuit_decorator to 2023-03-03T11:24:05.645998+00:00, run_after=2023-03-04T11:24:05.645998+00:00
[2023-03-04T11:24:05.669+0000] {processor.py:175} INFO - Processing /home/airflow/.local/lib/python3.7/site-packages/airflow/example_dags/example_short_circuit_decorator.py took 0.119 seconds
[2023-03-04T11:24:36.004+0000] {processor.py:153} INFO - Started process (PID=1358) to work on /home/airflow/.local/lib/python3.7/site-packages/airflow/example_dags/example_short_circuit_decorator.py
[2023-03-04T11:24:36.005+0000] {processor.py:743} INFO - Processing file /home/airflow/.local/lib/python3.7/site-packages/airflow/example_dags/example_short_circuit_decorator.py for tasks to queue
[2023-03-04T11:24:36.008+0000] {logging_mixin.py:137} INFO - [2023-03-04T11:24:36.008+0000] {dagbag.py:538} INFO - Filling up the DagBag from /home/airflow/.local/lib/python3.7/site-packages/airflow/example_dags/example_short_circuit_decorator.py
[2023-03-04T11:24:36.039+0000] {processor.py:753} INFO - DAG(s) dict_keys(['example_short_circuit_decorator']) retrieved from /home/airflow/.local/lib/python3.7/site-packages/airflow/example_dags/example_short_circuit_decorator.py
[2023-03-04T11:24:36.069+0000] {logging_mixin.py:137} INFO - [2023-03-04T11:24:36.069+0000] {dag.py:2690} INFO - Sync 1 DAGs
[2023-03-04T11:24:36.099+0000] {logging_mixin.py:137} INFO - [2023-03-04T11:24:36.099+0000] {dag.py:3441} INFO - Setting next_dagrun for example_short_circuit_decorator to 2023-03-03T11:24:36.098707+00:00, run_after=2023-03-04T11:24:36.098707+00:00
[2023-03-04T11:24:36.121+0000] {processor.py:175} INFO - Processing /home/airflow/.local/lib/python3.7/site-packages/airflow/example_dags/example_short_circuit_decorator.py took 0.122 seconds
[2023-03-04T11:25:06.227+0000] {processor.py:153} INFO - Started process (PID=1602) to work on /home/airflow/.local/lib/python3.7/site-packages/airflow/example_dags/example_short_circuit_decorator.py
[2023-03-04T11:25:06.228+0000] {processor.py:743} INFO - Processing file /home/airflow/.local/lib/python3.7/site-packages/airflow/example_dags/example_short_circuit_decorator.py for tasks to queue
[2023-03-04T11:25:06.230+0000] {logging_mixin.py:137} INFO - [2023-03-04T11:25:06.230+0000] {dagbag.py:538} INFO - Filling up the DagBag from /home/airflow/.local/lib/python3.7/site-packages/airflow/example_dags/example_short_circuit_decorator.py
[2023-03-04T11:25:06.259+0000] {processor.py:753} INFO - DAG(s) dict_keys(['example_short_circuit_decorator']) retrieved from /home/airflow/.local/lib/python3.7/site-packages/airflow/example_dags/example_short_circuit_decorator.py
[2023-03-04T11:25:06.292+0000] {logging_mixin.py:137} INFO - [2023-03-04T11:25:06.292+0000] {dag.py:2690} INFO - Sync 1 DAGs
[2023-03-04T11:25:06.322+0000] {logging_mixin.py:137} INFO - [2023-03-04T11:25:06.322+0000] {dag.py:3441} INFO - Setting next_dagrun for example_short_circuit_decorator to 2023-03-03T11:25:06.321837+00:00, run_after=2023-03-04T11:25:06.321837+00:00
[2023-03-04T11:25:06.349+0000] {processor.py:175} INFO - Processing /home/airflow/.local/lib/python3.7/site-packages/airflow/example_dags/example_short_circuit_decorator.py took 0.126 seconds
