[2023-03-04T11:22:04.060+0000] {processor.py:153} INFO - Started process (PID=259) to work on /home/airflow/.local/lib/python3.7/site-packages/airflow/example_dags/example_task_group.py
[2023-03-04T11:22:04.062+0000] {processor.py:743} INFO - Processing file /home/airflow/.local/lib/python3.7/site-packages/airflow/example_dags/example_task_group.py for tasks to queue
[2023-03-04T11:22:04.064+0000] {logging_mixin.py:137} INFO - [2023-03-04T11:22:04.064+0000] {dagbag.py:538} INFO - Filling up the DagBag from /home/airflow/.local/lib/python3.7/site-packages/airflow/example_dags/example_task_group.py
[2023-03-04T11:22:04.091+0000] {processor.py:753} INFO - DAG(s) dict_keys(['example_task_group']) retrieved from /home/airflow/.local/lib/python3.7/site-packages/airflow/example_dags/example_task_group.py
[2023-03-04T11:22:04.110+0000] {logging_mixin.py:137} INFO - [2023-03-04T11:22:04.110+0000] {dag.py:2690} INFO - Sync 1 DAGs
[2023-03-04T11:22:04.146+0000] {logging_mixin.py:137} INFO - [2023-03-04T11:22:04.145+0000] {dag.py:3441} INFO - Setting next_dagrun for example_task_group to 2023-03-03T11:22:04.145420+00:00, run_after=2023-03-04T11:22:04.145420+00:00
[2023-03-04T11:22:04.188+0000] {processor.py:175} INFO - Processing /home/airflow/.local/lib/python3.7/site-packages/airflow/example_dags/example_task_group.py took 0.133 seconds
[2023-03-04T11:22:34.963+0000] {processor.py:153} INFO - Started process (PID=497) to work on /home/airflow/.local/lib/python3.7/site-packages/airflow/example_dags/example_task_group.py
[2023-03-04T11:22:34.965+0000] {processor.py:743} INFO - Processing file /home/airflow/.local/lib/python3.7/site-packages/airflow/example_dags/example_task_group.py for tasks to queue
[2023-03-04T11:22:34.966+0000] {logging_mixin.py:137} INFO - [2023-03-04T11:22:34.966+0000] {dagbag.py:538} INFO - Filling up the DagBag from /home/airflow/.local/lib/python3.7/site-packages/airflow/example_dags/example_task_group.py
[2023-03-04T11:22:34.988+0000] {processor.py:753} INFO - DAG(s) dict_keys(['example_task_group']) retrieved from /home/airflow/.local/lib/python3.7/site-packages/airflow/example_dags/example_task_group.py
[2023-03-04T11:22:35.018+0000] {logging_mixin.py:137} INFO - [2023-03-04T11:22:35.018+0000] {dag.py:2690} INFO - Sync 1 DAGs
[2023-03-04T11:22:35.047+0000] {logging_mixin.py:137} INFO - [2023-03-04T11:22:35.047+0000] {dag.py:3441} INFO - Setting next_dagrun for example_task_group to 2023-03-03T11:22:35.047176+00:00, run_after=2023-03-04T11:22:35.047176+00:00
[2023-03-04T11:22:35.070+0000] {processor.py:175} INFO - Processing /home/airflow/.local/lib/python3.7/site-packages/airflow/example_dags/example_task_group.py took 0.110 seconds
[2023-03-04T11:23:05.488+0000] {processor.py:153} INFO - Started process (PID=722) to work on /home/airflow/.local/lib/python3.7/site-packages/airflow/example_dags/example_task_group.py
[2023-03-04T11:23:05.490+0000] {processor.py:743} INFO - Processing file /home/airflow/.local/lib/python3.7/site-packages/airflow/example_dags/example_task_group.py for tasks to queue
[2023-03-04T11:23:05.491+0000] {logging_mixin.py:137} INFO - [2023-03-04T11:23:05.491+0000] {dagbag.py:538} INFO - Filling up the DagBag from /home/airflow/.local/lib/python3.7/site-packages/airflow/example_dags/example_task_group.py
[2023-03-04T11:23:05.510+0000] {processor.py:753} INFO - DAG(s) dict_keys(['example_task_group']) retrieved from /home/airflow/.local/lib/python3.7/site-packages/airflow/example_dags/example_task_group.py
[2023-03-04T11:23:05.541+0000] {logging_mixin.py:137} INFO - [2023-03-04T11:23:05.541+0000] {dag.py:2690} INFO - Sync 1 DAGs
[2023-03-04T11:23:05.571+0000] {logging_mixin.py:137} INFO - [2023-03-04T11:23:05.571+0000] {dag.py:3441} INFO - Setting next_dagrun for example_task_group to 2023-03-03T11:23:05.571379+00:00, run_after=2023-03-04T11:23:05.571379+00:00
[2023-03-04T11:23:05.594+0000] {processor.py:175} INFO - Processing /home/airflow/.local/lib/python3.7/site-packages/airflow/example_dags/example_task_group.py took 0.110 seconds
[2023-03-04T11:23:36.206+0000] {processor.py:153} INFO - Started process (PID=970) to work on /home/airflow/.local/lib/python3.7/site-packages/airflow/example_dags/example_task_group.py
[2023-03-04T11:23:36.209+0000] {processor.py:743} INFO - Processing file /home/airflow/.local/lib/python3.7/site-packages/airflow/example_dags/example_task_group.py for tasks to queue
[2023-03-04T11:23:36.211+0000] {logging_mixin.py:137} INFO - [2023-03-04T11:23:36.211+0000] {dagbag.py:538} INFO - Filling up the DagBag from /home/airflow/.local/lib/python3.7/site-packages/airflow/example_dags/example_task_group.py
[2023-03-04T11:23:36.237+0000] {processor.py:753} INFO - DAG(s) dict_keys(['example_task_group']) retrieved from /home/airflow/.local/lib/python3.7/site-packages/airflow/example_dags/example_task_group.py
[2023-03-04T11:23:36.276+0000] {logging_mixin.py:137} INFO - [2023-03-04T11:23:36.275+0000] {dag.py:2690} INFO - Sync 1 DAGs
[2023-03-04T11:23:36.317+0000] {logging_mixin.py:137} INFO - [2023-03-04T11:23:36.317+0000] {dag.py:3441} INFO - Setting next_dagrun for example_task_group to 2023-03-03T11:23:36.317005+00:00, run_after=2023-03-04T11:23:36.317005+00:00
[2023-03-04T11:23:36.349+0000] {processor.py:175} INFO - Processing /home/airflow/.local/lib/python3.7/site-packages/airflow/example_dags/example_task_group.py took 0.147 seconds
[2023-03-04T11:24:06.765+0000] {processor.py:153} INFO - Started process (PID=1197) to work on /home/airflow/.local/lib/python3.7/site-packages/airflow/example_dags/example_task_group.py
[2023-03-04T11:24:06.767+0000] {processor.py:743} INFO - Processing file /home/airflow/.local/lib/python3.7/site-packages/airflow/example_dags/example_task_group.py for tasks to queue
[2023-03-04T11:24:06.770+0000] {logging_mixin.py:137} INFO - [2023-03-04T11:24:06.770+0000] {dagbag.py:538} INFO - Filling up the DagBag from /home/airflow/.local/lib/python3.7/site-packages/airflow/example_dags/example_task_group.py
[2023-03-04T11:24:06.794+0000] {processor.py:753} INFO - DAG(s) dict_keys(['example_task_group']) retrieved from /home/airflow/.local/lib/python3.7/site-packages/airflow/example_dags/example_task_group.py
[2023-03-04T11:24:06.831+0000] {logging_mixin.py:137} INFO - [2023-03-04T11:24:06.831+0000] {dag.py:2690} INFO - Sync 1 DAGs
[2023-03-04T11:24:06.862+0000] {logging_mixin.py:137} INFO - [2023-03-04T11:24:06.862+0000] {dag.py:3441} INFO - Setting next_dagrun for example_task_group to 2023-03-03T11:24:06.862087+00:00, run_after=2023-03-04T11:24:06.862087+00:00
[2023-03-04T11:24:06.885+0000] {processor.py:175} INFO - Processing /home/airflow/.local/lib/python3.7/site-packages/airflow/example_dags/example_task_group.py took 0.126 seconds
[2023-03-04T11:24:37.298+0000] {processor.py:153} INFO - Started process (PID=1436) to work on /home/airflow/.local/lib/python3.7/site-packages/airflow/example_dags/example_task_group.py
[2023-03-04T11:24:37.299+0000] {processor.py:743} INFO - Processing file /home/airflow/.local/lib/python3.7/site-packages/airflow/example_dags/example_task_group.py for tasks to queue
[2023-03-04T11:24:37.301+0000] {logging_mixin.py:137} INFO - [2023-03-04T11:24:37.300+0000] {dagbag.py:538} INFO - Filling up the DagBag from /home/airflow/.local/lib/python3.7/site-packages/airflow/example_dags/example_task_group.py
[2023-03-04T11:24:37.320+0000] {processor.py:753} INFO - DAG(s) dict_keys(['example_task_group']) retrieved from /home/airflow/.local/lib/python3.7/site-packages/airflow/example_dags/example_task_group.py
[2023-03-04T11:24:37.351+0000] {logging_mixin.py:137} INFO - [2023-03-04T11:24:37.351+0000] {dag.py:2690} INFO - Sync 1 DAGs
[2023-03-04T11:24:37.382+0000] {logging_mixin.py:137} INFO - [2023-03-04T11:24:37.382+0000] {dag.py:3441} INFO - Setting next_dagrun for example_task_group to 2023-03-03T11:24:37.382336+00:00, run_after=2023-03-04T11:24:37.382336+00:00
[2023-03-04T11:24:37.406+0000] {processor.py:175} INFO - Processing /home/airflow/.local/lib/python3.7/site-packages/airflow/example_dags/example_task_group.py took 0.112 seconds
[2023-03-04T11:25:08.324+0000] {processor.py:153} INFO - Started process (PID=1670) to work on /home/airflow/.local/lib/python3.7/site-packages/airflow/example_dags/example_task_group.py
[2023-03-04T11:25:08.326+0000] {processor.py:743} INFO - Processing file /home/airflow/.local/lib/python3.7/site-packages/airflow/example_dags/example_task_group.py for tasks to queue
[2023-03-04T11:25:08.328+0000] {logging_mixin.py:137} INFO - [2023-03-04T11:25:08.328+0000] {dagbag.py:538} INFO - Filling up the DagBag from /home/airflow/.local/lib/python3.7/site-packages/airflow/example_dags/example_task_group.py
[2023-03-04T11:25:08.350+0000] {processor.py:753} INFO - DAG(s) dict_keys(['example_task_group']) retrieved from /home/airflow/.local/lib/python3.7/site-packages/airflow/example_dags/example_task_group.py
[2023-03-04T11:25:08.384+0000] {logging_mixin.py:137} INFO - [2023-03-04T11:25:08.384+0000] {dag.py:2690} INFO - Sync 1 DAGs
[2023-03-04T11:25:08.413+0000] {logging_mixin.py:137} INFO - [2023-03-04T11:25:08.413+0000] {dag.py:3441} INFO - Setting next_dagrun for example_task_group to 2023-03-03T11:25:08.413260+00:00, run_after=2023-03-04T11:25:08.413260+00:00
[2023-03-04T11:25:08.437+0000] {processor.py:175} INFO - Processing /home/airflow/.local/lib/python3.7/site-packages/airflow/example_dags/example_task_group.py took 0.117 seconds
