[2023-03-04T11:22:04.091+0000] {processor.py:153} INFO - Started process (PID=264) to work on /home/airflow/.local/lib/python3.7/site-packages/airflow/example_dags/example_nested_branch_dag.py
[2023-03-04T11:22:04.092+0000] {processor.py:743} INFO - Processing file /home/airflow/.local/lib/python3.7/site-packages/airflow/example_dags/example_nested_branch_dag.py for tasks to queue
[2023-03-04T11:22:04.095+0000] {logging_mixin.py:137} INFO - [2023-03-04T11:22:04.094+0000] {dagbag.py:538} INFO - Filling up the DagBag from /home/airflow/.local/lib/python3.7/site-packages/airflow/example_dags/example_nested_branch_dag.py
[2023-03-04T11:22:04.134+0000] {processor.py:753} INFO - DAG(s) dict_keys(['example_nested_branch_dag']) retrieved from /home/airflow/.local/lib/python3.7/site-packages/airflow/example_dags/example_nested_branch_dag.py
[2023-03-04T11:22:04.156+0000] {logging_mixin.py:137} INFO - [2023-03-04T11:22:04.155+0000] {dag.py:2690} INFO - Sync 1 DAGs
[2023-03-04T11:22:04.195+0000] {logging_mixin.py:137} INFO - [2023-03-04T11:22:04.195+0000] {dag.py:3441} INFO - Setting next_dagrun for example_nested_branch_dag to 2023-03-03T00:00:00+00:00, run_after=2023-03-04T00:00:00+00:00
[2023-03-04T11:22:04.231+0000] {processor.py:175} INFO - Processing /home/airflow/.local/lib/python3.7/site-packages/airflow/example_dags/example_nested_branch_dag.py took 0.145 seconds
[2023-03-04T11:22:34.978+0000] {processor.py:153} INFO - Started process (PID=500) to work on /home/airflow/.local/lib/python3.7/site-packages/airflow/example_dags/example_nested_branch_dag.py
[2023-03-04T11:22:34.979+0000] {processor.py:743} INFO - Processing file /home/airflow/.local/lib/python3.7/site-packages/airflow/example_dags/example_nested_branch_dag.py for tasks to queue
[2023-03-04T11:22:34.981+0000] {logging_mixin.py:137} INFO - [2023-03-04T11:22:34.981+0000] {dagbag.py:538} INFO - Filling up the DagBag from /home/airflow/.local/lib/python3.7/site-packages/airflow/example_dags/example_nested_branch_dag.py
[2023-03-04T11:22:35.013+0000] {processor.py:753} INFO - DAG(s) dict_keys(['example_nested_branch_dag']) retrieved from /home/airflow/.local/lib/python3.7/site-packages/airflow/example_dags/example_nested_branch_dag.py
[2023-03-04T11:22:35.044+0000] {logging_mixin.py:137} INFO - [2023-03-04T11:22:35.044+0000] {dag.py:2690} INFO - Sync 1 DAGs
[2023-03-04T11:22:35.085+0000] {logging_mixin.py:137} INFO - [2023-03-04T11:22:35.084+0000] {dag.py:3441} INFO - Setting next_dagrun for example_nested_branch_dag to 2023-03-03T00:00:00+00:00, run_after=2023-03-04T00:00:00+00:00
[2023-03-04T11:22:35.109+0000] {processor.py:175} INFO - Processing /home/airflow/.local/lib/python3.7/site-packages/airflow/example_dags/example_nested_branch_dag.py took 0.135 seconds
[2023-03-04T11:23:05.567+0000] {processor.py:153} INFO - Started process (PID=727) to work on /home/airflow/.local/lib/python3.7/site-packages/airflow/example_dags/example_nested_branch_dag.py
[2023-03-04T11:23:05.568+0000] {processor.py:743} INFO - Processing file /home/airflow/.local/lib/python3.7/site-packages/airflow/example_dags/example_nested_branch_dag.py for tasks to queue
[2023-03-04T11:23:05.569+0000] {logging_mixin.py:137} INFO - [2023-03-04T11:23:05.569+0000] {dagbag.py:538} INFO - Filling up the DagBag from /home/airflow/.local/lib/python3.7/site-packages/airflow/example_dags/example_nested_branch_dag.py
[2023-03-04T11:23:05.599+0000] {processor.py:753} INFO - DAG(s) dict_keys(['example_nested_branch_dag']) retrieved from /home/airflow/.local/lib/python3.7/site-packages/airflow/example_dags/example_nested_branch_dag.py
[2023-03-04T11:23:05.631+0000] {logging_mixin.py:137} INFO - [2023-03-04T11:23:05.630+0000] {dag.py:2690} INFO - Sync 1 DAGs
[2023-03-04T11:23:05.660+0000] {logging_mixin.py:137} INFO - [2023-03-04T11:23:05.660+0000] {dag.py:3441} INFO - Setting next_dagrun for example_nested_branch_dag to 2023-03-03T00:00:00+00:00, run_after=2023-03-04T00:00:00+00:00
[2023-03-04T11:23:05.682+0000] {processor.py:175} INFO - Processing /home/airflow/.local/lib/python3.7/site-packages/airflow/example_dags/example_nested_branch_dag.py took 0.119 seconds
[2023-03-04T11:23:36.389+0000] {processor.py:153} INFO - Started process (PID=975) to work on /home/airflow/.local/lib/python3.7/site-packages/airflow/example_dags/example_nested_branch_dag.py
[2023-03-04T11:23:36.390+0000] {processor.py:743} INFO - Processing file /home/airflow/.local/lib/python3.7/site-packages/airflow/example_dags/example_nested_branch_dag.py for tasks to queue
[2023-03-04T11:23:36.392+0000] {logging_mixin.py:137} INFO - [2023-03-04T11:23:36.392+0000] {dagbag.py:538} INFO - Filling up the DagBag from /home/airflow/.local/lib/python3.7/site-packages/airflow/example_dags/example_nested_branch_dag.py
[2023-03-04T11:23:36.431+0000] {processor.py:753} INFO - DAG(s) dict_keys(['example_nested_branch_dag']) retrieved from /home/airflow/.local/lib/python3.7/site-packages/airflow/example_dags/example_nested_branch_dag.py
[2023-03-04T11:23:36.476+0000] {logging_mixin.py:137} INFO - [2023-03-04T11:23:36.476+0000] {dag.py:2690} INFO - Sync 1 DAGs
[2023-03-04T11:23:36.531+0000] {logging_mixin.py:137} INFO - [2023-03-04T11:23:36.531+0000] {dag.py:3441} INFO - Setting next_dagrun for example_nested_branch_dag to 2023-03-03T00:00:00+00:00, run_after=2023-03-04T00:00:00+00:00
[2023-03-04T11:23:36.577+0000] {processor.py:175} INFO - Processing /home/airflow/.local/lib/python3.7/site-packages/airflow/example_dags/example_nested_branch_dag.py took 0.193 seconds
[2023-03-04T11:24:06.806+0000] {processor.py:153} INFO - Started process (PID=1202) to work on /home/airflow/.local/lib/python3.7/site-packages/airflow/example_dags/example_nested_branch_dag.py
[2023-03-04T11:24:06.808+0000] {processor.py:743} INFO - Processing file /home/airflow/.local/lib/python3.7/site-packages/airflow/example_dags/example_nested_branch_dag.py for tasks to queue
[2023-03-04T11:24:06.809+0000] {logging_mixin.py:137} INFO - [2023-03-04T11:24:06.809+0000] {dagbag.py:538} INFO - Filling up the DagBag from /home/airflow/.local/lib/python3.7/site-packages/airflow/example_dags/example_nested_branch_dag.py
[2023-03-04T11:24:06.841+0000] {processor.py:753} INFO - DAG(s) dict_keys(['example_nested_branch_dag']) retrieved from /home/airflow/.local/lib/python3.7/site-packages/airflow/example_dags/example_nested_branch_dag.py
[2023-03-04T11:24:06.875+0000] {logging_mixin.py:137} INFO - [2023-03-04T11:24:06.875+0000] {dag.py:2690} INFO - Sync 1 DAGs
[2023-03-04T11:24:06.906+0000] {logging_mixin.py:137} INFO - [2023-03-04T11:24:06.905+0000] {dag.py:3441} INFO - Setting next_dagrun for example_nested_branch_dag to 2023-03-03T00:00:00+00:00, run_after=2023-03-04T00:00:00+00:00
[2023-03-04T11:24:06.933+0000] {processor.py:175} INFO - Processing /home/airflow/.local/lib/python3.7/site-packages/airflow/example_dags/example_nested_branch_dag.py took 0.134 seconds
[2023-03-04T11:24:37.442+0000] {processor.py:153} INFO - Started process (PID=1441) to work on /home/airflow/.local/lib/python3.7/site-packages/airflow/example_dags/example_nested_branch_dag.py
[2023-03-04T11:24:37.443+0000] {processor.py:743} INFO - Processing file /home/airflow/.local/lib/python3.7/site-packages/airflow/example_dags/example_nested_branch_dag.py for tasks to queue
[2023-03-04T11:24:37.445+0000] {logging_mixin.py:137} INFO - [2023-03-04T11:24:37.445+0000] {dagbag.py:538} INFO - Filling up the DagBag from /home/airflow/.local/lib/python3.7/site-packages/airflow/example_dags/example_nested_branch_dag.py
[2023-03-04T11:24:37.476+0000] {processor.py:753} INFO - DAG(s) dict_keys(['example_nested_branch_dag']) retrieved from /home/airflow/.local/lib/python3.7/site-packages/airflow/example_dags/example_nested_branch_dag.py
[2023-03-04T11:24:37.508+0000] {logging_mixin.py:137} INFO - [2023-03-04T11:24:37.507+0000] {dag.py:2690} INFO - Sync 1 DAGs
[2023-03-04T11:24:37.540+0000] {logging_mixin.py:137} INFO - [2023-03-04T11:24:37.539+0000] {dag.py:3441} INFO - Setting next_dagrun for example_nested_branch_dag to 2023-03-03T00:00:00+00:00, run_after=2023-03-04T00:00:00+00:00
[2023-03-04T11:24:37.563+0000] {processor.py:175} INFO - Processing /home/airflow/.local/lib/python3.7/site-packages/airflow/example_dags/example_nested_branch_dag.py took 0.125 seconds
[2023-03-04T11:25:08.469+0000] {processor.py:153} INFO - Started process (PID=1675) to work on /home/airflow/.local/lib/python3.7/site-packages/airflow/example_dags/example_nested_branch_dag.py
[2023-03-04T11:25:08.470+0000] {processor.py:743} INFO - Processing file /home/airflow/.local/lib/python3.7/site-packages/airflow/example_dags/example_nested_branch_dag.py for tasks to queue
[2023-03-04T11:25:08.471+0000] {logging_mixin.py:137} INFO - [2023-03-04T11:25:08.471+0000] {dagbag.py:538} INFO - Filling up the DagBag from /home/airflow/.local/lib/python3.7/site-packages/airflow/example_dags/example_nested_branch_dag.py
[2023-03-04T11:25:08.501+0000] {processor.py:753} INFO - DAG(s) dict_keys(['example_nested_branch_dag']) retrieved from /home/airflow/.local/lib/python3.7/site-packages/airflow/example_dags/example_nested_branch_dag.py
[2023-03-04T11:25:08.533+0000] {logging_mixin.py:137} INFO - [2023-03-04T11:25:08.533+0000] {dag.py:2690} INFO - Sync 1 DAGs
[2023-03-04T11:25:08.566+0000] {logging_mixin.py:137} INFO - [2023-03-04T11:25:08.566+0000] {dag.py:3441} INFO - Setting next_dagrun for example_nested_branch_dag to 2023-03-03T00:00:00+00:00, run_after=2023-03-04T00:00:00+00:00
[2023-03-04T11:25:08.588+0000] {processor.py:175} INFO - Processing /home/airflow/.local/lib/python3.7/site-packages/airflow/example_dags/example_nested_branch_dag.py took 0.124 seconds
