[2023-03-04T11:22:05.876+0000] {processor.py:153} INFO - Started process (PID=343) to work on /home/airflow/.local/lib/python3.7/site-packages/airflow/example_dags/example_complex.py
[2023-03-04T11:22:05.879+0000] {processor.py:743} INFO - Processing file /home/airflow/.local/lib/python3.7/site-packages/airflow/example_dags/example_complex.py for tasks to queue
[2023-03-04T11:22:05.880+0000] {logging_mixin.py:137} INFO - [2023-03-04T11:22:05.880+0000] {dagbag.py:538} INFO - Filling up the DagBag from /home/airflow/.local/lib/python3.7/site-packages/airflow/example_dags/example_complex.py
[2023-03-04T11:22:05.905+0000] {logging_mixin.py:137} INFO - [2023-03-04T11:22:05.905+0000] {taskmixin.py:205} WARNING - Dependency <Task(BashOperator): create_entry_group>, delete_entry_group already registered for DAG: example_complex
[2023-03-04T11:22:05.906+0000] {logging_mixin.py:137} INFO - [2023-03-04T11:22:05.906+0000] {taskmixin.py:205} WARNING - Dependency <Task(BashOperator): delete_entry_group>, create_entry_group already registered for DAG: example_complex
[2023-03-04T11:22:05.907+0000] {logging_mixin.py:137} INFO - [2023-03-04T11:22:05.907+0000] {taskmixin.py:205} WARNING - Dependency <Task(BashOperator): create_entry_gcs>, delete_entry already registered for DAG: example_complex
[2023-03-04T11:22:05.908+0000] {logging_mixin.py:137} INFO - [2023-03-04T11:22:05.908+0000] {taskmixin.py:205} WARNING - Dependency <Task(BashOperator): delete_entry>, create_entry_gcs already registered for DAG: example_complex
[2023-03-04T11:22:05.910+0000] {logging_mixin.py:137} INFO - [2023-03-04T11:22:05.910+0000] {taskmixin.py:205} WARNING - Dependency <Task(BashOperator): create_tag>, delete_tag already registered for DAG: example_complex
[2023-03-04T11:22:05.911+0000] {logging_mixin.py:137} INFO - [2023-03-04T11:22:05.911+0000] {taskmixin.py:205} WARNING - Dependency <Task(BashOperator): delete_tag>, create_tag already registered for DAG: example_complex
[2023-03-04T11:22:05.921+0000] {processor.py:753} INFO - DAG(s) dict_keys(['example_complex']) retrieved from /home/airflow/.local/lib/python3.7/site-packages/airflow/example_dags/example_complex.py
[2023-03-04T11:22:05.939+0000] {logging_mixin.py:137} INFO - [2023-03-04T11:22:05.939+0000] {dag.py:2690} INFO - Sync 1 DAGs
[2023-03-04T11:22:05.986+0000] {logging_mixin.py:137} INFO - [2023-03-04T11:22:05.986+0000] {dag.py:3441} INFO - Setting next_dagrun for example_complex to None, run_after=None
[2023-03-04T11:22:06.014+0000] {processor.py:175} INFO - Processing /home/airflow/.local/lib/python3.7/site-packages/airflow/example_dags/example_complex.py took 0.143 seconds
[2023-03-04T11:22:36.318+0000] {processor.py:153} INFO - Started process (PID=572) to work on /home/airflow/.local/lib/python3.7/site-packages/airflow/example_dags/example_complex.py
[2023-03-04T11:22:36.320+0000] {processor.py:743} INFO - Processing file /home/airflow/.local/lib/python3.7/site-packages/airflow/example_dags/example_complex.py for tasks to queue
[2023-03-04T11:22:36.322+0000] {logging_mixin.py:137} INFO - [2023-03-04T11:22:36.321+0000] {dagbag.py:538} INFO - Filling up the DagBag from /home/airflow/.local/lib/python3.7/site-packages/airflow/example_dags/example_complex.py
[2023-03-04T11:22:36.336+0000] {logging_mixin.py:137} INFO - [2023-03-04T11:22:36.336+0000] {taskmixin.py:205} WARNING - Dependency <Task(BashOperator): create_entry_group>, delete_entry_group already registered for DAG: example_complex
[2023-03-04T11:22:36.337+0000] {logging_mixin.py:137} INFO - [2023-03-04T11:22:36.337+0000] {taskmixin.py:205} WARNING - Dependency <Task(BashOperator): delete_entry_group>, create_entry_group already registered for DAG: example_complex
[2023-03-04T11:22:36.338+0000] {logging_mixin.py:137} INFO - [2023-03-04T11:22:36.338+0000] {taskmixin.py:205} WARNING - Dependency <Task(BashOperator): create_entry_gcs>, delete_entry already registered for DAG: example_complex
[2023-03-04T11:22:36.339+0000] {logging_mixin.py:137} INFO - [2023-03-04T11:22:36.339+0000] {taskmixin.py:205} WARNING - Dependency <Task(BashOperator): delete_entry>, create_entry_gcs already registered for DAG: example_complex
[2023-03-04T11:22:36.340+0000] {logging_mixin.py:137} INFO - [2023-03-04T11:22:36.340+0000] {taskmixin.py:205} WARNING - Dependency <Task(BashOperator): create_tag>, delete_tag already registered for DAG: example_complex
[2023-03-04T11:22:36.341+0000] {logging_mixin.py:137} INFO - [2023-03-04T11:22:36.341+0000] {taskmixin.py:205} WARNING - Dependency <Task(BashOperator): delete_tag>, create_tag already registered for DAG: example_complex
[2023-03-04T11:22:36.349+0000] {processor.py:753} INFO - DAG(s) dict_keys(['example_complex']) retrieved from /home/airflow/.local/lib/python3.7/site-packages/airflow/example_dags/example_complex.py
[2023-03-04T11:22:36.389+0000] {logging_mixin.py:137} INFO - [2023-03-04T11:22:36.389+0000] {dag.py:2690} INFO - Sync 1 DAGs
[2023-03-04T11:22:36.418+0000] {logging_mixin.py:137} INFO - [2023-03-04T11:22:36.418+0000] {dag.py:3441} INFO - Setting next_dagrun for example_complex to None, run_after=None
[2023-03-04T11:22:36.440+0000] {processor.py:175} INFO - Processing /home/airflow/.local/lib/python3.7/site-packages/airflow/example_dags/example_complex.py took 0.126 seconds
[2023-03-04T11:23:06.675+0000] {processor.py:153} INFO - Started process (PID=799) to work on /home/airflow/.local/lib/python3.7/site-packages/airflow/example_dags/example_complex.py
[2023-03-04T11:23:06.676+0000] {processor.py:743} INFO - Processing file /home/airflow/.local/lib/python3.7/site-packages/airflow/example_dags/example_complex.py for tasks to queue
[2023-03-04T11:23:06.678+0000] {logging_mixin.py:137} INFO - [2023-03-04T11:23:06.678+0000] {dagbag.py:538} INFO - Filling up the DagBag from /home/airflow/.local/lib/python3.7/site-packages/airflow/example_dags/example_complex.py
[2023-03-04T11:23:06.691+0000] {logging_mixin.py:137} INFO - [2023-03-04T11:23:06.691+0000] {taskmixin.py:205} WARNING - Dependency <Task(BashOperator): create_entry_group>, delete_entry_group already registered for DAG: example_complex
[2023-03-04T11:23:06.692+0000] {logging_mixin.py:137} INFO - [2023-03-04T11:23:06.692+0000] {taskmixin.py:205} WARNING - Dependency <Task(BashOperator): delete_entry_group>, create_entry_group already registered for DAG: example_complex
[2023-03-04T11:23:06.693+0000] {logging_mixin.py:137} INFO - [2023-03-04T11:23:06.693+0000] {taskmixin.py:205} WARNING - Dependency <Task(BashOperator): create_entry_gcs>, delete_entry already registered for DAG: example_complex
[2023-03-04T11:23:06.694+0000] {logging_mixin.py:137} INFO - [2023-03-04T11:23:06.694+0000] {taskmixin.py:205} WARNING - Dependency <Task(BashOperator): delete_entry>, create_entry_gcs already registered for DAG: example_complex
[2023-03-04T11:23:06.695+0000] {logging_mixin.py:137} INFO - [2023-03-04T11:23:06.695+0000] {taskmixin.py:205} WARNING - Dependency <Task(BashOperator): create_tag>, delete_tag already registered for DAG: example_complex
[2023-03-04T11:23:06.696+0000] {logging_mixin.py:137} INFO - [2023-03-04T11:23:06.696+0000] {taskmixin.py:205} WARNING - Dependency <Task(BashOperator): delete_tag>, create_tag already registered for DAG: example_complex
[2023-03-04T11:23:06.705+0000] {processor.py:753} INFO - DAG(s) dict_keys(['example_complex']) retrieved from /home/airflow/.local/lib/python3.7/site-packages/airflow/example_dags/example_complex.py
[2023-03-04T11:23:06.740+0000] {logging_mixin.py:137} INFO - [2023-03-04T11:23:06.740+0000] {dag.py:2690} INFO - Sync 1 DAGs
[2023-03-04T11:23:06.768+0000] {logging_mixin.py:137} INFO - [2023-03-04T11:23:06.768+0000] {dag.py:3441} INFO - Setting next_dagrun for example_complex to None, run_after=None
[2023-03-04T11:23:06.789+0000] {processor.py:175} INFO - Processing /home/airflow/.local/lib/python3.7/site-packages/airflow/example_dags/example_complex.py took 0.118 seconds
[2023-03-04T11:23:37.741+0000] {processor.py:153} INFO - Started process (PID=1043) to work on /home/airflow/.local/lib/python3.7/site-packages/airflow/example_dags/example_complex.py
[2023-03-04T11:23:37.743+0000] {processor.py:743} INFO - Processing file /home/airflow/.local/lib/python3.7/site-packages/airflow/example_dags/example_complex.py for tasks to queue
[2023-03-04T11:23:37.745+0000] {logging_mixin.py:137} INFO - [2023-03-04T11:23:37.745+0000] {dagbag.py:538} INFO - Filling up the DagBag from /home/airflow/.local/lib/python3.7/site-packages/airflow/example_dags/example_complex.py
[2023-03-04T11:23:37.759+0000] {logging_mixin.py:137} INFO - [2023-03-04T11:23:37.759+0000] {taskmixin.py:205} WARNING - Dependency <Task(BashOperator): create_entry_group>, delete_entry_group already registered for DAG: example_complex
[2023-03-04T11:23:37.760+0000] {logging_mixin.py:137} INFO - [2023-03-04T11:23:37.760+0000] {taskmixin.py:205} WARNING - Dependency <Task(BashOperator): delete_entry_group>, create_entry_group already registered for DAG: example_complex
[2023-03-04T11:23:37.761+0000] {logging_mixin.py:137} INFO - [2023-03-04T11:23:37.761+0000] {taskmixin.py:205} WARNING - Dependency <Task(BashOperator): create_entry_gcs>, delete_entry already registered for DAG: example_complex
[2023-03-04T11:23:37.762+0000] {logging_mixin.py:137} INFO - [2023-03-04T11:23:37.762+0000] {taskmixin.py:205} WARNING - Dependency <Task(BashOperator): delete_entry>, create_entry_gcs already registered for DAG: example_complex
[2023-03-04T11:23:37.763+0000] {logging_mixin.py:137} INFO - [2023-03-04T11:23:37.763+0000] {taskmixin.py:205} WARNING - Dependency <Task(BashOperator): create_tag>, delete_tag already registered for DAG: example_complex
[2023-03-04T11:23:37.764+0000] {logging_mixin.py:137} INFO - [2023-03-04T11:23:37.764+0000] {taskmixin.py:205} WARNING - Dependency <Task(BashOperator): delete_tag>, create_tag already registered for DAG: example_complex
[2023-03-04T11:23:37.773+0000] {processor.py:753} INFO - DAG(s) dict_keys(['example_complex']) retrieved from /home/airflow/.local/lib/python3.7/site-packages/airflow/example_dags/example_complex.py
[2023-03-04T11:23:37.808+0000] {logging_mixin.py:137} INFO - [2023-03-04T11:23:37.808+0000] {dag.py:2690} INFO - Sync 1 DAGs
[2023-03-04T11:23:37.837+0000] {logging_mixin.py:137} INFO - [2023-03-04T11:23:37.837+0000] {dag.py:3441} INFO - Setting next_dagrun for example_complex to None, run_after=None
[2023-03-04T11:23:37.859+0000] {processor.py:175} INFO - Processing /home/airflow/.local/lib/python3.7/site-packages/airflow/example_dags/example_complex.py took 0.122 seconds
[2023-03-04T11:24:08.014+0000] {processor.py:153} INFO - Started process (PID=1274) to work on /home/airflow/.local/lib/python3.7/site-packages/airflow/example_dags/example_complex.py
[2023-03-04T11:24:08.015+0000] {processor.py:743} INFO - Processing file /home/airflow/.local/lib/python3.7/site-packages/airflow/example_dags/example_complex.py for tasks to queue
[2023-03-04T11:24:08.017+0000] {logging_mixin.py:137} INFO - [2023-03-04T11:24:08.016+0000] {dagbag.py:538} INFO - Filling up the DagBag from /home/airflow/.local/lib/python3.7/site-packages/airflow/example_dags/example_complex.py
[2023-03-04T11:24:08.040+0000] {logging_mixin.py:137} INFO - [2023-03-04T11:24:08.040+0000] {taskmixin.py:205} WARNING - Dependency <Task(BashOperator): create_entry_group>, delete_entry_group already registered for DAG: example_complex
[2023-03-04T11:24:08.045+0000] {logging_mixin.py:137} INFO - [2023-03-04T11:24:08.044+0000] {taskmixin.py:205} WARNING - Dependency <Task(BashOperator): delete_entry_group>, create_entry_group already registered for DAG: example_complex
[2023-03-04T11:24:08.047+0000] {logging_mixin.py:137} INFO - [2023-03-04T11:24:08.047+0000] {taskmixin.py:205} WARNING - Dependency <Task(BashOperator): create_entry_gcs>, delete_entry already registered for DAG: example_complex
[2023-03-04T11:24:08.049+0000] {logging_mixin.py:137} INFO - [2023-03-04T11:24:08.049+0000] {taskmixin.py:205} WARNING - Dependency <Task(BashOperator): delete_entry>, create_entry_gcs already registered for DAG: example_complex
[2023-03-04T11:24:08.050+0000] {logging_mixin.py:137} INFO - [2023-03-04T11:24:08.050+0000] {taskmixin.py:205} WARNING - Dependency <Task(BashOperator): create_tag>, delete_tag already registered for DAG: example_complex
[2023-03-04T11:24:08.052+0000] {logging_mixin.py:137} INFO - [2023-03-04T11:24:08.052+0000] {taskmixin.py:205} WARNING - Dependency <Task(BashOperator): delete_tag>, create_tag already registered for DAG: example_complex
[2023-03-04T11:24:08.062+0000] {processor.py:753} INFO - DAG(s) dict_keys(['example_complex']) retrieved from /home/airflow/.local/lib/python3.7/site-packages/airflow/example_dags/example_complex.py
[2023-03-04T11:24:08.099+0000] {logging_mixin.py:137} INFO - [2023-03-04T11:24:08.099+0000] {dag.py:2690} INFO - Sync 1 DAGs
[2023-03-04T11:24:08.129+0000] {logging_mixin.py:137} INFO - [2023-03-04T11:24:08.128+0000] {dag.py:3441} INFO - Setting next_dagrun for example_complex to None, run_after=None
[2023-03-04T11:24:08.153+0000] {processor.py:175} INFO - Processing /home/airflow/.local/lib/python3.7/site-packages/airflow/example_dags/example_complex.py took 0.144 seconds
[2023-03-04T11:24:39.001+0000] {processor.py:153} INFO - Started process (PID=1520) to work on /home/airflow/.local/lib/python3.7/site-packages/airflow/example_dags/example_complex.py
[2023-03-04T11:24:39.003+0000] {processor.py:743} INFO - Processing file /home/airflow/.local/lib/python3.7/site-packages/airflow/example_dags/example_complex.py for tasks to queue
[2023-03-04T11:24:39.005+0000] {logging_mixin.py:137} INFO - [2023-03-04T11:24:39.005+0000] {dagbag.py:538} INFO - Filling up the DagBag from /home/airflow/.local/lib/python3.7/site-packages/airflow/example_dags/example_complex.py
[2023-03-04T11:24:39.025+0000] {logging_mixin.py:137} INFO - [2023-03-04T11:24:39.024+0000] {taskmixin.py:205} WARNING - Dependency <Task(BashOperator): create_entry_group>, delete_entry_group already registered for DAG: example_complex
[2023-03-04T11:24:39.026+0000] {logging_mixin.py:137} INFO - [2023-03-04T11:24:39.026+0000] {taskmixin.py:205} WARNING - Dependency <Task(BashOperator): delete_entry_group>, create_entry_group already registered for DAG: example_complex
[2023-03-04T11:24:39.027+0000] {logging_mixin.py:137} INFO - [2023-03-04T11:24:39.027+0000] {taskmixin.py:205} WARNING - Dependency <Task(BashOperator): create_entry_gcs>, delete_entry already registered for DAG: example_complex
[2023-03-04T11:24:39.028+0000] {logging_mixin.py:137} INFO - [2023-03-04T11:24:39.028+0000] {taskmixin.py:205} WARNING - Dependency <Task(BashOperator): delete_entry>, create_entry_gcs already registered for DAG: example_complex
[2023-03-04T11:24:39.029+0000] {logging_mixin.py:137} INFO - [2023-03-04T11:24:39.029+0000] {taskmixin.py:205} WARNING - Dependency <Task(BashOperator): create_tag>, delete_tag already registered for DAG: example_complex
[2023-03-04T11:24:39.030+0000] {logging_mixin.py:137} INFO - [2023-03-04T11:24:39.030+0000] {taskmixin.py:205} WARNING - Dependency <Task(BashOperator): delete_tag>, create_tag already registered for DAG: example_complex
[2023-03-04T11:24:39.042+0000] {processor.py:753} INFO - DAG(s) dict_keys(['example_complex']) retrieved from /home/airflow/.local/lib/python3.7/site-packages/airflow/example_dags/example_complex.py
[2023-03-04T11:24:39.099+0000] {logging_mixin.py:137} INFO - [2023-03-04T11:24:39.098+0000] {dag.py:2690} INFO - Sync 1 DAGs
[2023-03-04T11:24:39.149+0000] {logging_mixin.py:137} INFO - [2023-03-04T11:24:39.148+0000] {dag.py:3441} INFO - Setting next_dagrun for example_complex to None, run_after=None
[2023-03-04T11:24:39.185+0000] {processor.py:175} INFO - Processing /home/airflow/.local/lib/python3.7/site-packages/airflow/example_dags/example_complex.py took 0.189 seconds
[2023-03-04T11:25:09.586+0000] {processor.py:153} INFO - Started process (PID=1747) to work on /home/airflow/.local/lib/python3.7/site-packages/airflow/example_dags/example_complex.py
[2023-03-04T11:25:09.588+0000] {processor.py:743} INFO - Processing file /home/airflow/.local/lib/python3.7/site-packages/airflow/example_dags/example_complex.py for tasks to queue
[2023-03-04T11:25:09.589+0000] {logging_mixin.py:137} INFO - [2023-03-04T11:25:09.589+0000] {dagbag.py:538} INFO - Filling up the DagBag from /home/airflow/.local/lib/python3.7/site-packages/airflow/example_dags/example_complex.py
[2023-03-04T11:25:09.604+0000] {logging_mixin.py:137} INFO - [2023-03-04T11:25:09.604+0000] {taskmixin.py:205} WARNING - Dependency <Task(BashOperator): create_entry_group>, delete_entry_group already registered for DAG: example_complex
[2023-03-04T11:25:09.605+0000] {logging_mixin.py:137} INFO - [2023-03-04T11:25:09.605+0000] {taskmixin.py:205} WARNING - Dependency <Task(BashOperator): delete_entry_group>, create_entry_group already registered for DAG: example_complex
[2023-03-04T11:25:09.606+0000] {logging_mixin.py:137} INFO - [2023-03-04T11:25:09.606+0000] {taskmixin.py:205} WARNING - Dependency <Task(BashOperator): create_entry_gcs>, delete_entry already registered for DAG: example_complex
[2023-03-04T11:25:09.606+0000] {logging_mixin.py:137} INFO - [2023-03-04T11:25:09.606+0000] {taskmixin.py:205} WARNING - Dependency <Task(BashOperator): delete_entry>, create_entry_gcs already registered for DAG: example_complex
[2023-03-04T11:25:09.607+0000] {logging_mixin.py:137} INFO - [2023-03-04T11:25:09.607+0000] {taskmixin.py:205} WARNING - Dependency <Task(BashOperator): create_tag>, delete_tag already registered for DAG: example_complex
[2023-03-04T11:25:09.608+0000] {logging_mixin.py:137} INFO - [2023-03-04T11:25:09.608+0000] {taskmixin.py:205} WARNING - Dependency <Task(BashOperator): delete_tag>, create_tag already registered for DAG: example_complex
[2023-03-04T11:25:09.617+0000] {processor.py:753} INFO - DAG(s) dict_keys(['example_complex']) retrieved from /home/airflow/.local/lib/python3.7/site-packages/airflow/example_dags/example_complex.py
[2023-03-04T11:25:09.655+0000] {logging_mixin.py:137} INFO - [2023-03-04T11:25:09.655+0000] {dag.py:2690} INFO - Sync 1 DAGs
[2023-03-04T11:25:09.684+0000] {logging_mixin.py:137} INFO - [2023-03-04T11:25:09.684+0000] {dag.py:3441} INFO - Setting next_dagrun for example_complex to None, run_after=None
[2023-03-04T11:25:09.708+0000] {processor.py:175} INFO - Processing /home/airflow/.local/lib/python3.7/site-packages/airflow/example_dags/example_complex.py took 0.124 seconds
