[2023-03-04T11:22:05.201+0000] {processor.py:153} INFO - Started process (PID=309) to work on /home/airflow/.local/lib/python3.7/site-packages/airflow/example_dags/example_latest_only_with_trigger.py
[2023-03-04T11:22:05.203+0000] {processor.py:743} INFO - Processing file /home/airflow/.local/lib/python3.7/site-packages/airflow/example_dags/example_latest_only_with_trigger.py for tasks to queue
[2023-03-04T11:22:05.205+0000] {logging_mixin.py:137} INFO - [2023-03-04T11:22:05.204+0000] {dagbag.py:538} INFO - Filling up the DagBag from /home/airflow/.local/lib/python3.7/site-packages/airflow/example_dags/example_latest_only_with_trigger.py
[2023-03-04T11:22:05.234+0000] {processor.py:753} INFO - DAG(s) dict_keys(['latest_only_with_trigger']) retrieved from /home/airflow/.local/lib/python3.7/site-packages/airflow/example_dags/example_latest_only_with_trigger.py
[2023-03-04T11:22:05.252+0000] {logging_mixin.py:137} INFO - [2023-03-04T11:22:05.251+0000] {dag.py:2690} INFO - Sync 1 DAGs
[2023-03-04T11:22:05.288+0000] {logging_mixin.py:137} INFO - [2023-03-04T11:22:05.288+0000] {dag.py:3441} INFO - Setting next_dagrun for latest_only_with_trigger to 2023-03-04T07:22:05.288305+00:00, run_after=2023-03-04T11:22:05.288305+00:00
[2023-03-04T11:22:05.328+0000] {processor.py:175} INFO - Processing /home/airflow/.local/lib/python3.7/site-packages/airflow/example_dags/example_latest_only_with_trigger.py took 0.132 seconds
[2023-03-04T11:22:35.757+0000] {processor.py:153} INFO - Started process (PID=545) to work on /home/airflow/.local/lib/python3.7/site-packages/airflow/example_dags/example_latest_only_with_trigger.py
[2023-03-04T11:22:35.758+0000] {processor.py:743} INFO - Processing file /home/airflow/.local/lib/python3.7/site-packages/airflow/example_dags/example_latest_only_with_trigger.py for tasks to queue
[2023-03-04T11:22:35.760+0000] {logging_mixin.py:137} INFO - [2023-03-04T11:22:35.760+0000] {dagbag.py:538} INFO - Filling up the DagBag from /home/airflow/.local/lib/python3.7/site-packages/airflow/example_dags/example_latest_only_with_trigger.py
[2023-03-04T11:22:35.778+0000] {processor.py:753} INFO - DAG(s) dict_keys(['latest_only_with_trigger']) retrieved from /home/airflow/.local/lib/python3.7/site-packages/airflow/example_dags/example_latest_only_with_trigger.py
[2023-03-04T11:22:35.809+0000] {logging_mixin.py:137} INFO - [2023-03-04T11:22:35.809+0000] {dag.py:2690} INFO - Sync 1 DAGs
[2023-03-04T11:22:35.839+0000] {logging_mixin.py:137} INFO - [2023-03-04T11:22:35.839+0000] {dag.py:3441} INFO - Setting next_dagrun for latest_only_with_trigger to 2023-03-04T07:22:35.839033+00:00, run_after=2023-03-04T11:22:35.839033+00:00
[2023-03-04T11:22:35.861+0000] {processor.py:175} INFO - Processing /home/airflow/.local/lib/python3.7/site-packages/airflow/example_dags/example_latest_only_with_trigger.py took 0.108 seconds
[2023-03-04T11:23:06.257+0000] {processor.py:153} INFO - Started process (PID=772) to work on /home/airflow/.local/lib/python3.7/site-packages/airflow/example_dags/example_latest_only_with_trigger.py
[2023-03-04T11:23:06.260+0000] {processor.py:743} INFO - Processing file /home/airflow/.local/lib/python3.7/site-packages/airflow/example_dags/example_latest_only_with_trigger.py for tasks to queue
[2023-03-04T11:23:06.262+0000] {logging_mixin.py:137} INFO - [2023-03-04T11:23:06.262+0000] {dagbag.py:538} INFO - Filling up the DagBag from /home/airflow/.local/lib/python3.7/site-packages/airflow/example_dags/example_latest_only_with_trigger.py
[2023-03-04T11:23:06.279+0000] {processor.py:753} INFO - DAG(s) dict_keys(['latest_only_with_trigger']) retrieved from /home/airflow/.local/lib/python3.7/site-packages/airflow/example_dags/example_latest_only_with_trigger.py
[2023-03-04T11:23:06.310+0000] {logging_mixin.py:137} INFO - [2023-03-04T11:23:06.310+0000] {dag.py:2690} INFO - Sync 1 DAGs
[2023-03-04T11:23:06.339+0000] {logging_mixin.py:137} INFO - [2023-03-04T11:23:06.339+0000] {dag.py:3441} INFO - Setting next_dagrun for latest_only_with_trigger to 2023-03-04T07:23:06.338814+00:00, run_after=2023-03-04T11:23:06.338814+00:00
[2023-03-04T11:23:06.362+0000] {processor.py:175} INFO - Processing /home/airflow/.local/lib/python3.7/site-packages/airflow/example_dags/example_latest_only_with_trigger.py took 0.109 seconds
[2023-03-04T11:23:37.375+0000] {processor.py:153} INFO - Started process (PID=1020) to work on /home/airflow/.local/lib/python3.7/site-packages/airflow/example_dags/example_latest_only_with_trigger.py
[2023-03-04T11:23:37.376+0000] {processor.py:743} INFO - Processing file /home/airflow/.local/lib/python3.7/site-packages/airflow/example_dags/example_latest_only_with_trigger.py for tasks to queue
[2023-03-04T11:23:37.378+0000] {logging_mixin.py:137} INFO - [2023-03-04T11:23:37.377+0000] {dagbag.py:538} INFO - Filling up the DagBag from /home/airflow/.local/lib/python3.7/site-packages/airflow/example_dags/example_latest_only_with_trigger.py
[2023-03-04T11:23:37.395+0000] {processor.py:753} INFO - DAG(s) dict_keys(['latest_only_with_trigger']) retrieved from /home/airflow/.local/lib/python3.7/site-packages/airflow/example_dags/example_latest_only_with_trigger.py
[2023-03-04T11:23:37.425+0000] {logging_mixin.py:137} INFO - [2023-03-04T11:23:37.425+0000] {dag.py:2690} INFO - Sync 1 DAGs
[2023-03-04T11:23:37.455+0000] {logging_mixin.py:137} INFO - [2023-03-04T11:23:37.455+0000] {dag.py:3441} INFO - Setting next_dagrun for latest_only_with_trigger to 2023-03-04T07:23:37.454910+00:00, run_after=2023-03-04T11:23:37.454910+00:00
[2023-03-04T11:23:37.477+0000] {processor.py:175} INFO - Processing /home/airflow/.local/lib/python3.7/site-packages/airflow/example_dags/example_latest_only_with_trigger.py took 0.106 seconds
[2023-03-04T11:24:07.551+0000] {processor.py:153} INFO - Started process (PID=1247) to work on /home/airflow/.local/lib/python3.7/site-packages/airflow/example_dags/example_latest_only_with_trigger.py
[2023-03-04T11:24:07.552+0000] {processor.py:743} INFO - Processing file /home/airflow/.local/lib/python3.7/site-packages/airflow/example_dags/example_latest_only_with_trigger.py for tasks to queue
[2023-03-04T11:24:07.554+0000] {logging_mixin.py:137} INFO - [2023-03-04T11:24:07.553+0000] {dagbag.py:538} INFO - Filling up the DagBag from /home/airflow/.local/lib/python3.7/site-packages/airflow/example_dags/example_latest_only_with_trigger.py
[2023-03-04T11:24:07.579+0000] {processor.py:753} INFO - DAG(s) dict_keys(['latest_only_with_trigger']) retrieved from /home/airflow/.local/lib/python3.7/site-packages/airflow/example_dags/example_latest_only_with_trigger.py
[2023-03-04T11:24:07.611+0000] {logging_mixin.py:137} INFO - [2023-03-04T11:24:07.610+0000] {dag.py:2690} INFO - Sync 1 DAGs
[2023-03-04T11:24:07.642+0000] {logging_mixin.py:137} INFO - [2023-03-04T11:24:07.641+0000] {dag.py:3441} INFO - Setting next_dagrun for latest_only_with_trigger to 2023-03-04T07:24:07.641413+00:00, run_after=2023-03-04T11:24:07.641413+00:00
[2023-03-04T11:24:07.669+0000] {processor.py:175} INFO - Processing /home/airflow/.local/lib/python3.7/site-packages/airflow/example_dags/example_latest_only_with_trigger.py took 0.122 seconds
[2023-03-04T11:24:38.357+0000] {processor.py:153} INFO - Started process (PID=1493) to work on /home/airflow/.local/lib/python3.7/site-packages/airflow/example_dags/example_latest_only_with_trigger.py
[2023-03-04T11:24:38.359+0000] {processor.py:743} INFO - Processing file /home/airflow/.local/lib/python3.7/site-packages/airflow/example_dags/example_latest_only_with_trigger.py for tasks to queue
[2023-03-04T11:24:38.361+0000] {logging_mixin.py:137} INFO - [2023-03-04T11:24:38.361+0000] {dagbag.py:538} INFO - Filling up the DagBag from /home/airflow/.local/lib/python3.7/site-packages/airflow/example_dags/example_latest_only_with_trigger.py
[2023-03-04T11:24:38.382+0000] {processor.py:753} INFO - DAG(s) dict_keys(['latest_only_with_trigger']) retrieved from /home/airflow/.local/lib/python3.7/site-packages/airflow/example_dags/example_latest_only_with_trigger.py
[2023-03-04T11:24:38.434+0000] {logging_mixin.py:137} INFO - [2023-03-04T11:24:38.434+0000] {dag.py:2690} INFO - Sync 1 DAGs
[2023-03-04T11:24:38.467+0000] {logging_mixin.py:137} INFO - [2023-03-04T11:24:38.467+0000] {dag.py:3441} INFO - Setting next_dagrun for latest_only_with_trigger to 2023-03-04T07:24:38.467398+00:00, run_after=2023-03-04T11:24:38.467398+00:00
[2023-03-04T11:24:38.497+0000] {processor.py:175} INFO - Processing /home/airflow/.local/lib/python3.7/site-packages/airflow/example_dags/example_latest_only_with_trigger.py took 0.145 seconds
[2023-03-04T11:25:09.152+0000] {processor.py:153} INFO - Started process (PID=1720) to work on /home/airflow/.local/lib/python3.7/site-packages/airflow/example_dags/example_latest_only_with_trigger.py
[2023-03-04T11:25:09.154+0000] {processor.py:743} INFO - Processing file /home/airflow/.local/lib/python3.7/site-packages/airflow/example_dags/example_latest_only_with_trigger.py for tasks to queue
[2023-03-04T11:25:09.155+0000] {logging_mixin.py:137} INFO - [2023-03-04T11:25:09.155+0000] {dagbag.py:538} INFO - Filling up the DagBag from /home/airflow/.local/lib/python3.7/site-packages/airflow/example_dags/example_latest_only_with_trigger.py
[2023-03-04T11:25:09.173+0000] {processor.py:753} INFO - DAG(s) dict_keys(['latest_only_with_trigger']) retrieved from /home/airflow/.local/lib/python3.7/site-packages/airflow/example_dags/example_latest_only_with_trigger.py
[2023-03-04T11:25:09.204+0000] {logging_mixin.py:137} INFO - [2023-03-04T11:25:09.204+0000] {dag.py:2690} INFO - Sync 1 DAGs
[2023-03-04T11:25:09.235+0000] {logging_mixin.py:137} INFO - [2023-03-04T11:25:09.235+0000] {dag.py:3441} INFO - Setting next_dagrun for latest_only_with_trigger to 2023-03-04T07:25:09.234921+00:00, run_after=2023-03-04T11:25:09.234921+00:00
[2023-03-04T11:25:09.259+0000] {processor.py:175} INFO - Processing /home/airflow/.local/lib/python3.7/site-packages/airflow/example_dags/example_latest_only_with_trigger.py took 0.110 seconds
