[2023-03-04T11:22:06.060+0000] {processor.py:153} INFO - Started process (PID=351) to work on /home/airflow/.local/lib/python3.7/site-packages/airflow/example_dags/example_skip_dag.py
[2023-03-04T11:22:06.062+0000] {processor.py:743} INFO - Processing file /home/airflow/.local/lib/python3.7/site-packages/airflow/example_dags/example_skip_dag.py for tasks to queue
[2023-03-04T11:22:06.063+0000] {logging_mixin.py:137} INFO - [2023-03-04T11:22:06.063+0000] {dagbag.py:538} INFO - Filling up the DagBag from /home/airflow/.local/lib/python3.7/site-packages/airflow/example_dags/example_skip_dag.py
[2023-03-04T11:22:06.084+0000] {processor.py:753} INFO - DAG(s) dict_keys(['example_skip_dag']) retrieved from /home/airflow/.local/lib/python3.7/site-packages/airflow/example_dags/example_skip_dag.py
[2023-03-04T11:22:06.119+0000] {logging_mixin.py:137} INFO - [2023-03-04T11:22:06.119+0000] {dag.py:2690} INFO - Sync 1 DAGs
[2023-03-04T11:22:06.175+0000] {logging_mixin.py:137} INFO - [2023-03-04T11:22:06.175+0000] {dag.py:3441} INFO - Setting next_dagrun for example_skip_dag to 2023-03-03T11:22:06.175124+00:00, run_after=2023-03-04T11:22:06.175124+00:00
[2023-03-04T11:22:06.228+0000] {processor.py:175} INFO - Processing /home/airflow/.local/lib/python3.7/site-packages/airflow/example_dags/example_skip_dag.py took 0.173 seconds
[2023-03-04T11:22:36.470+0000] {processor.py:153} INFO - Started process (PID=582) to work on /home/airflow/.local/lib/python3.7/site-packages/airflow/example_dags/example_skip_dag.py
[2023-03-04T11:22:36.472+0000] {processor.py:743} INFO - Processing file /home/airflow/.local/lib/python3.7/site-packages/airflow/example_dags/example_skip_dag.py for tasks to queue
[2023-03-04T11:22:36.474+0000] {logging_mixin.py:137} INFO - [2023-03-04T11:22:36.474+0000] {dagbag.py:538} INFO - Filling up the DagBag from /home/airflow/.local/lib/python3.7/site-packages/airflow/example_dags/example_skip_dag.py
[2023-03-04T11:22:36.491+0000] {processor.py:753} INFO - DAG(s) dict_keys(['example_skip_dag']) retrieved from /home/airflow/.local/lib/python3.7/site-packages/airflow/example_dags/example_skip_dag.py
[2023-03-04T11:22:36.521+0000] {logging_mixin.py:137} INFO - [2023-03-04T11:22:36.521+0000] {dag.py:2690} INFO - Sync 1 DAGs
[2023-03-04T11:22:36.550+0000] {logging_mixin.py:137} INFO - [2023-03-04T11:22:36.550+0000] {dag.py:3441} INFO - Setting next_dagrun for example_skip_dag to 2023-03-03T11:22:36.550019+00:00, run_after=2023-03-04T11:22:36.550019+00:00
[2023-03-04T11:22:36.572+0000] {processor.py:175} INFO - Processing /home/airflow/.local/lib/python3.7/site-packages/airflow/example_dags/example_skip_dag.py took 0.106 seconds
[2023-03-04T11:23:06.825+0000] {processor.py:153} INFO - Started process (PID=809) to work on /home/airflow/.local/lib/python3.7/site-packages/airflow/example_dags/example_skip_dag.py
[2023-03-04T11:23:06.827+0000] {processor.py:743} INFO - Processing file /home/airflow/.local/lib/python3.7/site-packages/airflow/example_dags/example_skip_dag.py for tasks to queue
[2023-03-04T11:23:06.828+0000] {logging_mixin.py:137} INFO - [2023-03-04T11:23:06.828+0000] {dagbag.py:538} INFO - Filling up the DagBag from /home/airflow/.local/lib/python3.7/site-packages/airflow/example_dags/example_skip_dag.py
[2023-03-04T11:23:06.845+0000] {processor.py:753} INFO - DAG(s) dict_keys(['example_skip_dag']) retrieved from /home/airflow/.local/lib/python3.7/site-packages/airflow/example_dags/example_skip_dag.py
[2023-03-04T11:23:06.875+0000] {logging_mixin.py:137} INFO - [2023-03-04T11:23:06.874+0000] {dag.py:2690} INFO - Sync 1 DAGs
[2023-03-04T11:23:06.903+0000] {logging_mixin.py:137} INFO - [2023-03-04T11:23:06.903+0000] {dag.py:3441} INFO - Setting next_dagrun for example_skip_dag to 2023-03-03T11:23:06.903442+00:00, run_after=2023-03-04T11:23:06.903442+00:00
[2023-03-04T11:23:06.926+0000] {processor.py:175} INFO - Processing /home/airflow/.local/lib/python3.7/site-packages/airflow/example_dags/example_skip_dag.py took 0.104 seconds
[2023-03-04T11:23:37.892+0000] {processor.py:153} INFO - Started process (PID=1053) to work on /home/airflow/.local/lib/python3.7/site-packages/airflow/example_dags/example_skip_dag.py
[2023-03-04T11:23:37.894+0000] {processor.py:743} INFO - Processing file /home/airflow/.local/lib/python3.7/site-packages/airflow/example_dags/example_skip_dag.py for tasks to queue
[2023-03-04T11:23:37.895+0000] {logging_mixin.py:137} INFO - [2023-03-04T11:23:37.895+0000] {dagbag.py:538} INFO - Filling up the DagBag from /home/airflow/.local/lib/python3.7/site-packages/airflow/example_dags/example_skip_dag.py
[2023-03-04T11:23:37.913+0000] {processor.py:753} INFO - DAG(s) dict_keys(['example_skip_dag']) retrieved from /home/airflow/.local/lib/python3.7/site-packages/airflow/example_dags/example_skip_dag.py
[2023-03-04T11:23:37.944+0000] {logging_mixin.py:137} INFO - [2023-03-04T11:23:37.944+0000] {dag.py:2690} INFO - Sync 1 DAGs
[2023-03-04T11:23:37.972+0000] {logging_mixin.py:137} INFO - [2023-03-04T11:23:37.972+0000] {dag.py:3441} INFO - Setting next_dagrun for example_skip_dag to 2023-03-03T11:23:37.972385+00:00, run_after=2023-03-04T11:23:37.972385+00:00
[2023-03-04T11:23:37.995+0000] {processor.py:175} INFO - Processing /home/airflow/.local/lib/python3.7/site-packages/airflow/example_dags/example_skip_dag.py took 0.107 seconds
[2023-03-04T11:24:08.328+0000] {processor.py:153} INFO - Started process (PID=1284) to work on /home/airflow/.local/lib/python3.7/site-packages/airflow/example_dags/example_skip_dag.py
[2023-03-04T11:24:08.329+0000] {processor.py:743} INFO - Processing file /home/airflow/.local/lib/python3.7/site-packages/airflow/example_dags/example_skip_dag.py for tasks to queue
[2023-03-04T11:24:08.330+0000] {logging_mixin.py:137} INFO - [2023-03-04T11:24:08.330+0000] {dagbag.py:538} INFO - Filling up the DagBag from /home/airflow/.local/lib/python3.7/site-packages/airflow/example_dags/example_skip_dag.py
[2023-03-04T11:24:08.348+0000] {processor.py:753} INFO - DAG(s) dict_keys(['example_skip_dag']) retrieved from /home/airflow/.local/lib/python3.7/site-packages/airflow/example_dags/example_skip_dag.py
[2023-03-04T11:24:08.379+0000] {logging_mixin.py:137} INFO - [2023-03-04T11:24:08.379+0000] {dag.py:2690} INFO - Sync 1 DAGs
[2023-03-04T11:24:08.409+0000] {logging_mixin.py:137} INFO - [2023-03-04T11:24:08.409+0000] {dag.py:3441} INFO - Setting next_dagrun for example_skip_dag to 2023-03-03T11:24:08.409092+00:00, run_after=2023-03-04T11:24:08.409092+00:00
[2023-03-04T11:24:08.433+0000] {processor.py:175} INFO - Processing /home/airflow/.local/lib/python3.7/site-packages/airflow/example_dags/example_skip_dag.py took 0.109 seconds
[2023-03-04T11:24:39.239+0000] {processor.py:153} INFO - Started process (PID=1528) to work on /home/airflow/.local/lib/python3.7/site-packages/airflow/example_dags/example_skip_dag.py
[2023-03-04T11:24:39.241+0000] {processor.py:743} INFO - Processing file /home/airflow/.local/lib/python3.7/site-packages/airflow/example_dags/example_skip_dag.py for tasks to queue
[2023-03-04T11:24:39.243+0000] {logging_mixin.py:137} INFO - [2023-03-04T11:24:39.243+0000] {dagbag.py:538} INFO - Filling up the DagBag from /home/airflow/.local/lib/python3.7/site-packages/airflow/example_dags/example_skip_dag.py
[2023-03-04T11:24:39.266+0000] {processor.py:753} INFO - DAG(s) dict_keys(['example_skip_dag']) retrieved from /home/airflow/.local/lib/python3.7/site-packages/airflow/example_dags/example_skip_dag.py
[2023-03-04T11:24:39.308+0000] {logging_mixin.py:137} INFO - [2023-03-04T11:24:39.307+0000] {dag.py:2690} INFO - Sync 1 DAGs
[2023-03-04T11:24:39.347+0000] {logging_mixin.py:137} INFO - [2023-03-04T11:24:39.346+0000] {dag.py:3441} INFO - Setting next_dagrun for example_skip_dag to 2023-03-03T11:24:39.346286+00:00, run_after=2023-03-04T11:24:39.346286+00:00
[2023-03-04T11:24:39.378+0000] {processor.py:175} INFO - Processing /home/airflow/.local/lib/python3.7/site-packages/airflow/example_dags/example_skip_dag.py took 0.144 seconds
[2023-03-04T11:25:09.741+0000] {processor.py:153} INFO - Started process (PID=1757) to work on /home/airflow/.local/lib/python3.7/site-packages/airflow/example_dags/example_skip_dag.py
[2023-03-04T11:25:09.743+0000] {processor.py:743} INFO - Processing file /home/airflow/.local/lib/python3.7/site-packages/airflow/example_dags/example_skip_dag.py for tasks to queue
[2023-03-04T11:25:09.744+0000] {logging_mixin.py:137} INFO - [2023-03-04T11:25:09.744+0000] {dagbag.py:538} INFO - Filling up the DagBag from /home/airflow/.local/lib/python3.7/site-packages/airflow/example_dags/example_skip_dag.py
[2023-03-04T11:25:09.761+0000] {processor.py:753} INFO - DAG(s) dict_keys(['example_skip_dag']) retrieved from /home/airflow/.local/lib/python3.7/site-packages/airflow/example_dags/example_skip_dag.py
[2023-03-04T11:25:09.792+0000] {logging_mixin.py:137} INFO - [2023-03-04T11:25:09.792+0000] {dag.py:2690} INFO - Sync 1 DAGs
[2023-03-04T11:25:09.823+0000] {logging_mixin.py:137} INFO - [2023-03-04T11:25:09.823+0000] {dag.py:3441} INFO - Setting next_dagrun for example_skip_dag to 2023-03-03T11:25:09.822720+00:00, run_after=2023-03-04T11:25:09.822720+00:00
[2023-03-04T11:25:09.847+0000] {processor.py:175} INFO - Processing /home/airflow/.local/lib/python3.7/site-packages/airflow/example_dags/example_skip_dag.py took 0.110 seconds
