[2023-03-04T11:22:02.455+0000] {processor.py:153} INFO - Started process (PID=173) to work on /home/airflow/.local/lib/python3.7/site-packages/airflow/example_dags/example_sla_dag.py
[2023-03-04T11:22:02.456+0000] {processor.py:743} INFO - Processing file /home/airflow/.local/lib/python3.7/site-packages/airflow/example_dags/example_sla_dag.py for tasks to queue
[2023-03-04T11:22:02.458+0000] {logging_mixin.py:137} INFO - [2023-03-04T11:22:02.458+0000] {dagbag.py:538} INFO - Filling up the DagBag from /home/airflow/.local/lib/python3.7/site-packages/airflow/example_dags/example_sla_dag.py
[2023-03-04T11:22:02.514+0000] {processor.py:753} INFO - DAG(s) dict_keys(['example_sla_dag']) retrieved from /home/airflow/.local/lib/python3.7/site-packages/airflow/example_dags/example_sla_dag.py
[2023-03-04T11:22:02.546+0000] {logging_mixin.py:137} INFO - [2023-03-04T11:22:02.545+0000] {dag.py:2690} INFO - Sync 1 DAGs
[2023-03-04T11:22:02.580+0000] {logging_mixin.py:137} INFO - [2023-03-04T11:22:02.580+0000] {dag.py:3441} INFO - Setting next_dagrun for example_sla_dag to 2023-03-04T11:20:00+00:00, run_after=2023-03-04T11:22:00+00:00
[2023-03-04T11:22:02.611+0000] {processor.py:175} INFO - Processing /home/airflow/.local/lib/python3.7/site-packages/airflow/example_dags/example_sla_dag.py took 0.160 seconds
[2023-03-04T11:22:32.918+0000] {processor.py:153} INFO - Started process (PID=413) to work on /home/airflow/.local/lib/python3.7/site-packages/airflow/example_dags/example_sla_dag.py
[2023-03-04T11:22:32.919+0000] {processor.py:743} INFO - Processing file /home/airflow/.local/lib/python3.7/site-packages/airflow/example_dags/example_sla_dag.py for tasks to queue
[2023-03-04T11:22:32.921+0000] {logging_mixin.py:137} INFO - [2023-03-04T11:22:32.920+0000] {dagbag.py:538} INFO - Filling up the DagBag from /home/airflow/.local/lib/python3.7/site-packages/airflow/example_dags/example_sla_dag.py
[2023-03-04T11:22:32.986+0000] {processor.py:753} INFO - DAG(s) dict_keys(['example_sla_dag']) retrieved from /home/airflow/.local/lib/python3.7/site-packages/airflow/example_dags/example_sla_dag.py
[2023-03-04T11:22:33.019+0000] {logging_mixin.py:137} INFO - [2023-03-04T11:22:33.019+0000] {dag.py:2690} INFO - Sync 1 DAGs
[2023-03-04T11:22:33.056+0000] {logging_mixin.py:137} INFO - [2023-03-04T11:22:33.056+0000] {dag.py:3441} INFO - Setting next_dagrun for example_sla_dag to 2023-03-04T11:20:00+00:00, run_after=2023-03-04T11:22:00+00:00
[2023-03-04T11:22:33.082+0000] {processor.py:175} INFO - Processing /home/airflow/.local/lib/python3.7/site-packages/airflow/example_dags/example_sla_dag.py took 0.169 seconds
[2023-03-04T11:23:04.106+0000] {processor.py:153} INFO - Started process (PID=647) to work on /home/airflow/.local/lib/python3.7/site-packages/airflow/example_dags/example_sla_dag.py
[2023-03-04T11:23:04.108+0000] {processor.py:743} INFO - Processing file /home/airflow/.local/lib/python3.7/site-packages/airflow/example_dags/example_sla_dag.py for tasks to queue
[2023-03-04T11:23:04.109+0000] {logging_mixin.py:137} INFO - [2023-03-04T11:23:04.109+0000] {dagbag.py:538} INFO - Filling up the DagBag from /home/airflow/.local/lib/python3.7/site-packages/airflow/example_dags/example_sla_dag.py
[2023-03-04T11:23:04.139+0000] {processor.py:753} INFO - DAG(s) dict_keys(['example_sla_dag']) retrieved from /home/airflow/.local/lib/python3.7/site-packages/airflow/example_dags/example_sla_dag.py
[2023-03-04T11:23:04.168+0000] {logging_mixin.py:137} INFO - [2023-03-04T11:23:04.168+0000] {dag.py:2690} INFO - Sync 1 DAGs
[2023-03-04T11:23:04.199+0000] {logging_mixin.py:137} INFO - [2023-03-04T11:23:04.199+0000] {dag.py:3441} INFO - Setting next_dagrun for example_sla_dag to 2023-03-04T11:20:00+00:00, run_after=2023-03-04T11:22:00+00:00
[2023-03-04T11:23:04.221+0000] {processor.py:175} INFO - Processing /home/airflow/.local/lib/python3.7/site-packages/airflow/example_dags/example_sla_dag.py took 0.120 seconds
[2023-03-04T11:23:34.336+0000] {processor.py:153} INFO - Started process (PID=884) to work on /home/airflow/.local/lib/python3.7/site-packages/airflow/example_dags/example_sla_dag.py
[2023-03-04T11:23:34.338+0000] {processor.py:743} INFO - Processing file /home/airflow/.local/lib/python3.7/site-packages/airflow/example_dags/example_sla_dag.py for tasks to queue
[2023-03-04T11:23:34.339+0000] {logging_mixin.py:137} INFO - [2023-03-04T11:23:34.339+0000] {dagbag.py:538} INFO - Filling up the DagBag from /home/airflow/.local/lib/python3.7/site-packages/airflow/example_dags/example_sla_dag.py
[2023-03-04T11:23:34.367+0000] {processor.py:753} INFO - DAG(s) dict_keys(['example_sla_dag']) retrieved from /home/airflow/.local/lib/python3.7/site-packages/airflow/example_dags/example_sla_dag.py
[2023-03-04T11:23:34.398+0000] {logging_mixin.py:137} INFO - [2023-03-04T11:23:34.398+0000] {dag.py:2690} INFO - Sync 1 DAGs
[2023-03-04T11:23:34.432+0000] {logging_mixin.py:137} INFO - [2023-03-04T11:23:34.432+0000] {dag.py:3441} INFO - Setting next_dagrun for example_sla_dag to 2023-03-04T11:20:00+00:00, run_after=2023-03-04T11:22:00+00:00
[2023-03-04T11:23:34.457+0000] {processor.py:175} INFO - Processing /home/airflow/.local/lib/python3.7/site-packages/airflow/example_dags/example_sla_dag.py took 0.124 seconds
[2023-03-04T11:24:05.402+0000] {processor.py:153} INFO - Started process (PID=1122) to work on /home/airflow/.local/lib/python3.7/site-packages/airflow/example_dags/example_sla_dag.py
[2023-03-04T11:24:05.403+0000] {processor.py:743} INFO - Processing file /home/airflow/.local/lib/python3.7/site-packages/airflow/example_dags/example_sla_dag.py for tasks to queue
[2023-03-04T11:24:05.405+0000] {logging_mixin.py:137} INFO - [2023-03-04T11:24:05.405+0000] {dagbag.py:538} INFO - Filling up the DagBag from /home/airflow/.local/lib/python3.7/site-packages/airflow/example_dags/example_sla_dag.py
[2023-03-04T11:24:05.437+0000] {processor.py:753} INFO - DAG(s) dict_keys(['example_sla_dag']) retrieved from /home/airflow/.local/lib/python3.7/site-packages/airflow/example_dags/example_sla_dag.py
[2023-03-04T11:24:05.468+0000] {logging_mixin.py:137} INFO - [2023-03-04T11:24:05.468+0000] {dag.py:2690} INFO - Sync 1 DAGs
[2023-03-04T11:24:05.499+0000] {logging_mixin.py:137} INFO - [2023-03-04T11:24:05.499+0000] {dag.py:3441} INFO - Setting next_dagrun for example_sla_dag to 2023-03-04T11:22:00+00:00, run_after=2023-03-04T11:24:00+00:00
[2023-03-04T11:24:05.522+0000] {processor.py:175} INFO - Processing /home/airflow/.local/lib/python3.7/site-packages/airflow/example_dags/example_sla_dag.py took 0.125 seconds
[2023-03-04T11:24:35.851+0000] {processor.py:153} INFO - Started process (PID=1351) to work on /home/airflow/.local/lib/python3.7/site-packages/airflow/example_dags/example_sla_dag.py
[2023-03-04T11:24:35.852+0000] {processor.py:743} INFO - Processing file /home/airflow/.local/lib/python3.7/site-packages/airflow/example_dags/example_sla_dag.py for tasks to queue
[2023-03-04T11:24:35.854+0000] {logging_mixin.py:137} INFO - [2023-03-04T11:24:35.853+0000] {dagbag.py:538} INFO - Filling up the DagBag from /home/airflow/.local/lib/python3.7/site-packages/airflow/example_dags/example_sla_dag.py
[2023-03-04T11:24:35.886+0000] {processor.py:753} INFO - DAG(s) dict_keys(['example_sla_dag']) retrieved from /home/airflow/.local/lib/python3.7/site-packages/airflow/example_dags/example_sla_dag.py
[2023-03-04T11:24:35.915+0000] {logging_mixin.py:137} INFO - [2023-03-04T11:24:35.915+0000] {dag.py:2690} INFO - Sync 1 DAGs
[2023-03-04T11:24:35.947+0000] {logging_mixin.py:137} INFO - [2023-03-04T11:24:35.947+0000] {dag.py:3441} INFO - Setting next_dagrun for example_sla_dag to 2023-03-04T11:22:00+00:00, run_after=2023-03-04T11:24:00+00:00
[2023-03-04T11:24:35.970+0000] {processor.py:175} INFO - Processing /home/airflow/.local/lib/python3.7/site-packages/airflow/example_dags/example_sla_dag.py took 0.124 seconds
[2023-03-04T11:25:06.065+0000] {processor.py:153} INFO - Started process (PID=1595) to work on /home/airflow/.local/lib/python3.7/site-packages/airflow/example_dags/example_sla_dag.py
[2023-03-04T11:25:06.067+0000] {processor.py:743} INFO - Processing file /home/airflow/.local/lib/python3.7/site-packages/airflow/example_dags/example_sla_dag.py for tasks to queue
[2023-03-04T11:25:06.069+0000] {logging_mixin.py:137} INFO - [2023-03-04T11:25:06.069+0000] {dagbag.py:538} INFO - Filling up the DagBag from /home/airflow/.local/lib/python3.7/site-packages/airflow/example_dags/example_sla_dag.py
[2023-03-04T11:25:06.102+0000] {processor.py:753} INFO - DAG(s) dict_keys(['example_sla_dag']) retrieved from /home/airflow/.local/lib/python3.7/site-packages/airflow/example_dags/example_sla_dag.py
[2023-03-04T11:25:06.135+0000] {logging_mixin.py:137} INFO - [2023-03-04T11:25:06.135+0000] {dag.py:2690} INFO - Sync 1 DAGs
[2023-03-04T11:25:06.169+0000] {logging_mixin.py:137} INFO - [2023-03-04T11:25:06.168+0000] {dag.py:3441} INFO - Setting next_dagrun for example_sla_dag to 2023-03-04T11:22:00+00:00, run_after=2023-03-04T11:24:00+00:00
[2023-03-04T11:25:06.191+0000] {processor.py:175} INFO - Processing /home/airflow/.local/lib/python3.7/site-packages/airflow/example_dags/example_sla_dag.py took 0.131 seconds
