[2023-03-04T11:22:05.357+0000] {processor.py:153} INFO - Started process (PID=316) to work on /home/airflow/.local/lib/python3.7/site-packages/airflow/example_dags/example_dag_decorator.py
[2023-03-04T11:22:05.359+0000] {processor.py:743} INFO - Processing file /home/airflow/.local/lib/python3.7/site-packages/airflow/example_dags/example_dag_decorator.py for tasks to queue
[2023-03-04T11:22:05.362+0000] {logging_mixin.py:137} INFO - [2023-03-04T11:22:05.361+0000] {dagbag.py:538} INFO - Filling up the DagBag from /home/airflow/.local/lib/python3.7/site-packages/airflow/example_dags/example_dag_decorator.py
[2023-03-04T11:22:05.403+0000] {logging_mixin.py:137} INFO - [2023-03-04T11:22:05.403+0000] {taskmixin.py:205} WARNING - Dependency <Task(_PythonDecoratedOperator): prepare_email>, send_email already registered for DAG: example_dag_decorator
[2023-03-04T11:22:05.404+0000] {logging_mixin.py:137} INFO - [2023-03-04T11:22:05.404+0000] {taskmixin.py:205} WARNING - Dependency <Task(EmailOperator): send_email>, prepare_email already registered for DAG: example_dag_decorator
[2023-03-04T11:22:05.439+0000] {processor.py:753} INFO - DAG(s) dict_keys(['example_dag_decorator']) retrieved from /home/airflow/.local/lib/python3.7/site-packages/airflow/example_dags/example_dag_decorator.py
[2023-03-04T11:22:05.459+0000] {logging_mixin.py:137} INFO - [2023-03-04T11:22:05.459+0000] {dag.py:2690} INFO - Sync 1 DAGs
[2023-03-04T11:22:05.499+0000] {logging_mixin.py:137} INFO - [2023-03-04T11:22:05.499+0000] {dag.py:3441} INFO - Setting next_dagrun for example_dag_decorator to None, run_after=None
[2023-03-04T11:22:05.555+0000] {processor.py:175} INFO - Processing /home/airflow/.local/lib/python3.7/site-packages/airflow/example_dags/example_dag_decorator.py took 0.202 seconds
[2023-03-04T11:22:35.816+0000] {processor.py:153} INFO - Started process (PID=550) to work on /home/airflow/.local/lib/python3.7/site-packages/airflow/example_dags/example_dag_decorator.py
[2023-03-04T11:22:35.818+0000] {processor.py:743} INFO - Processing file /home/airflow/.local/lib/python3.7/site-packages/airflow/example_dags/example_dag_decorator.py for tasks to queue
[2023-03-04T11:22:35.819+0000] {logging_mixin.py:137} INFO - [2023-03-04T11:22:35.819+0000] {dagbag.py:538} INFO - Filling up the DagBag from /home/airflow/.local/lib/python3.7/site-packages/airflow/example_dags/example_dag_decorator.py
[2023-03-04T11:22:35.841+0000] {logging_mixin.py:137} INFO - [2023-03-04T11:22:35.841+0000] {taskmixin.py:205} WARNING - Dependency <Task(_PythonDecoratedOperator): prepare_email>, send_email already registered for DAG: example_dag_decorator
[2023-03-04T11:22:35.842+0000] {logging_mixin.py:137} INFO - [2023-03-04T11:22:35.842+0000] {taskmixin.py:205} WARNING - Dependency <Task(EmailOperator): send_email>, prepare_email already registered for DAG: example_dag_decorator
[2023-03-04T11:22:35.868+0000] {processor.py:753} INFO - DAG(s) dict_keys(['example_dag_decorator']) retrieved from /home/airflow/.local/lib/python3.7/site-packages/airflow/example_dags/example_dag_decorator.py
[2023-03-04T11:22:35.945+0000] {logging_mixin.py:137} INFO - [2023-03-04T11:22:35.944+0000] {dag.py:2690} INFO - Sync 1 DAGs
[2023-03-04T11:22:35.970+0000] {logging_mixin.py:137} INFO - [2023-03-04T11:22:35.970+0000] {dag.py:3441} INFO - Setting next_dagrun for example_dag_decorator to None, run_after=None
[2023-03-04T11:22:35.993+0000] {processor.py:175} INFO - Processing /home/airflow/.local/lib/python3.7/site-packages/airflow/example_dags/example_dag_decorator.py took 0.181 seconds
[2023-03-04T11:23:06.316+0000] {processor.py:153} INFO - Started process (PID=777) to work on /home/airflow/.local/lib/python3.7/site-packages/airflow/example_dags/example_dag_decorator.py
[2023-03-04T11:23:06.317+0000] {processor.py:743} INFO - Processing file /home/airflow/.local/lib/python3.7/site-packages/airflow/example_dags/example_dag_decorator.py for tasks to queue
[2023-03-04T11:23:06.319+0000] {logging_mixin.py:137} INFO - [2023-03-04T11:23:06.318+0000] {dagbag.py:538} INFO - Filling up the DagBag from /home/airflow/.local/lib/python3.7/site-packages/airflow/example_dags/example_dag_decorator.py
[2023-03-04T11:23:06.342+0000] {logging_mixin.py:137} INFO - [2023-03-04T11:23:06.341+0000] {taskmixin.py:205} WARNING - Dependency <Task(_PythonDecoratedOperator): prepare_email>, send_email already registered for DAG: example_dag_decorator
[2023-03-04T11:23:06.342+0000] {logging_mixin.py:137} INFO - [2023-03-04T11:23:06.342+0000] {taskmixin.py:205} WARNING - Dependency <Task(EmailOperator): send_email>, prepare_email already registered for DAG: example_dag_decorator
[2023-03-04T11:23:06.357+0000] {processor.py:753} INFO - DAG(s) dict_keys(['example_dag_decorator']) retrieved from /home/airflow/.local/lib/python3.7/site-packages/airflow/example_dags/example_dag_decorator.py
[2023-03-04T11:23:06.435+0000] {logging_mixin.py:137} INFO - [2023-03-04T11:23:06.435+0000] {dag.py:2690} INFO - Sync 1 DAGs
[2023-03-04T11:23:06.461+0000] {logging_mixin.py:137} INFO - [2023-03-04T11:23:06.461+0000] {dag.py:3441} INFO - Setting next_dagrun for example_dag_decorator to None, run_after=None
[2023-03-04T11:23:06.485+0000] {processor.py:175} INFO - Processing /home/airflow/.local/lib/python3.7/site-packages/airflow/example_dags/example_dag_decorator.py took 0.173 seconds
[2023-03-04T11:23:37.391+0000] {processor.py:153} INFO - Started process (PID=1023) to work on /home/airflow/.local/lib/python3.7/site-packages/airflow/example_dags/example_dag_decorator.py
[2023-03-04T11:23:37.392+0000] {processor.py:743} INFO - Processing file /home/airflow/.local/lib/python3.7/site-packages/airflow/example_dags/example_dag_decorator.py for tasks to queue
[2023-03-04T11:23:37.394+0000] {logging_mixin.py:137} INFO - [2023-03-04T11:23:37.393+0000] {dagbag.py:538} INFO - Filling up the DagBag from /home/airflow/.local/lib/python3.7/site-packages/airflow/example_dags/example_dag_decorator.py
[2023-03-04T11:23:37.415+0000] {logging_mixin.py:137} INFO - [2023-03-04T11:23:37.415+0000] {taskmixin.py:205} WARNING - Dependency <Task(_PythonDecoratedOperator): prepare_email>, send_email already registered for DAG: example_dag_decorator
[2023-03-04T11:23:37.416+0000] {logging_mixin.py:137} INFO - [2023-03-04T11:23:37.416+0000] {taskmixin.py:205} WARNING - Dependency <Task(EmailOperator): send_email>, prepare_email already registered for DAG: example_dag_decorator
[2023-03-04T11:23:37.432+0000] {processor.py:753} INFO - DAG(s) dict_keys(['example_dag_decorator']) retrieved from /home/airflow/.local/lib/python3.7/site-packages/airflow/example_dags/example_dag_decorator.py
[2023-03-04T11:23:37.508+0000] {logging_mixin.py:137} INFO - [2023-03-04T11:23:37.508+0000] {dag.py:2690} INFO - Sync 1 DAGs
[2023-03-04T11:23:37.536+0000] {logging_mixin.py:137} INFO - [2023-03-04T11:23:37.536+0000] {dag.py:3441} INFO - Setting next_dagrun for example_dag_decorator to None, run_after=None
[2023-03-04T11:23:37.559+0000] {processor.py:175} INFO - Processing /home/airflow/.local/lib/python3.7/site-packages/airflow/example_dags/example_dag_decorator.py took 0.172 seconds
[2023-03-04T11:24:07.673+0000] {processor.py:153} INFO - Started process (PID=1252) to work on /home/airflow/.local/lib/python3.7/site-packages/airflow/example_dags/example_dag_decorator.py
[2023-03-04T11:24:07.674+0000] {processor.py:743} INFO - Processing file /home/airflow/.local/lib/python3.7/site-packages/airflow/example_dags/example_dag_decorator.py for tasks to queue
[2023-03-04T11:24:07.676+0000] {logging_mixin.py:137} INFO - [2023-03-04T11:24:07.675+0000] {dagbag.py:538} INFO - Filling up the DagBag from /home/airflow/.local/lib/python3.7/site-packages/airflow/example_dags/example_dag_decorator.py
[2023-03-04T11:24:07.698+0000] {logging_mixin.py:137} INFO - [2023-03-04T11:24:07.697+0000] {taskmixin.py:205} WARNING - Dependency <Task(_PythonDecoratedOperator): prepare_email>, send_email already registered for DAG: example_dag_decorator
[2023-03-04T11:24:07.698+0000] {logging_mixin.py:137} INFO - [2023-03-04T11:24:07.698+0000] {taskmixin.py:205} WARNING - Dependency <Task(EmailOperator): send_email>, prepare_email already registered for DAG: example_dag_decorator
[2023-03-04T11:24:07.714+0000] {processor.py:753} INFO - DAG(s) dict_keys(['example_dag_decorator']) retrieved from /home/airflow/.local/lib/python3.7/site-packages/airflow/example_dags/example_dag_decorator.py
[2023-03-04T11:24:07.789+0000] {logging_mixin.py:137} INFO - [2023-03-04T11:24:07.789+0000] {dag.py:2690} INFO - Sync 1 DAGs
[2023-03-04T11:24:07.815+0000] {logging_mixin.py:137} INFO - [2023-03-04T11:24:07.814+0000] {dag.py:3441} INFO - Setting next_dagrun for example_dag_decorator to None, run_after=None
[2023-03-04T11:24:07.839+0000] {processor.py:175} INFO - Processing /home/airflow/.local/lib/python3.7/site-packages/airflow/example_dags/example_dag_decorator.py took 0.170 seconds
[2023-03-04T11:24:38.498+0000] {processor.py:153} INFO - Started process (PID=1498) to work on /home/airflow/.local/lib/python3.7/site-packages/airflow/example_dags/example_dag_decorator.py
[2023-03-04T11:24:38.500+0000] {processor.py:743} INFO - Processing file /home/airflow/.local/lib/python3.7/site-packages/airflow/example_dags/example_dag_decorator.py for tasks to queue
[2023-03-04T11:24:38.501+0000] {logging_mixin.py:137} INFO - [2023-03-04T11:24:38.501+0000] {dagbag.py:538} INFO - Filling up the DagBag from /home/airflow/.local/lib/python3.7/site-packages/airflow/example_dags/example_dag_decorator.py
[2023-03-04T11:24:38.526+0000] {logging_mixin.py:137} INFO - [2023-03-04T11:24:38.526+0000] {taskmixin.py:205} WARNING - Dependency <Task(_PythonDecoratedOperator): prepare_email>, send_email already registered for DAG: example_dag_decorator
[2023-03-04T11:24:38.527+0000] {logging_mixin.py:137} INFO - [2023-03-04T11:24:38.527+0000] {taskmixin.py:205} WARNING - Dependency <Task(EmailOperator): send_email>, prepare_email already registered for DAG: example_dag_decorator
[2023-03-04T11:24:38.550+0000] {processor.py:753} INFO - DAG(s) dict_keys(['example_dag_decorator']) retrieved from /home/airflow/.local/lib/python3.7/site-packages/airflow/example_dags/example_dag_decorator.py
[2023-03-04T11:24:38.654+0000] {logging_mixin.py:137} INFO - [2023-03-04T11:24:38.654+0000] {dag.py:2690} INFO - Sync 1 DAGs
[2023-03-04T11:24:38.707+0000] {logging_mixin.py:137} INFO - [2023-03-04T11:24:38.707+0000] {dag.py:3441} INFO - Setting next_dagrun for example_dag_decorator to None, run_after=None
[2023-03-04T11:24:38.747+0000] {processor.py:175} INFO - Processing /home/airflow/.local/lib/python3.7/site-packages/airflow/example_dags/example_dag_decorator.py took 0.253 seconds
[2023-03-04T11:25:09.240+0000] {processor.py:153} INFO - Started process (PID=1725) to work on /home/airflow/.local/lib/python3.7/site-packages/airflow/example_dags/example_dag_decorator.py
[2023-03-04T11:25:09.241+0000] {processor.py:743} INFO - Processing file /home/airflow/.local/lib/python3.7/site-packages/airflow/example_dags/example_dag_decorator.py for tasks to queue
[2023-03-04T11:25:09.243+0000] {logging_mixin.py:137} INFO - [2023-03-04T11:25:09.243+0000] {dagbag.py:538} INFO - Filling up the DagBag from /home/airflow/.local/lib/python3.7/site-packages/airflow/example_dags/example_dag_decorator.py
[2023-03-04T11:25:09.264+0000] {logging_mixin.py:137} INFO - [2023-03-04T11:25:09.264+0000] {taskmixin.py:205} WARNING - Dependency <Task(_PythonDecoratedOperator): prepare_email>, send_email already registered for DAG: example_dag_decorator
[2023-03-04T11:25:09.266+0000] {logging_mixin.py:137} INFO - [2023-03-04T11:25:09.265+0000] {taskmixin.py:205} WARNING - Dependency <Task(EmailOperator): send_email>, prepare_email already registered for DAG: example_dag_decorator
[2023-03-04T11:25:09.282+0000] {processor.py:753} INFO - DAG(s) dict_keys(['example_dag_decorator']) retrieved from /home/airflow/.local/lib/python3.7/site-packages/airflow/example_dags/example_dag_decorator.py
[2023-03-04T11:25:09.374+0000] {logging_mixin.py:137} INFO - [2023-03-04T11:25:09.373+0000] {dag.py:2690} INFO - Sync 1 DAGs
[2023-03-04T11:25:09.401+0000] {logging_mixin.py:137} INFO - [2023-03-04T11:25:09.401+0000] {dag.py:3441} INFO - Setting next_dagrun for example_dag_decorator to None, run_after=None
[2023-03-04T11:25:09.426+0000] {processor.py:175} INFO - Processing /home/airflow/.local/lib/python3.7/site-packages/airflow/example_dags/example_dag_decorator.py took 0.189 seconds
