[2023-03-04T11:22:02.974+0000] {processor.py:153} INFO - Started process (PID=196) to work on /home/airflow/.local/lib/python3.7/site-packages/airflow/example_dags/example_python_operator.py
[2023-03-04T11:22:02.976+0000] {processor.py:743} INFO - Processing file /home/airflow/.local/lib/python3.7/site-packages/airflow/example_dags/example_python_operator.py for tasks to queue
[2023-03-04T11:22:02.977+0000] {logging_mixin.py:137} INFO - [2023-03-04T11:22:02.977+0000] {dagbag.py:538} INFO - Filling up the DagBag from /home/airflow/.local/lib/python3.7/site-packages/airflow/example_dags/example_python_operator.py
[2023-03-04T11:22:03.004+0000] {logging_mixin.py:137} INFO - [2023-03-04T11:22:03.004+0000] {taskmixin.py:205} WARNING - Dependency <Task(_PythonDecoratedOperator): print_the_context>, log_sql_query already registered for DAG: example_python_operator
[2023-03-04T11:22:03.005+0000] {logging_mixin.py:137} INFO - [2023-03-04T11:22:03.005+0000] {taskmixin.py:205} WARNING - Dependency <Task(_PythonDecoratedOperator): log_sql_query>, print_the_context already registered for DAG: example_python_operator
[2023-03-04T11:22:03.007+0000] {logging_mixin.py:137} INFO - [2023-03-04T11:22:03.006+0000] {taskmixin.py:205} WARNING - Dependency <Task(_PythonDecoratedOperator): print_the_context>, log_sql_query already registered for DAG: example_python_operator
[2023-03-04T11:22:03.008+0000] {logging_mixin.py:137} INFO - [2023-03-04T11:22:03.007+0000] {taskmixin.py:205} WARNING - Dependency <Task(_PythonDecoratedOperator): log_sql_query>, print_the_context already registered for DAG: example_python_operator
[2023-03-04T11:22:03.009+0000] {logging_mixin.py:137} INFO - [2023-03-04T11:22:03.009+0000] {taskmixin.py:205} WARNING - Dependency <Task(_PythonDecoratedOperator): print_the_context>, log_sql_query already registered for DAG: example_python_operator
[2023-03-04T11:22:03.010+0000] {logging_mixin.py:137} INFO - [2023-03-04T11:22:03.010+0000] {taskmixin.py:205} WARNING - Dependency <Task(_PythonDecoratedOperator): log_sql_query>, print_the_context already registered for DAG: example_python_operator
[2023-03-04T11:22:03.012+0000] {logging_mixin.py:137} INFO - [2023-03-04T11:22:03.012+0000] {taskmixin.py:205} WARNING - Dependency <Task(_PythonDecoratedOperator): print_the_context>, log_sql_query already registered for DAG: example_python_operator
[2023-03-04T11:22:03.013+0000] {logging_mixin.py:137} INFO - [2023-03-04T11:22:03.013+0000] {taskmixin.py:205} WARNING - Dependency <Task(_PythonDecoratedOperator): log_sql_query>, print_the_context already registered for DAG: example_python_operator
[2023-03-04T11:22:03.023+0000] {processor.py:753} INFO - DAG(s) dict_keys(['example_python_operator']) retrieved from /home/airflow/.local/lib/python3.7/site-packages/airflow/example_dags/example_python_operator.py
[2023-03-04T11:22:03.040+0000] {logging_mixin.py:137} INFO - [2023-03-04T11:22:03.040+0000] {dag.py:2690} INFO - Sync 1 DAGs
[2023-03-04T11:22:03.072+0000] {logging_mixin.py:137} INFO - [2023-03-04T11:22:03.072+0000] {dag.py:3441} INFO - Setting next_dagrun for example_python_operator to None, run_after=None
[2023-03-04T11:22:03.097+0000] {processor.py:175} INFO - Processing /home/airflow/.local/lib/python3.7/site-packages/airflow/example_dags/example_python_operator.py took 0.128 seconds
[2023-03-04T11:22:33.583+0000] {processor.py:153} INFO - Started process (PID=440) to work on /home/airflow/.local/lib/python3.7/site-packages/airflow/example_dags/example_python_operator.py
[2023-03-04T11:22:33.586+0000] {processor.py:743} INFO - Processing file /home/airflow/.local/lib/python3.7/site-packages/airflow/example_dags/example_python_operator.py for tasks to queue
[2023-03-04T11:22:33.588+0000] {logging_mixin.py:137} INFO - [2023-03-04T11:22:33.587+0000] {dagbag.py:538} INFO - Filling up the DagBag from /home/airflow/.local/lib/python3.7/site-packages/airflow/example_dags/example_python_operator.py
[2023-03-04T11:22:33.632+0000] {logging_mixin.py:137} INFO - [2023-03-04T11:22:33.631+0000] {taskmixin.py:205} WARNING - Dependency <Task(_PythonDecoratedOperator): print_the_context>, log_sql_query already registered for DAG: example_python_operator
[2023-03-04T11:22:33.634+0000] {logging_mixin.py:137} INFO - [2023-03-04T11:22:33.634+0000] {taskmixin.py:205} WARNING - Dependency <Task(_PythonDecoratedOperator): log_sql_query>, print_the_context already registered for DAG: example_python_operator
[2023-03-04T11:22:33.636+0000] {logging_mixin.py:137} INFO - [2023-03-04T11:22:33.636+0000] {taskmixin.py:205} WARNING - Dependency <Task(_PythonDecoratedOperator): print_the_context>, log_sql_query already registered for DAG: example_python_operator
[2023-03-04T11:22:33.637+0000] {logging_mixin.py:137} INFO - [2023-03-04T11:22:33.637+0000] {taskmixin.py:205} WARNING - Dependency <Task(_PythonDecoratedOperator): log_sql_query>, print_the_context already registered for DAG: example_python_operator
[2023-03-04T11:22:33.639+0000] {logging_mixin.py:137} INFO - [2023-03-04T11:22:33.639+0000] {taskmixin.py:205} WARNING - Dependency <Task(_PythonDecoratedOperator): print_the_context>, log_sql_query already registered for DAG: example_python_operator
[2023-03-04T11:22:33.640+0000] {logging_mixin.py:137} INFO - [2023-03-04T11:22:33.640+0000] {taskmixin.py:205} WARNING - Dependency <Task(_PythonDecoratedOperator): log_sql_query>, print_the_context already registered for DAG: example_python_operator
[2023-03-04T11:22:33.642+0000] {logging_mixin.py:137} INFO - [2023-03-04T11:22:33.642+0000] {taskmixin.py:205} WARNING - Dependency <Task(_PythonDecoratedOperator): print_the_context>, log_sql_query already registered for DAG: example_python_operator
[2023-03-04T11:22:33.643+0000] {logging_mixin.py:137} INFO - [2023-03-04T11:22:33.643+0000] {taskmixin.py:205} WARNING - Dependency <Task(_PythonDecoratedOperator): log_sql_query>, print_the_context already registered for DAG: example_python_operator
[2023-03-04T11:22:33.664+0000] {processor.py:753} INFO - DAG(s) dict_keys(['example_python_operator']) retrieved from /home/airflow/.local/lib/python3.7/site-packages/airflow/example_dags/example_python_operator.py
[2023-03-04T11:22:33.854+0000] {logging_mixin.py:137} INFO - [2023-03-04T11:22:33.853+0000] {dag.py:2690} INFO - Sync 1 DAGs
[2023-03-04T11:22:33.896+0000] {logging_mixin.py:137} INFO - [2023-03-04T11:22:33.896+0000] {dag.py:3441} INFO - Setting next_dagrun for example_python_operator to None, run_after=None
[2023-03-04T11:22:33.941+0000] {processor.py:175} INFO - Processing /home/airflow/.local/lib/python3.7/site-packages/airflow/example_dags/example_python_operator.py took 0.364 seconds
[2023-03-04T11:23:04.557+0000] {processor.py:153} INFO - Started process (PID=669) to work on /home/airflow/.local/lib/python3.7/site-packages/airflow/example_dags/example_python_operator.py
[2023-03-04T11:23:04.559+0000] {processor.py:743} INFO - Processing file /home/airflow/.local/lib/python3.7/site-packages/airflow/example_dags/example_python_operator.py for tasks to queue
[2023-03-04T11:23:04.560+0000] {logging_mixin.py:137} INFO - [2023-03-04T11:23:04.560+0000] {dagbag.py:538} INFO - Filling up the DagBag from /home/airflow/.local/lib/python3.7/site-packages/airflow/example_dags/example_python_operator.py
[2023-03-04T11:23:04.580+0000] {logging_mixin.py:137} INFO - [2023-03-04T11:23:04.580+0000] {taskmixin.py:205} WARNING - Dependency <Task(_PythonDecoratedOperator): print_the_context>, log_sql_query already registered for DAG: example_python_operator
[2023-03-04T11:23:04.581+0000] {logging_mixin.py:137} INFO - [2023-03-04T11:23:04.581+0000] {taskmixin.py:205} WARNING - Dependency <Task(_PythonDecoratedOperator): log_sql_query>, print_the_context already registered for DAG: example_python_operator
[2023-03-04T11:23:04.583+0000] {logging_mixin.py:137} INFO - [2023-03-04T11:23:04.583+0000] {taskmixin.py:205} WARNING - Dependency <Task(_PythonDecoratedOperator): print_the_context>, log_sql_query already registered for DAG: example_python_operator
[2023-03-04T11:23:04.584+0000] {logging_mixin.py:137} INFO - [2023-03-04T11:23:04.584+0000] {taskmixin.py:205} WARNING - Dependency <Task(_PythonDecoratedOperator): log_sql_query>, print_the_context already registered for DAG: example_python_operator
[2023-03-04T11:23:04.586+0000] {logging_mixin.py:137} INFO - [2023-03-04T11:23:04.586+0000] {taskmixin.py:205} WARNING - Dependency <Task(_PythonDecoratedOperator): print_the_context>, log_sql_query already registered for DAG: example_python_operator
[2023-03-04T11:23:04.586+0000] {logging_mixin.py:137} INFO - [2023-03-04T11:23:04.586+0000] {taskmixin.py:205} WARNING - Dependency <Task(_PythonDecoratedOperator): log_sql_query>, print_the_context already registered for DAG: example_python_operator
[2023-03-04T11:23:04.588+0000] {logging_mixin.py:137} INFO - [2023-03-04T11:23:04.588+0000] {taskmixin.py:205} WARNING - Dependency <Task(_PythonDecoratedOperator): print_the_context>, log_sql_query already registered for DAG: example_python_operator
[2023-03-04T11:23:04.589+0000] {logging_mixin.py:137} INFO - [2023-03-04T11:23:04.589+0000] {taskmixin.py:205} WARNING - Dependency <Task(_PythonDecoratedOperator): log_sql_query>, print_the_context already registered for DAG: example_python_operator
[2023-03-04T11:23:04.596+0000] {processor.py:753} INFO - DAG(s) dict_keys(['example_python_operator']) retrieved from /home/airflow/.local/lib/python3.7/site-packages/airflow/example_dags/example_python_operator.py
[2023-03-04T11:23:04.628+0000] {logging_mixin.py:137} INFO - [2023-03-04T11:23:04.628+0000] {dag.py:2690} INFO - Sync 1 DAGs
[2023-03-04T11:23:04.655+0000] {logging_mixin.py:137} INFO - [2023-03-04T11:23:04.655+0000] {dag.py:3441} INFO - Setting next_dagrun for example_python_operator to None, run_after=None
[2023-03-04T11:23:04.675+0000] {processor.py:175} INFO - Processing /home/airflow/.local/lib/python3.7/site-packages/airflow/example_dags/example_python_operator.py took 0.122 seconds
[2023-03-04T11:23:34.844+0000] {processor.py:153} INFO - Started process (PID=908) to work on /home/airflow/.local/lib/python3.7/site-packages/airflow/example_dags/example_python_operator.py
[2023-03-04T11:23:34.845+0000] {processor.py:743} INFO - Processing file /home/airflow/.local/lib/python3.7/site-packages/airflow/example_dags/example_python_operator.py for tasks to queue
[2023-03-04T11:23:34.847+0000] {logging_mixin.py:137} INFO - [2023-03-04T11:23:34.847+0000] {dagbag.py:538} INFO - Filling up the DagBag from /home/airflow/.local/lib/python3.7/site-packages/airflow/example_dags/example_python_operator.py
[2023-03-04T11:23:34.872+0000] {logging_mixin.py:137} INFO - [2023-03-04T11:23:34.872+0000] {taskmixin.py:205} WARNING - Dependency <Task(_PythonDecoratedOperator): print_the_context>, log_sql_query already registered for DAG: example_python_operator
[2023-03-04T11:23:34.873+0000] {logging_mixin.py:137} INFO - [2023-03-04T11:23:34.873+0000] {taskmixin.py:205} WARNING - Dependency <Task(_PythonDecoratedOperator): log_sql_query>, print_the_context already registered for DAG: example_python_operator
[2023-03-04T11:23:34.875+0000] {logging_mixin.py:137} INFO - [2023-03-04T11:23:34.875+0000] {taskmixin.py:205} WARNING - Dependency <Task(_PythonDecoratedOperator): print_the_context>, log_sql_query already registered for DAG: example_python_operator
[2023-03-04T11:23:34.876+0000] {logging_mixin.py:137} INFO - [2023-03-04T11:23:34.876+0000] {taskmixin.py:205} WARNING - Dependency <Task(_PythonDecoratedOperator): log_sql_query>, print_the_context already registered for DAG: example_python_operator
[2023-03-04T11:23:34.878+0000] {logging_mixin.py:137} INFO - [2023-03-04T11:23:34.877+0000] {taskmixin.py:205} WARNING - Dependency <Task(_PythonDecoratedOperator): print_the_context>, log_sql_query already registered for DAG: example_python_operator
[2023-03-04T11:23:34.879+0000] {logging_mixin.py:137} INFO - [2023-03-04T11:23:34.878+0000] {taskmixin.py:205} WARNING - Dependency <Task(_PythonDecoratedOperator): log_sql_query>, print_the_context already registered for DAG: example_python_operator
[2023-03-04T11:23:34.880+0000] {logging_mixin.py:137} INFO - [2023-03-04T11:23:34.880+0000] {taskmixin.py:205} WARNING - Dependency <Task(_PythonDecoratedOperator): print_the_context>, log_sql_query already registered for DAG: example_python_operator
[2023-03-04T11:23:34.881+0000] {logging_mixin.py:137} INFO - [2023-03-04T11:23:34.881+0000] {taskmixin.py:205} WARNING - Dependency <Task(_PythonDecoratedOperator): log_sql_query>, print_the_context already registered for DAG: example_python_operator
[2023-03-04T11:23:34.890+0000] {processor.py:753} INFO - DAG(s) dict_keys(['example_python_operator']) retrieved from /home/airflow/.local/lib/python3.7/site-packages/airflow/example_dags/example_python_operator.py
[2023-03-04T11:23:34.921+0000] {logging_mixin.py:137} INFO - [2023-03-04T11:23:34.921+0000] {dag.py:2690} INFO - Sync 1 DAGs
[2023-03-04T11:23:34.952+0000] {logging_mixin.py:137} INFO - [2023-03-04T11:23:34.952+0000] {dag.py:3441} INFO - Setting next_dagrun for example_python_operator to None, run_after=None
[2023-03-04T11:23:34.977+0000] {processor.py:175} INFO - Processing /home/airflow/.local/lib/python3.7/site-packages/airflow/example_dags/example_python_operator.py took 0.138 seconds
[2023-03-04T11:24:05.716+0000] {processor.py:153} INFO - Started process (PID=1142) to work on /home/airflow/.local/lib/python3.7/site-packages/airflow/example_dags/example_python_operator.py
[2023-03-04T11:24:05.717+0000] {processor.py:743} INFO - Processing file /home/airflow/.local/lib/python3.7/site-packages/airflow/example_dags/example_python_operator.py for tasks to queue
[2023-03-04T11:24:05.719+0000] {logging_mixin.py:137} INFO - [2023-03-04T11:24:05.718+0000] {dagbag.py:538} INFO - Filling up the DagBag from /home/airflow/.local/lib/python3.7/site-packages/airflow/example_dags/example_python_operator.py
[2023-03-04T11:24:05.744+0000] {logging_mixin.py:137} INFO - [2023-03-04T11:24:05.743+0000] {taskmixin.py:205} WARNING - Dependency <Task(_PythonDecoratedOperator): print_the_context>, log_sql_query already registered for DAG: example_python_operator
[2023-03-04T11:24:05.744+0000] {logging_mixin.py:137} INFO - [2023-03-04T11:24:05.744+0000] {taskmixin.py:205} WARNING - Dependency <Task(_PythonDecoratedOperator): log_sql_query>, print_the_context already registered for DAG: example_python_operator
[2023-03-04T11:24:05.746+0000] {logging_mixin.py:137} INFO - [2023-03-04T11:24:05.746+0000] {taskmixin.py:205} WARNING - Dependency <Task(_PythonDecoratedOperator): print_the_context>, log_sql_query already registered for DAG: example_python_operator
[2023-03-04T11:24:05.746+0000] {logging_mixin.py:137} INFO - [2023-03-04T11:24:05.746+0000] {taskmixin.py:205} WARNING - Dependency <Task(_PythonDecoratedOperator): log_sql_query>, print_the_context already registered for DAG: example_python_operator
[2023-03-04T11:24:05.748+0000] {logging_mixin.py:137} INFO - [2023-03-04T11:24:05.748+0000] {taskmixin.py:205} WARNING - Dependency <Task(_PythonDecoratedOperator): print_the_context>, log_sql_query already registered for DAG: example_python_operator
[2023-03-04T11:24:05.748+0000] {logging_mixin.py:137} INFO - [2023-03-04T11:24:05.748+0000] {taskmixin.py:205} WARNING - Dependency <Task(_PythonDecoratedOperator): log_sql_query>, print_the_context already registered for DAG: example_python_operator
[2023-03-04T11:24:05.750+0000] {logging_mixin.py:137} INFO - [2023-03-04T11:24:05.750+0000] {taskmixin.py:205} WARNING - Dependency <Task(_PythonDecoratedOperator): print_the_context>, log_sql_query already registered for DAG: example_python_operator
[2023-03-04T11:24:05.750+0000] {logging_mixin.py:137} INFO - [2023-03-04T11:24:05.750+0000] {taskmixin.py:205} WARNING - Dependency <Task(_PythonDecoratedOperator): log_sql_query>, print_the_context already registered for DAG: example_python_operator
[2023-03-04T11:24:05.758+0000] {processor.py:753} INFO - DAG(s) dict_keys(['example_python_operator']) retrieved from /home/airflow/.local/lib/python3.7/site-packages/airflow/example_dags/example_python_operator.py
[2023-03-04T11:24:05.791+0000] {logging_mixin.py:137} INFO - [2023-03-04T11:24:05.791+0000] {dag.py:2690} INFO - Sync 1 DAGs
[2023-03-04T11:24:05.820+0000] {logging_mixin.py:137} INFO - [2023-03-04T11:24:05.820+0000] {dag.py:3441} INFO - Setting next_dagrun for example_python_operator to None, run_after=None
[2023-03-04T11:24:05.847+0000] {processor.py:175} INFO - Processing /home/airflow/.local/lib/python3.7/site-packages/airflow/example_dags/example_python_operator.py took 0.135 seconds
[2023-03-04T11:24:36.305+0000] {processor.py:153} INFO - Started process (PID=1371) to work on /home/airflow/.local/lib/python3.7/site-packages/airflow/example_dags/example_python_operator.py
[2023-03-04T11:24:36.307+0000] {processor.py:743} INFO - Processing file /home/airflow/.local/lib/python3.7/site-packages/airflow/example_dags/example_python_operator.py for tasks to queue
[2023-03-04T11:24:36.308+0000] {logging_mixin.py:137} INFO - [2023-03-04T11:24:36.308+0000] {dagbag.py:538} INFO - Filling up the DagBag from /home/airflow/.local/lib/python3.7/site-packages/airflow/example_dags/example_python_operator.py
[2023-03-04T11:24:36.330+0000] {logging_mixin.py:137} INFO - [2023-03-04T11:24:36.330+0000] {taskmixin.py:205} WARNING - Dependency <Task(_PythonDecoratedOperator): print_the_context>, log_sql_query already registered for DAG: example_python_operator
[2023-03-04T11:24:36.331+0000] {logging_mixin.py:137} INFO - [2023-03-04T11:24:36.331+0000] {taskmixin.py:205} WARNING - Dependency <Task(_PythonDecoratedOperator): log_sql_query>, print_the_context already registered for DAG: example_python_operator
[2023-03-04T11:24:36.332+0000] {logging_mixin.py:137} INFO - [2023-03-04T11:24:36.332+0000] {taskmixin.py:205} WARNING - Dependency <Task(_PythonDecoratedOperator): print_the_context>, log_sql_query already registered for DAG: example_python_operator
[2023-03-04T11:24:36.333+0000] {logging_mixin.py:137} INFO - [2023-03-04T11:24:36.333+0000] {taskmixin.py:205} WARNING - Dependency <Task(_PythonDecoratedOperator): log_sql_query>, print_the_context already registered for DAG: example_python_operator
[2023-03-04T11:24:36.334+0000] {logging_mixin.py:137} INFO - [2023-03-04T11:24:36.334+0000] {taskmixin.py:205} WARNING - Dependency <Task(_PythonDecoratedOperator): print_the_context>, log_sql_query already registered for DAG: example_python_operator
[2023-03-04T11:24:36.335+0000] {logging_mixin.py:137} INFO - [2023-03-04T11:24:36.335+0000] {taskmixin.py:205} WARNING - Dependency <Task(_PythonDecoratedOperator): log_sql_query>, print_the_context already registered for DAG: example_python_operator
[2023-03-04T11:24:36.336+0000] {logging_mixin.py:137} INFO - [2023-03-04T11:24:36.336+0000] {taskmixin.py:205} WARNING - Dependency <Task(_PythonDecoratedOperator): print_the_context>, log_sql_query already registered for DAG: example_python_operator
[2023-03-04T11:24:36.337+0000] {logging_mixin.py:137} INFO - [2023-03-04T11:24:36.337+0000] {taskmixin.py:205} WARNING - Dependency <Task(_PythonDecoratedOperator): log_sql_query>, print_the_context already registered for DAG: example_python_operator
[2023-03-04T11:24:36.346+0000] {processor.py:753} INFO - DAG(s) dict_keys(['example_python_operator']) retrieved from /home/airflow/.local/lib/python3.7/site-packages/airflow/example_dags/example_python_operator.py
[2023-03-04T11:24:36.379+0000] {logging_mixin.py:137} INFO - [2023-03-04T11:24:36.379+0000] {dag.py:2690} INFO - Sync 1 DAGs
[2023-03-04T11:24:36.409+0000] {logging_mixin.py:137} INFO - [2023-03-04T11:24:36.409+0000] {dag.py:3441} INFO - Setting next_dagrun for example_python_operator to None, run_after=None
[2023-03-04T11:24:36.433+0000] {processor.py:175} INFO - Processing /home/airflow/.local/lib/python3.7/site-packages/airflow/example_dags/example_python_operator.py took 0.131 seconds
[2023-03-04T11:25:06.534+0000] {processor.py:153} INFO - Started process (PID=1615) to work on /home/airflow/.local/lib/python3.7/site-packages/airflow/example_dags/example_python_operator.py
[2023-03-04T11:25:06.535+0000] {processor.py:743} INFO - Processing file /home/airflow/.local/lib/python3.7/site-packages/airflow/example_dags/example_python_operator.py for tasks to queue
[2023-03-04T11:25:06.536+0000] {logging_mixin.py:137} INFO - [2023-03-04T11:25:06.536+0000] {dagbag.py:538} INFO - Filling up the DagBag from /home/airflow/.local/lib/python3.7/site-packages/airflow/example_dags/example_python_operator.py
[2023-03-04T11:25:06.558+0000] {logging_mixin.py:137} INFO - [2023-03-04T11:25:06.558+0000] {taskmixin.py:205} WARNING - Dependency <Task(_PythonDecoratedOperator): print_the_context>, log_sql_query already registered for DAG: example_python_operator
[2023-03-04T11:25:06.560+0000] {logging_mixin.py:137} INFO - [2023-03-04T11:25:06.559+0000] {taskmixin.py:205} WARNING - Dependency <Task(_PythonDecoratedOperator): log_sql_query>, print_the_context already registered for DAG: example_python_operator
[2023-03-04T11:25:06.561+0000] {logging_mixin.py:137} INFO - [2023-03-04T11:25:06.561+0000] {taskmixin.py:205} WARNING - Dependency <Task(_PythonDecoratedOperator): print_the_context>, log_sql_query already registered for DAG: example_python_operator
[2023-03-04T11:25:06.562+0000] {logging_mixin.py:137} INFO - [2023-03-04T11:25:06.562+0000] {taskmixin.py:205} WARNING - Dependency <Task(_PythonDecoratedOperator): log_sql_query>, print_the_context already registered for DAG: example_python_operator
[2023-03-04T11:25:06.564+0000] {logging_mixin.py:137} INFO - [2023-03-04T11:25:06.564+0000] {taskmixin.py:205} WARNING - Dependency <Task(_PythonDecoratedOperator): print_the_context>, log_sql_query already registered for DAG: example_python_operator
[2023-03-04T11:25:06.565+0000] {logging_mixin.py:137} INFO - [2023-03-04T11:25:06.564+0000] {taskmixin.py:205} WARNING - Dependency <Task(_PythonDecoratedOperator): log_sql_query>, print_the_context already registered for DAG: example_python_operator
[2023-03-04T11:25:06.566+0000] {logging_mixin.py:137} INFO - [2023-03-04T11:25:06.566+0000] {taskmixin.py:205} WARNING - Dependency <Task(_PythonDecoratedOperator): print_the_context>, log_sql_query already registered for DAG: example_python_operator
[2023-03-04T11:25:06.567+0000] {logging_mixin.py:137} INFO - [2023-03-04T11:25:06.567+0000] {taskmixin.py:205} WARNING - Dependency <Task(_PythonDecoratedOperator): log_sql_query>, print_the_context already registered for DAG: example_python_operator
[2023-03-04T11:25:06.575+0000] {processor.py:753} INFO - DAG(s) dict_keys(['example_python_operator']) retrieved from /home/airflow/.local/lib/python3.7/site-packages/airflow/example_dags/example_python_operator.py
[2023-03-04T11:25:06.609+0000] {logging_mixin.py:137} INFO - [2023-03-04T11:25:06.608+0000] {dag.py:2690} INFO - Sync 1 DAGs
[2023-03-04T11:25:06.638+0000] {logging_mixin.py:137} INFO - [2023-03-04T11:25:06.638+0000] {dag.py:3441} INFO - Setting next_dagrun for example_python_operator to None, run_after=None
[2023-03-04T11:25:06.663+0000] {processor.py:175} INFO - Processing /home/airflow/.local/lib/python3.7/site-packages/airflow/example_dags/example_python_operator.py took 0.133 seconds
