[2023-03-04T11:22:03.352+0000] {processor.py:153} INFO - Started process (PID=219) to work on /home/airflow/.local/lib/python3.7/site-packages/airflow/example_dags/example_bash_operator.py
[2023-03-04T11:22:03.354+0000] {processor.py:743} INFO - Processing file /home/airflow/.local/lib/python3.7/site-packages/airflow/example_dags/example_bash_operator.py for tasks to queue
[2023-03-04T11:22:03.355+0000] {logging_mixin.py:137} INFO - [2023-03-04T11:22:03.355+0000] {dagbag.py:538} INFO - Filling up the DagBag from /home/airflow/.local/lib/python3.7/site-packages/airflow/example_dags/example_bash_operator.py
[2023-03-04T11:22:03.399+0000] {processor.py:753} INFO - DAG(s) dict_keys(['example_bash_operator']) retrieved from /home/airflow/.local/lib/python3.7/site-packages/airflow/example_dags/example_bash_operator.py
[2023-03-04T11:22:03.434+0000] {logging_mixin.py:137} INFO - [2023-03-04T11:22:03.434+0000] {dag.py:2690} INFO - Sync 1 DAGs
[2023-03-04T11:22:03.482+0000] {logging_mixin.py:137} INFO - [2023-03-04T11:22:03.482+0000] {dag.py:3441} INFO - Setting next_dagrun for example_bash_operator to 2023-03-03T00:00:00+00:00, run_after=2023-03-04T00:00:00+00:00
[2023-03-04T11:22:03.515+0000] {processor.py:175} INFO - Processing /home/airflow/.local/lib/python3.7/site-packages/airflow/example_dags/example_bash_operator.py took 0.169 seconds
[2023-03-04T11:22:34.305+0000] {processor.py:153} INFO - Started process (PID=465) to work on /home/airflow/.local/lib/python3.7/site-packages/airflow/example_dags/example_bash_operator.py
[2023-03-04T11:22:34.308+0000] {processor.py:743} INFO - Processing file /home/airflow/.local/lib/python3.7/site-packages/airflow/example_dags/example_bash_operator.py for tasks to queue
[2023-03-04T11:22:34.318+0000] {logging_mixin.py:137} INFO - [2023-03-04T11:22:34.317+0000] {dagbag.py:538} INFO - Filling up the DagBag from /home/airflow/.local/lib/python3.7/site-packages/airflow/example_dags/example_bash_operator.py
[2023-03-04T11:22:34.353+0000] {processor.py:753} INFO - DAG(s) dict_keys(['example_bash_operator']) retrieved from /home/airflow/.local/lib/python3.7/site-packages/airflow/example_dags/example_bash_operator.py
[2023-03-04T11:22:34.409+0000] {logging_mixin.py:137} INFO - [2023-03-04T11:22:34.409+0000] {dag.py:2690} INFO - Sync 1 DAGs
[2023-03-04T11:22:34.449+0000] {logging_mixin.py:137} INFO - [2023-03-04T11:22:34.449+0000] {dag.py:3441} INFO - Setting next_dagrun for example_bash_operator to 2023-03-03T00:00:00+00:00, run_after=2023-03-04T00:00:00+00:00
[2023-03-04T11:22:34.479+0000] {processor.py:175} INFO - Processing /home/airflow/.local/lib/python3.7/site-packages/airflow/example_dags/example_bash_operator.py took 0.179 seconds
[2023-03-04T11:23:05.016+0000] {processor.py:153} INFO - Started process (PID=692) to work on /home/airflow/.local/lib/python3.7/site-packages/airflow/example_dags/example_bash_operator.py
[2023-03-04T11:23:05.018+0000] {processor.py:743} INFO - Processing file /home/airflow/.local/lib/python3.7/site-packages/airflow/example_dags/example_bash_operator.py for tasks to queue
[2023-03-04T11:23:05.019+0000] {logging_mixin.py:137} INFO - [2023-03-04T11:23:05.019+0000] {dagbag.py:538} INFO - Filling up the DagBag from /home/airflow/.local/lib/python3.7/site-packages/airflow/example_dags/example_bash_operator.py
[2023-03-04T11:23:05.045+0000] {processor.py:753} INFO - DAG(s) dict_keys(['example_bash_operator']) retrieved from /home/airflow/.local/lib/python3.7/site-packages/airflow/example_dags/example_bash_operator.py
[2023-03-04T11:23:05.088+0000] {logging_mixin.py:137} INFO - [2023-03-04T11:23:05.087+0000] {dag.py:2690} INFO - Sync 1 DAGs
[2023-03-04T11:23:05.119+0000] {logging_mixin.py:137} INFO - [2023-03-04T11:23:05.119+0000] {dag.py:3441} INFO - Setting next_dagrun for example_bash_operator to 2023-03-03T00:00:00+00:00, run_after=2023-03-04T00:00:00+00:00
[2023-03-04T11:23:05.143+0000] {processor.py:175} INFO - Processing /home/airflow/.local/lib/python3.7/site-packages/airflow/example_dags/example_bash_operator.py took 0.131 seconds
[2023-03-04T11:23:35.456+0000] {processor.py:153} INFO - Started process (PID=939) to work on /home/airflow/.local/lib/python3.7/site-packages/airflow/example_dags/example_bash_operator.py
[2023-03-04T11:23:35.458+0000] {processor.py:743} INFO - Processing file /home/airflow/.local/lib/python3.7/site-packages/airflow/example_dags/example_bash_operator.py for tasks to queue
[2023-03-04T11:23:35.460+0000] {logging_mixin.py:137} INFO - [2023-03-04T11:23:35.459+0000] {dagbag.py:538} INFO - Filling up the DagBag from /home/airflow/.local/lib/python3.7/site-packages/airflow/example_dags/example_bash_operator.py
[2023-03-04T11:23:35.492+0000] {processor.py:753} INFO - DAG(s) dict_keys(['example_bash_operator']) retrieved from /home/airflow/.local/lib/python3.7/site-packages/airflow/example_dags/example_bash_operator.py
[2023-03-04T11:23:35.535+0000] {logging_mixin.py:137} INFO - [2023-03-04T11:23:35.535+0000] {dag.py:2690} INFO - Sync 1 DAGs
[2023-03-04T11:23:35.575+0000] {logging_mixin.py:137} INFO - [2023-03-04T11:23:35.575+0000] {dag.py:3441} INFO - Setting next_dagrun for example_bash_operator to 2023-03-03T00:00:00+00:00, run_after=2023-03-04T00:00:00+00:00
[2023-03-04T11:23:35.608+0000] {processor.py:175} INFO - Processing /home/airflow/.local/lib/python3.7/site-packages/airflow/example_dags/example_bash_operator.py took 0.155 seconds
[2023-03-04T11:24:06.158+0000] {processor.py:153} INFO - Started process (PID=1168) to work on /home/airflow/.local/lib/python3.7/site-packages/airflow/example_dags/example_bash_operator.py
[2023-03-04T11:24:06.160+0000] {processor.py:743} INFO - Processing file /home/airflow/.local/lib/python3.7/site-packages/airflow/example_dags/example_bash_operator.py for tasks to queue
[2023-03-04T11:24:06.161+0000] {logging_mixin.py:137} INFO - [2023-03-04T11:24:06.161+0000] {dagbag.py:538} INFO - Filling up the DagBag from /home/airflow/.local/lib/python3.7/site-packages/airflow/example_dags/example_bash_operator.py
[2023-03-04T11:24:06.189+0000] {processor.py:753} INFO - DAG(s) dict_keys(['example_bash_operator']) retrieved from /home/airflow/.local/lib/python3.7/site-packages/airflow/example_dags/example_bash_operator.py
[2023-03-04T11:24:06.231+0000] {logging_mixin.py:137} INFO - [2023-03-04T11:24:06.231+0000] {dag.py:2690} INFO - Sync 1 DAGs
[2023-03-04T11:24:06.262+0000] {logging_mixin.py:137} INFO - [2023-03-04T11:24:06.262+0000] {dag.py:3441} INFO - Setting next_dagrun for example_bash_operator to 2023-03-03T00:00:00+00:00, run_after=2023-03-04T00:00:00+00:00
[2023-03-04T11:24:06.285+0000] {processor.py:175} INFO - Processing /home/airflow/.local/lib/python3.7/site-packages/airflow/example_dags/example_bash_operator.py took 0.131 seconds
[2023-03-04T11:24:36.792+0000] {processor.py:153} INFO - Started process (PID=1406) to work on /home/airflow/.local/lib/python3.7/site-packages/airflow/example_dags/example_bash_operator.py
[2023-03-04T11:24:36.793+0000] {processor.py:743} INFO - Processing file /home/airflow/.local/lib/python3.7/site-packages/airflow/example_dags/example_bash_operator.py for tasks to queue
[2023-03-04T11:24:36.794+0000] {logging_mixin.py:137} INFO - [2023-03-04T11:24:36.794+0000] {dagbag.py:538} INFO - Filling up the DagBag from /home/airflow/.local/lib/python3.7/site-packages/airflow/example_dags/example_bash_operator.py
[2023-03-04T11:24:36.822+0000] {processor.py:753} INFO - DAG(s) dict_keys(['example_bash_operator']) retrieved from /home/airflow/.local/lib/python3.7/site-packages/airflow/example_dags/example_bash_operator.py
[2023-03-04T11:24:36.864+0000] {logging_mixin.py:137} INFO - [2023-03-04T11:24:36.864+0000] {dag.py:2690} INFO - Sync 1 DAGs
[2023-03-04T11:24:36.896+0000] {logging_mixin.py:137} INFO - [2023-03-04T11:24:36.895+0000] {dag.py:3441} INFO - Setting next_dagrun for example_bash_operator to 2023-03-03T00:00:00+00:00, run_after=2023-03-04T00:00:00+00:00
[2023-03-04T11:24:36.918+0000] {processor.py:175} INFO - Processing /home/airflow/.local/lib/python3.7/site-packages/airflow/example_dags/example_bash_operator.py took 0.131 seconds
[2023-03-04T11:25:07.002+0000] {processor.py:153} INFO - Started process (PID=1642) to work on /home/airflow/.local/lib/python3.7/site-packages/airflow/example_dags/example_bash_operator.py
[2023-03-04T11:25:07.004+0000] {processor.py:743} INFO - Processing file /home/airflow/.local/lib/python3.7/site-packages/airflow/example_dags/example_bash_operator.py for tasks to queue
[2023-03-04T11:25:07.005+0000] {logging_mixin.py:137} INFO - [2023-03-04T11:25:07.005+0000] {dagbag.py:538} INFO - Filling up the DagBag from /home/airflow/.local/lib/python3.7/site-packages/airflow/example_dags/example_bash_operator.py
[2023-03-04T11:25:07.032+0000] {processor.py:753} INFO - DAG(s) dict_keys(['example_bash_operator']) retrieved from /home/airflow/.local/lib/python3.7/site-packages/airflow/example_dags/example_bash_operator.py
[2023-03-04T11:25:07.077+0000] {logging_mixin.py:137} INFO - [2023-03-04T11:25:07.077+0000] {dag.py:2690} INFO - Sync 1 DAGs
[2023-03-04T11:25:07.107+0000] {logging_mixin.py:137} INFO - [2023-03-04T11:25:07.107+0000] {dag.py:3441} INFO - Setting next_dagrun for example_bash_operator to 2023-03-03T00:00:00+00:00, run_after=2023-03-04T00:00:00+00:00
[2023-03-04T11:25:07.130+0000] {processor.py:175} INFO - Processing /home/airflow/.local/lib/python3.7/site-packages/airflow/example_dags/example_bash_operator.py took 0.131 seconds
