[2023-03-04T11:22:04.541+0000] {processor.py:153} INFO - Started process (PID=284) to work on /home/airflow/.local/lib/python3.7/site-packages/airflow/example_dags/example_task_group_decorator.py
[2023-03-04T11:22:04.544+0000] {processor.py:743} INFO - Processing file /home/airflow/.local/lib/python3.7/site-packages/airflow/example_dags/example_task_group_decorator.py for tasks to queue
[2023-03-04T11:22:04.546+0000] {logging_mixin.py:137} INFO - [2023-03-04T11:22:04.546+0000] {dagbag.py:538} INFO - Filling up the DagBag from /home/airflow/.local/lib/python3.7/site-packages/airflow/example_dags/example_task_group_decorator.py
[2023-03-04T11:22:04.594+0000] {processor.py:753} INFO - DAG(s) dict_keys(['example_task_group_decorator']) retrieved from /home/airflow/.local/lib/python3.7/site-packages/airflow/example_dags/example_task_group_decorator.py
[2023-03-04T11:22:04.615+0000] {logging_mixin.py:137} INFO - [2023-03-04T11:22:04.614+0000] {dag.py:2690} INFO - Sync 1 DAGs
[2023-03-04T11:22:04.670+0000] {logging_mixin.py:137} INFO - [2023-03-04T11:22:04.670+0000] {dag.py:3441} INFO - Setting next_dagrun for example_task_group_decorator to 2023-03-03T11:22:04.669844+00:00, run_after=2023-03-04T11:22:04.669844+00:00
[2023-03-04T11:22:04.719+0000] {processor.py:175} INFO - Processing /home/airflow/.local/lib/python3.7/site-packages/airflow/example_dags/example_task_group_decorator.py took 0.185 seconds
[2023-03-04T11:22:35.282+0000] {processor.py:153} INFO - Started process (PID=520) to work on /home/airflow/.local/lib/python3.7/site-packages/airflow/example_dags/example_task_group_decorator.py
[2023-03-04T11:22:35.284+0000] {processor.py:743} INFO - Processing file /home/airflow/.local/lib/python3.7/site-packages/airflow/example_dags/example_task_group_decorator.py for tasks to queue
[2023-03-04T11:22:35.285+0000] {logging_mixin.py:137} INFO - [2023-03-04T11:22:35.285+0000] {dagbag.py:538} INFO - Filling up the DagBag from /home/airflow/.local/lib/python3.7/site-packages/airflow/example_dags/example_task_group_decorator.py
[2023-03-04T11:22:35.321+0000] {processor.py:753} INFO - DAG(s) dict_keys(['example_task_group_decorator']) retrieved from /home/airflow/.local/lib/python3.7/site-packages/airflow/example_dags/example_task_group_decorator.py
[2023-03-04T11:22:35.354+0000] {logging_mixin.py:137} INFO - [2023-03-04T11:22:35.354+0000] {dag.py:2690} INFO - Sync 1 DAGs
[2023-03-04T11:22:35.385+0000] {logging_mixin.py:137} INFO - [2023-03-04T11:22:35.385+0000] {dag.py:3441} INFO - Setting next_dagrun for example_task_group_decorator to 2023-03-03T11:22:35.385314+00:00, run_after=2023-03-04T11:22:35.385314+00:00
[2023-03-04T11:22:35.408+0000] {processor.py:175} INFO - Processing /home/airflow/.local/lib/python3.7/site-packages/airflow/example_dags/example_task_group_decorator.py took 0.129 seconds
[2023-03-04T11:23:05.850+0000] {processor.py:153} INFO - Started process (PID=747) to work on /home/airflow/.local/lib/python3.7/site-packages/airflow/example_dags/example_task_group_decorator.py
[2023-03-04T11:23:05.851+0000] {processor.py:743} INFO - Processing file /home/airflow/.local/lib/python3.7/site-packages/airflow/example_dags/example_task_group_decorator.py for tasks to queue
[2023-03-04T11:23:05.852+0000] {logging_mixin.py:137} INFO - [2023-03-04T11:23:05.852+0000] {dagbag.py:538} INFO - Filling up the DagBag from /home/airflow/.local/lib/python3.7/site-packages/airflow/example_dags/example_task_group_decorator.py
[2023-03-04T11:23:05.886+0000] {processor.py:753} INFO - DAG(s) dict_keys(['example_task_group_decorator']) retrieved from /home/airflow/.local/lib/python3.7/site-packages/airflow/example_dags/example_task_group_decorator.py
[2023-03-04T11:23:05.919+0000] {logging_mixin.py:137} INFO - [2023-03-04T11:23:05.919+0000] {dag.py:2690} INFO - Sync 1 DAGs
[2023-03-04T11:23:05.947+0000] {logging_mixin.py:137} INFO - [2023-03-04T11:23:05.947+0000] {dag.py:3441} INFO - Setting next_dagrun for example_task_group_decorator to 2023-03-03T11:23:05.947212+00:00, run_after=2023-03-04T11:23:05.947212+00:00
[2023-03-04T11:23:05.970+0000] {processor.py:175} INFO - Processing /home/airflow/.local/lib/python3.7/site-packages/airflow/example_dags/example_task_group_decorator.py took 0.125 seconds
[2023-03-04T11:23:36.856+0000] {processor.py:153} INFO - Started process (PID=993) to work on /home/airflow/.local/lib/python3.7/site-packages/airflow/example_dags/example_task_group_decorator.py
[2023-03-04T11:23:36.858+0000] {processor.py:743} INFO - Processing file /home/airflow/.local/lib/python3.7/site-packages/airflow/example_dags/example_task_group_decorator.py for tasks to queue
[2023-03-04T11:23:36.859+0000] {logging_mixin.py:137} INFO - [2023-03-04T11:23:36.859+0000] {dagbag.py:538} INFO - Filling up the DagBag from /home/airflow/.local/lib/python3.7/site-packages/airflow/example_dags/example_task_group_decorator.py
[2023-03-04T11:23:36.899+0000] {processor.py:753} INFO - DAG(s) dict_keys(['example_task_group_decorator']) retrieved from /home/airflow/.local/lib/python3.7/site-packages/airflow/example_dags/example_task_group_decorator.py
[2023-03-04T11:23:36.935+0000] {logging_mixin.py:137} INFO - [2023-03-04T11:23:36.934+0000] {dag.py:2690} INFO - Sync 1 DAGs
[2023-03-04T11:23:36.966+0000] {logging_mixin.py:137} INFO - [2023-03-04T11:23:36.966+0000] {dag.py:3441} INFO - Setting next_dagrun for example_task_group_decorator to 2023-03-03T11:23:36.966053+00:00, run_after=2023-03-04T11:23:36.966053+00:00
[2023-03-04T11:23:37.006+0000] {processor.py:175} INFO - Processing /home/airflow/.local/lib/python3.7/site-packages/airflow/example_dags/example_task_group_decorator.py took 0.155 seconds
[2023-03-04T11:24:07.118+0000] {processor.py:153} INFO - Started process (PID=1222) to work on /home/airflow/.local/lib/python3.7/site-packages/airflow/example_dags/example_task_group_decorator.py
[2023-03-04T11:24:07.120+0000] {processor.py:743} INFO - Processing file /home/airflow/.local/lib/python3.7/site-packages/airflow/example_dags/example_task_group_decorator.py for tasks to queue
[2023-03-04T11:24:07.121+0000] {logging_mixin.py:137} INFO - [2023-03-04T11:24:07.121+0000] {dagbag.py:538} INFO - Filling up the DagBag from /home/airflow/.local/lib/python3.7/site-packages/airflow/example_dags/example_task_group_decorator.py
[2023-03-04T11:24:07.155+0000] {processor.py:753} INFO - DAG(s) dict_keys(['example_task_group_decorator']) retrieved from /home/airflow/.local/lib/python3.7/site-packages/airflow/example_dags/example_task_group_decorator.py
[2023-03-04T11:24:07.188+0000] {logging_mixin.py:137} INFO - [2023-03-04T11:24:07.188+0000] {dag.py:2690} INFO - Sync 1 DAGs
[2023-03-04T11:24:07.219+0000] {logging_mixin.py:137} INFO - [2023-03-04T11:24:07.219+0000] {dag.py:3441} INFO - Setting next_dagrun for example_task_group_decorator to 2023-03-03T11:24:07.219378+00:00, run_after=2023-03-04T11:24:07.219378+00:00
[2023-03-04T11:24:07.242+0000] {processor.py:175} INFO - Processing /home/airflow/.local/lib/python3.7/site-packages/airflow/example_dags/example_task_group_decorator.py took 0.128 seconds
[2023-03-04T11:24:37.782+0000] {processor.py:153} INFO - Started process (PID=1461) to work on /home/airflow/.local/lib/python3.7/site-packages/airflow/example_dags/example_task_group_decorator.py
[2023-03-04T11:24:37.783+0000] {processor.py:743} INFO - Processing file /home/airflow/.local/lib/python3.7/site-packages/airflow/example_dags/example_task_group_decorator.py for tasks to queue
[2023-03-04T11:24:37.784+0000] {logging_mixin.py:137} INFO - [2023-03-04T11:24:37.784+0000] {dagbag.py:538} INFO - Filling up the DagBag from /home/airflow/.local/lib/python3.7/site-packages/airflow/example_dags/example_task_group_decorator.py
[2023-03-04T11:24:37.838+0000] {processor.py:753} INFO - DAG(s) dict_keys(['example_task_group_decorator']) retrieved from /home/airflow/.local/lib/python3.7/site-packages/airflow/example_dags/example_task_group_decorator.py
[2023-03-04T11:24:37.904+0000] {logging_mixin.py:137} INFO - [2023-03-04T11:24:37.904+0000] {dag.py:2690} INFO - Sync 1 DAGs
[2023-03-04T11:24:37.941+0000] {logging_mixin.py:137} INFO - [2023-03-04T11:24:37.940+0000] {dag.py:3441} INFO - Setting next_dagrun for example_task_group_decorator to 2023-03-03T11:24:37.940609+00:00, run_after=2023-03-04T11:24:37.940609+00:00
[2023-03-04T11:24:37.966+0000] {processor.py:175} INFO - Processing /home/airflow/.local/lib/python3.7/site-packages/airflow/example_dags/example_task_group_decorator.py took 0.188 seconds
[2023-03-04T11:25:08.755+0000] {processor.py:153} INFO - Started process (PID=1695) to work on /home/airflow/.local/lib/python3.7/site-packages/airflow/example_dags/example_task_group_decorator.py
[2023-03-04T11:25:08.756+0000] {processor.py:743} INFO - Processing file /home/airflow/.local/lib/python3.7/site-packages/airflow/example_dags/example_task_group_decorator.py for tasks to queue
[2023-03-04T11:25:08.758+0000] {logging_mixin.py:137} INFO - [2023-03-04T11:25:08.758+0000] {dagbag.py:538} INFO - Filling up the DagBag from /home/airflow/.local/lib/python3.7/site-packages/airflow/example_dags/example_task_group_decorator.py
[2023-03-04T11:25:08.793+0000] {processor.py:753} INFO - DAG(s) dict_keys(['example_task_group_decorator']) retrieved from /home/airflow/.local/lib/python3.7/site-packages/airflow/example_dags/example_task_group_decorator.py
[2023-03-04T11:25:08.829+0000] {logging_mixin.py:137} INFO - [2023-03-04T11:25:08.829+0000] {dag.py:2690} INFO - Sync 1 DAGs
[2023-03-04T11:25:08.864+0000] {logging_mixin.py:137} INFO - [2023-03-04T11:25:08.864+0000] {dag.py:3441} INFO - Setting next_dagrun for example_task_group_decorator to 2023-03-03T11:25:08.863673+00:00, run_after=2023-03-04T11:25:08.863673+00:00
[2023-03-04T11:25:08.889+0000] {processor.py:175} INFO - Processing /home/airflow/.local/lib/python3.7/site-packages/airflow/example_dags/example_task_group_decorator.py took 0.138 seconds
