[2023-03-04T11:22:05.386+0000] {processor.py:153} INFO - Started process (PID=319) to work on /home/airflow/.local/lib/python3.7/site-packages/airflow/example_dags/example_short_circuit_operator.py
[2023-03-04T11:22:05.388+0000] {processor.py:743} INFO - Processing file /home/airflow/.local/lib/python3.7/site-packages/airflow/example_dags/example_short_circuit_operator.py for tasks to queue
[2023-03-04T11:22:05.390+0000] {logging_mixin.py:137} INFO - [2023-03-04T11:22:05.389+0000] {dagbag.py:538} INFO - Filling up the DagBag from /home/airflow/.local/lib/python3.7/site-packages/airflow/example_dags/example_short_circuit_operator.py
[2023-03-04T11:22:05.423+0000] {processor.py:753} INFO - DAG(s) dict_keys(['example_short_circuit_operator']) retrieved from /home/airflow/.local/lib/python3.7/site-packages/airflow/example_dags/example_short_circuit_operator.py
[2023-03-04T11:22:05.448+0000] {logging_mixin.py:137} INFO - [2023-03-04T11:22:05.448+0000] {dag.py:2690} INFO - Sync 1 DAGs
[2023-03-04T11:22:05.490+0000] {logging_mixin.py:137} INFO - [2023-03-04T11:22:05.490+0000] {dag.py:3441} INFO - Setting next_dagrun for example_short_circuit_operator to 2023-03-03T11:22:05.489919+00:00, run_after=2023-03-04T11:22:05.489919+00:00
[2023-03-04T11:22:05.523+0000] {processor.py:175} INFO - Processing /home/airflow/.local/lib/python3.7/site-packages/airflow/example_dags/example_short_circuit_operator.py took 0.142 seconds
[2023-03-04T11:22:35.894+0000] {processor.py:153} INFO - Started process (PID=555) to work on /home/airflow/.local/lib/python3.7/site-packages/airflow/example_dags/example_short_circuit_operator.py
[2023-03-04T11:22:35.895+0000] {processor.py:743} INFO - Processing file /home/airflow/.local/lib/python3.7/site-packages/airflow/example_dags/example_short_circuit_operator.py for tasks to queue
[2023-03-04T11:22:35.897+0000] {logging_mixin.py:137} INFO - [2023-03-04T11:22:35.897+0000] {dagbag.py:538} INFO - Filling up the DagBag from /home/airflow/.local/lib/python3.7/site-packages/airflow/example_dags/example_short_circuit_operator.py
[2023-03-04T11:22:35.917+0000] {processor.py:753} INFO - DAG(s) dict_keys(['example_short_circuit_operator']) retrieved from /home/airflow/.local/lib/python3.7/site-packages/airflow/example_dags/example_short_circuit_operator.py
[2023-03-04T11:22:35.948+0000] {logging_mixin.py:137} INFO - [2023-03-04T11:22:35.948+0000] {dag.py:2690} INFO - Sync 1 DAGs
[2023-03-04T11:22:35.977+0000] {logging_mixin.py:137} INFO - [2023-03-04T11:22:35.977+0000] {dag.py:3441} INFO - Setting next_dagrun for example_short_circuit_operator to 2023-03-03T11:22:35.977393+00:00, run_after=2023-03-04T11:22:35.977393+00:00
[2023-03-04T11:22:36.002+0000] {processor.py:175} INFO - Processing /home/airflow/.local/lib/python3.7/site-packages/airflow/example_dags/example_short_circuit_operator.py took 0.112 seconds
[2023-03-04T11:23:06.395+0000] {processor.py:153} INFO - Started process (PID=782) to work on /home/airflow/.local/lib/python3.7/site-packages/airflow/example_dags/example_short_circuit_operator.py
[2023-03-04T11:23:06.396+0000] {processor.py:743} INFO - Processing file /home/airflow/.local/lib/python3.7/site-packages/airflow/example_dags/example_short_circuit_operator.py for tasks to queue
[2023-03-04T11:23:06.397+0000] {logging_mixin.py:137} INFO - [2023-03-04T11:23:06.397+0000] {dagbag.py:538} INFO - Filling up the DagBag from /home/airflow/.local/lib/python3.7/site-packages/airflow/example_dags/example_short_circuit_operator.py
[2023-03-04T11:23:06.417+0000] {processor.py:753} INFO - DAG(s) dict_keys(['example_short_circuit_operator']) retrieved from /home/airflow/.local/lib/python3.7/site-packages/airflow/example_dags/example_short_circuit_operator.py
[2023-03-04T11:23:06.448+0000] {logging_mixin.py:137} INFO - [2023-03-04T11:23:06.448+0000] {dag.py:2690} INFO - Sync 1 DAGs
[2023-03-04T11:23:06.476+0000] {logging_mixin.py:137} INFO - [2023-03-04T11:23:06.476+0000] {dag.py:3441} INFO - Setting next_dagrun for example_short_circuit_operator to 2023-03-03T11:23:06.476364+00:00, run_after=2023-03-04T11:23:06.476364+00:00
[2023-03-04T11:23:06.502+0000] {processor.py:175} INFO - Processing /home/airflow/.local/lib/python3.7/site-packages/airflow/example_dags/example_short_circuit_operator.py took 0.112 seconds
[2023-03-04T11:23:37.512+0000] {processor.py:153} INFO - Started process (PID=1028) to work on /home/airflow/.local/lib/python3.7/site-packages/airflow/example_dags/example_short_circuit_operator.py
[2023-03-04T11:23:37.514+0000] {processor.py:743} INFO - Processing file /home/airflow/.local/lib/python3.7/site-packages/airflow/example_dags/example_short_circuit_operator.py for tasks to queue
[2023-03-04T11:23:37.515+0000] {logging_mixin.py:137} INFO - [2023-03-04T11:23:37.515+0000] {dagbag.py:538} INFO - Filling up the DagBag from /home/airflow/.local/lib/python3.7/site-packages/airflow/example_dags/example_short_circuit_operator.py
[2023-03-04T11:23:37.536+0000] {processor.py:753} INFO - DAG(s) dict_keys(['example_short_circuit_operator']) retrieved from /home/airflow/.local/lib/python3.7/site-packages/airflow/example_dags/example_short_circuit_operator.py
[2023-03-04T11:23:37.568+0000] {logging_mixin.py:137} INFO - [2023-03-04T11:23:37.567+0000] {dag.py:2690} INFO - Sync 1 DAGs
[2023-03-04T11:23:37.597+0000] {logging_mixin.py:137} INFO - [2023-03-04T11:23:37.597+0000] {dag.py:3441} INFO - Setting next_dagrun for example_short_circuit_operator to 2023-03-03T11:23:37.597382+00:00, run_after=2023-03-04T11:23:37.597382+00:00
[2023-03-04T11:23:37.619+0000] {processor.py:175} INFO - Processing /home/airflow/.local/lib/python3.7/site-packages/airflow/example_dags/example_short_circuit_operator.py took 0.111 seconds
[2023-03-04T11:24:07.704+0000] {processor.py:153} INFO - Started process (PID=1257) to work on /home/airflow/.local/lib/python3.7/site-packages/airflow/example_dags/example_short_circuit_operator.py
[2023-03-04T11:24:07.706+0000] {processor.py:743} INFO - Processing file /home/airflow/.local/lib/python3.7/site-packages/airflow/example_dags/example_short_circuit_operator.py for tasks to queue
[2023-03-04T11:24:07.707+0000] {logging_mixin.py:137} INFO - [2023-03-04T11:24:07.707+0000] {dagbag.py:538} INFO - Filling up the DagBag from /home/airflow/.local/lib/python3.7/site-packages/airflow/example_dags/example_short_circuit_operator.py
[2023-03-04T11:24:07.736+0000] {processor.py:753} INFO - DAG(s) dict_keys(['example_short_circuit_operator']) retrieved from /home/airflow/.local/lib/python3.7/site-packages/airflow/example_dags/example_short_circuit_operator.py
[2023-03-04T11:24:07.767+0000] {logging_mixin.py:137} INFO - [2023-03-04T11:24:07.767+0000] {dag.py:2690} INFO - Sync 1 DAGs
[2023-03-04T11:24:07.797+0000] {logging_mixin.py:137} INFO - [2023-03-04T11:24:07.797+0000] {dag.py:3441} INFO - Setting next_dagrun for example_short_circuit_operator to 2023-03-03T11:24:07.797401+00:00, run_after=2023-03-04T11:24:07.797401+00:00
[2023-03-04T11:24:07.824+0000] {processor.py:175} INFO - Processing /home/airflow/.local/lib/python3.7/site-packages/airflow/example_dags/example_short_circuit_operator.py took 0.124 seconds
[2023-03-04T11:24:38.541+0000] {processor.py:153} INFO - Started process (PID=1503) to work on /home/airflow/.local/lib/python3.7/site-packages/airflow/example_dags/example_short_circuit_operator.py
[2023-03-04T11:24:38.542+0000] {processor.py:743} INFO - Processing file /home/airflow/.local/lib/python3.7/site-packages/airflow/example_dags/example_short_circuit_operator.py for tasks to queue
[2023-03-04T11:24:38.544+0000] {logging_mixin.py:137} INFO - [2023-03-04T11:24:38.544+0000] {dagbag.py:538} INFO - Filling up the DagBag from /home/airflow/.local/lib/python3.7/site-packages/airflow/example_dags/example_short_circuit_operator.py
[2023-03-04T11:24:38.566+0000] {processor.py:753} INFO - DAG(s) dict_keys(['example_short_circuit_operator']) retrieved from /home/airflow/.local/lib/python3.7/site-packages/airflow/example_dags/example_short_circuit_operator.py
[2023-03-04T11:24:38.615+0000] {logging_mixin.py:137} INFO - [2023-03-04T11:24:38.615+0000] {dag.py:2690} INFO - Sync 1 DAGs
[2023-03-04T11:24:38.657+0000] {logging_mixin.py:137} INFO - [2023-03-04T11:24:38.657+0000] {dag.py:3441} INFO - Setting next_dagrun for example_short_circuit_operator to 2023-03-03T11:24:38.657031+00:00, run_after=2023-03-04T11:24:38.657031+00:00
[2023-03-04T11:24:38.705+0000] {processor.py:175} INFO - Processing /home/airflow/.local/lib/python3.7/site-packages/airflow/example_dags/example_short_circuit_operator.py took 0.168 seconds
[2023-03-04T11:25:09.294+0000] {processor.py:153} INFO - Started process (PID=1730) to work on /home/airflow/.local/lib/python3.7/site-packages/airflow/example_dags/example_short_circuit_operator.py
[2023-03-04T11:25:09.296+0000] {processor.py:743} INFO - Processing file /home/airflow/.local/lib/python3.7/site-packages/airflow/example_dags/example_short_circuit_operator.py for tasks to queue
[2023-03-04T11:25:09.297+0000] {logging_mixin.py:137} INFO - [2023-03-04T11:25:09.297+0000] {dagbag.py:538} INFO - Filling up the DagBag from /home/airflow/.local/lib/python3.7/site-packages/airflow/example_dags/example_short_circuit_operator.py
[2023-03-04T11:25:09.317+0000] {processor.py:753} INFO - DAG(s) dict_keys(['example_short_circuit_operator']) retrieved from /home/airflow/.local/lib/python3.7/site-packages/airflow/example_dags/example_short_circuit_operator.py
[2023-03-04T11:25:09.351+0000] {logging_mixin.py:137} INFO - [2023-03-04T11:25:09.350+0000] {dag.py:2690} INFO - Sync 1 DAGs
[2023-03-04T11:25:09.380+0000] {logging_mixin.py:137} INFO - [2023-03-04T11:25:09.380+0000] {dag.py:3441} INFO - Setting next_dagrun for example_short_circuit_operator to 2023-03-03T11:25:09.380197+00:00, run_after=2023-03-04T11:25:09.380197+00:00
[2023-03-04T11:25:09.403+0000] {processor.py:175} INFO - Processing /home/airflow/.local/lib/python3.7/site-packages/airflow/example_dags/example_short_circuit_operator.py took 0.113 seconds
