[2023-03-04T11:22:04.911+0000] {processor.py:153} INFO - Started process (PID=299) to work on /home/airflow/.local/lib/python3.7/site-packages/airflow/example_dags/example_datasets.py
[2023-03-04T11:22:04.913+0000] {processor.py:743} INFO - Processing file /home/airflow/.local/lib/python3.7/site-packages/airflow/example_dags/example_datasets.py for tasks to queue
[2023-03-04T11:22:04.915+0000] {logging_mixin.py:137} INFO - [2023-03-04T11:22:04.914+0000] {dagbag.py:538} INFO - Filling up the DagBag from /home/airflow/.local/lib/python3.7/site-packages/airflow/example_dags/example_datasets.py
[2023-03-04T11:22:04.941+0000] {processor.py:753} INFO - DAG(s) dict_keys(['dataset_produces_1', 'dataset_produces_2', 'dataset_consumes_1_and_2', 'dataset_consumes_1', 'dataset_consumes_unknown_never_scheduled', 'dataset_consumes_1_never_scheduled']) retrieved from /home/airflow/.local/lib/python3.7/site-packages/airflow/example_dags/example_datasets.py
[2023-03-04T11:22:04.979+0000] {logging_mixin.py:137} INFO - [2023-03-04T11:22:04.979+0000] {dag.py:2690} INFO - Sync 6 DAGs
[2023-03-04T11:22:05.030+0000] {logging_mixin.py:137} INFO - [2023-03-04T11:22:05.030+0000] {dag.py:3441} INFO - Setting next_dagrun for dataset_consumes_1 to None, run_after=None
[2023-03-04T11:22:05.035+0000] {logging_mixin.py:137} INFO - [2023-03-04T11:22:05.035+0000] {dag.py:3441} INFO - Setting next_dagrun for dataset_consumes_1_and_2 to None, run_after=None
[2023-03-04T11:22:05.042+0000] {logging_mixin.py:137} INFO - [2023-03-04T11:22:05.041+0000] {dag.py:3441} INFO - Setting next_dagrun for dataset_consumes_1_never_scheduled to None, run_after=None
[2023-03-04T11:22:05.047+0000] {logging_mixin.py:137} INFO - [2023-03-04T11:22:05.047+0000] {dag.py:3441} INFO - Setting next_dagrun for dataset_consumes_unknown_never_scheduled to None, run_after=None
[2023-03-04T11:22:05.055+0000] {logging_mixin.py:137} INFO - [2023-03-04T11:22:05.054+0000] {dag.py:3441} INFO - Setting next_dagrun for dataset_produces_1 to 2023-03-03T00:00:00+00:00, run_after=2023-03-04T00:00:00+00:00
[2023-03-04T11:22:05.058+0000] {logging_mixin.py:137} INFO - [2023-03-04T11:22:05.058+0000] {dag.py:3441} INFO - Setting next_dagrun for dataset_produces_2 to None, run_after=None
[2023-03-04T11:22:05.139+0000] {processor.py:175} INFO - Processing /home/airflow/.local/lib/python3.7/site-packages/airflow/example_dags/example_datasets.py took 0.232 seconds
[2023-03-04T11:22:35.554+0000] {processor.py:153} INFO - Started process (PID=535) to work on /home/airflow/.local/lib/python3.7/site-packages/airflow/example_dags/example_datasets.py
[2023-03-04T11:22:35.556+0000] {processor.py:743} INFO - Processing file /home/airflow/.local/lib/python3.7/site-packages/airflow/example_dags/example_datasets.py for tasks to queue
[2023-03-04T11:22:35.557+0000] {logging_mixin.py:137} INFO - [2023-03-04T11:22:35.557+0000] {dagbag.py:538} INFO - Filling up the DagBag from /home/airflow/.local/lib/python3.7/site-packages/airflow/example_dags/example_datasets.py
[2023-03-04T11:22:35.583+0000] {processor.py:753} INFO - DAG(s) dict_keys(['dataset_consumes_1_and_2', 'dataset_produces_1', 'dataset_produces_2', 'dataset_consumes_unknown_never_scheduled', 'dataset_consumes_1', 'dataset_consumes_1_never_scheduled']) retrieved from /home/airflow/.local/lib/python3.7/site-packages/airflow/example_dags/example_datasets.py
[2023-03-04T11:22:35.685+0000] {logging_mixin.py:137} INFO - [2023-03-04T11:22:35.685+0000] {dag.py:2690} INFO - Sync 6 DAGs
[2023-03-04T11:22:35.712+0000] {logging_mixin.py:137} INFO - [2023-03-04T11:22:35.712+0000] {dag.py:3441} INFO - Setting next_dagrun for dataset_consumes_1 to None, run_after=None
[2023-03-04T11:22:35.717+0000] {logging_mixin.py:137} INFO - [2023-03-04T11:22:35.717+0000] {dag.py:3441} INFO - Setting next_dagrun for dataset_consumes_1_and_2 to None, run_after=None
[2023-03-04T11:22:35.720+0000] {logging_mixin.py:137} INFO - [2023-03-04T11:22:35.720+0000] {dag.py:3441} INFO - Setting next_dagrun for dataset_consumes_1_never_scheduled to None, run_after=None
[2023-03-04T11:22:35.722+0000] {logging_mixin.py:137} INFO - [2023-03-04T11:22:35.722+0000] {dag.py:3441} INFO - Setting next_dagrun for dataset_consumes_unknown_never_scheduled to None, run_after=None
[2023-03-04T11:22:35.727+0000] {logging_mixin.py:137} INFO - [2023-03-04T11:22:35.727+0000] {dag.py:3441} INFO - Setting next_dagrun for dataset_produces_1 to 2023-03-03T00:00:00+00:00, run_after=2023-03-04T00:00:00+00:00
[2023-03-04T11:22:35.730+0000] {logging_mixin.py:137} INFO - [2023-03-04T11:22:35.730+0000] {dag.py:3441} INFO - Setting next_dagrun for dataset_produces_2 to None, run_after=None
[2023-03-04T11:22:35.781+0000] {processor.py:175} INFO - Processing /home/airflow/.local/lib/python3.7/site-packages/airflow/example_dags/example_datasets.py took 0.231 seconds
[2023-03-04T11:23:06.066+0000] {processor.py:153} INFO - Started process (PID=762) to work on /home/airflow/.local/lib/python3.7/site-packages/airflow/example_dags/example_datasets.py
[2023-03-04T11:23:06.067+0000] {processor.py:743} INFO - Processing file /home/airflow/.local/lib/python3.7/site-packages/airflow/example_dags/example_datasets.py for tasks to queue
[2023-03-04T11:23:06.068+0000] {logging_mixin.py:137} INFO - [2023-03-04T11:23:06.068+0000] {dagbag.py:538} INFO - Filling up the DagBag from /home/airflow/.local/lib/python3.7/site-packages/airflow/example_dags/example_datasets.py
[2023-03-04T11:23:06.088+0000] {processor.py:753} INFO - DAG(s) dict_keys(['dataset_consumes_1_and_2', 'dataset_consumes_1', 'dataset_produces_2', 'dataset_produces_1', 'dataset_consumes_unknown_never_scheduled', 'dataset_consumes_1_never_scheduled']) retrieved from /home/airflow/.local/lib/python3.7/site-packages/airflow/example_dags/example_datasets.py
[2023-03-04T11:23:06.137+0000] {logging_mixin.py:137} INFO - [2023-03-04T11:23:06.136+0000] {dag.py:2690} INFO - Sync 6 DAGs
[2023-03-04T11:23:06.169+0000] {logging_mixin.py:137} INFO - [2023-03-04T11:23:06.169+0000] {dag.py:3441} INFO - Setting next_dagrun for dataset_consumes_1 to None, run_after=None
[2023-03-04T11:23:06.173+0000] {logging_mixin.py:137} INFO - [2023-03-04T11:23:06.173+0000] {dag.py:3441} INFO - Setting next_dagrun for dataset_consumes_1_and_2 to None, run_after=None
[2023-03-04T11:23:06.176+0000] {logging_mixin.py:137} INFO - [2023-03-04T11:23:06.176+0000] {dag.py:3441} INFO - Setting next_dagrun for dataset_consumes_1_never_scheduled to None, run_after=None
[2023-03-04T11:23:06.178+0000] {logging_mixin.py:137} INFO - [2023-03-04T11:23:06.177+0000] {dag.py:3441} INFO - Setting next_dagrun for dataset_consumes_unknown_never_scheduled to None, run_after=None
[2023-03-04T11:23:06.181+0000] {logging_mixin.py:137} INFO - [2023-03-04T11:23:06.181+0000] {dag.py:3441} INFO - Setting next_dagrun for dataset_produces_1 to 2023-03-03T00:00:00+00:00, run_after=2023-03-04T00:00:00+00:00
[2023-03-04T11:23:06.183+0000] {logging_mixin.py:137} INFO - [2023-03-04T11:23:06.183+0000] {dag.py:3441} INFO - Setting next_dagrun for dataset_produces_2 to None, run_after=None
[2023-03-04T11:23:06.222+0000] {processor.py:175} INFO - Processing /home/airflow/.local/lib/python3.7/site-packages/airflow/example_dags/example_datasets.py took 0.160 seconds
[2023-03-04T11:23:37.191+0000] {processor.py:153} INFO - Started process (PID=1008) to work on /home/airflow/.local/lib/python3.7/site-packages/airflow/example_dags/example_datasets.py
[2023-03-04T11:23:37.192+0000] {processor.py:743} INFO - Processing file /home/airflow/.local/lib/python3.7/site-packages/airflow/example_dags/example_datasets.py for tasks to queue
[2023-03-04T11:23:37.194+0000] {logging_mixin.py:137} INFO - [2023-03-04T11:23:37.194+0000] {dagbag.py:538} INFO - Filling up the DagBag from /home/airflow/.local/lib/python3.7/site-packages/airflow/example_dags/example_datasets.py
[2023-03-04T11:23:37.214+0000] {processor.py:753} INFO - DAG(s) dict_keys(['dataset_consumes_1_never_scheduled', 'dataset_produces_1', 'dataset_consumes_1_and_2', 'dataset_consumes_unknown_never_scheduled', 'dataset_produces_2', 'dataset_consumes_1']) retrieved from /home/airflow/.local/lib/python3.7/site-packages/airflow/example_dags/example_datasets.py
[2023-03-04T11:23:37.264+0000] {logging_mixin.py:137} INFO - [2023-03-04T11:23:37.264+0000] {dag.py:2690} INFO - Sync 6 DAGs
[2023-03-04T11:23:37.296+0000] {logging_mixin.py:137} INFO - [2023-03-04T11:23:37.295+0000] {dag.py:3441} INFO - Setting next_dagrun for dataset_consumes_1 to None, run_after=None
[2023-03-04T11:23:37.300+0000] {logging_mixin.py:137} INFO - [2023-03-04T11:23:37.300+0000] {dag.py:3441} INFO - Setting next_dagrun for dataset_consumes_1_and_2 to None, run_after=None
[2023-03-04T11:23:37.302+0000] {logging_mixin.py:137} INFO - [2023-03-04T11:23:37.302+0000] {dag.py:3441} INFO - Setting next_dagrun for dataset_consumes_1_never_scheduled to None, run_after=None
[2023-03-04T11:23:37.304+0000] {logging_mixin.py:137} INFO - [2023-03-04T11:23:37.304+0000] {dag.py:3441} INFO - Setting next_dagrun for dataset_consumes_unknown_never_scheduled to None, run_after=None
[2023-03-04T11:23:37.308+0000] {logging_mixin.py:137} INFO - [2023-03-04T11:23:37.308+0000] {dag.py:3441} INFO - Setting next_dagrun for dataset_produces_1 to 2023-03-03T00:00:00+00:00, run_after=2023-03-04T00:00:00+00:00
[2023-03-04T11:23:37.310+0000] {logging_mixin.py:137} INFO - [2023-03-04T11:23:37.310+0000] {dag.py:3441} INFO - Setting next_dagrun for dataset_produces_2 to None, run_after=None
[2023-03-04T11:23:37.351+0000] {processor.py:175} INFO - Processing /home/airflow/.local/lib/python3.7/site-packages/airflow/example_dags/example_datasets.py took 0.165 seconds
[2023-03-04T11:24:07.435+0000] {processor.py:153} INFO - Started process (PID=1242) to work on /home/airflow/.local/lib/python3.7/site-packages/airflow/example_dags/example_datasets.py
[2023-03-04T11:24:07.437+0000] {processor.py:743} INFO - Processing file /home/airflow/.local/lib/python3.7/site-packages/airflow/example_dags/example_datasets.py for tasks to queue
[2023-03-04T11:24:07.438+0000] {logging_mixin.py:137} INFO - [2023-03-04T11:24:07.438+0000] {dagbag.py:538} INFO - Filling up the DagBag from /home/airflow/.local/lib/python3.7/site-packages/airflow/example_dags/example_datasets.py
[2023-03-04T11:24:07.459+0000] {processor.py:753} INFO - DAG(s) dict_keys(['dataset_consumes_1_never_scheduled', 'dataset_consumes_1', 'dataset_consumes_1_and_2', 'dataset_produces_1', 'dataset_consumes_unknown_never_scheduled', 'dataset_produces_2']) retrieved from /home/airflow/.local/lib/python3.7/site-packages/airflow/example_dags/example_datasets.py
[2023-03-04T11:24:07.518+0000] {logging_mixin.py:137} INFO - [2023-03-04T11:24:07.518+0000] {dag.py:2690} INFO - Sync 6 DAGs
[2023-03-04T11:24:07.559+0000] {logging_mixin.py:137} INFO - [2023-03-04T11:24:07.559+0000] {dag.py:3441} INFO - Setting next_dagrun for dataset_consumes_1 to None, run_after=None
[2023-03-04T11:24:07.565+0000] {logging_mixin.py:137} INFO - [2023-03-04T11:24:07.565+0000] {dag.py:3441} INFO - Setting next_dagrun for dataset_consumes_1_and_2 to None, run_after=None
[2023-03-04T11:24:07.570+0000] {logging_mixin.py:137} INFO - [2023-03-04T11:24:07.569+0000] {dag.py:3441} INFO - Setting next_dagrun for dataset_consumes_1_never_scheduled to None, run_after=None
[2023-03-04T11:24:07.573+0000] {logging_mixin.py:137} INFO - [2023-03-04T11:24:07.573+0000] {dag.py:3441} INFO - Setting next_dagrun for dataset_consumes_unknown_never_scheduled to None, run_after=None
[2023-03-04T11:24:07.581+0000] {logging_mixin.py:137} INFO - [2023-03-04T11:24:07.580+0000] {dag.py:3441} INFO - Setting next_dagrun for dataset_produces_1 to 2023-03-03T00:00:00+00:00, run_after=2023-03-04T00:00:00+00:00
[2023-03-04T11:24:07.584+0000] {logging_mixin.py:137} INFO - [2023-03-04T11:24:07.584+0000] {dag.py:3441} INFO - Setting next_dagrun for dataset_produces_2 to None, run_after=None
[2023-03-04T11:24:07.635+0000] {processor.py:175} INFO - Processing /home/airflow/.local/lib/python3.7/site-packages/airflow/example_dags/example_datasets.py took 0.204 seconds
[2023-03-04T11:24:38.024+0000] {processor.py:153} INFO - Started process (PID=1483) to work on /home/airflow/.local/lib/python3.7/site-packages/airflow/example_dags/example_datasets.py
[2023-03-04T11:24:38.026+0000] {processor.py:743} INFO - Processing file /home/airflow/.local/lib/python3.7/site-packages/airflow/example_dags/example_datasets.py for tasks to queue
[2023-03-04T11:24:38.027+0000] {logging_mixin.py:137} INFO - [2023-03-04T11:24:38.027+0000] {dagbag.py:538} INFO - Filling up the DagBag from /home/airflow/.local/lib/python3.7/site-packages/airflow/example_dags/example_datasets.py
[2023-03-04T11:24:38.049+0000] {processor.py:753} INFO - DAG(s) dict_keys(['dataset_produces_2', 'dataset_consumes_unknown_never_scheduled', 'dataset_produces_1', 'dataset_consumes_1_and_2', 'dataset_consumes_1', 'dataset_consumes_1_never_scheduled']) retrieved from /home/airflow/.local/lib/python3.7/site-packages/airflow/example_dags/example_datasets.py
[2023-03-04T11:24:38.137+0000] {logging_mixin.py:137} INFO - [2023-03-04T11:24:38.136+0000] {dag.py:2690} INFO - Sync 6 DAGs
[2023-03-04T11:24:38.211+0000] {logging_mixin.py:137} INFO - [2023-03-04T11:24:38.211+0000] {dag.py:3441} INFO - Setting next_dagrun for dataset_consumes_1 to None, run_after=None
[2023-03-04T11:24:38.217+0000] {logging_mixin.py:137} INFO - [2023-03-04T11:24:38.217+0000] {dag.py:3441} INFO - Setting next_dagrun for dataset_consumes_1_and_2 to None, run_after=None
[2023-03-04T11:24:38.227+0000] {logging_mixin.py:137} INFO - [2023-03-04T11:24:38.227+0000] {dag.py:3441} INFO - Setting next_dagrun for dataset_consumes_1_never_scheduled to None, run_after=None
[2023-03-04T11:24:38.231+0000] {logging_mixin.py:137} INFO - [2023-03-04T11:24:38.230+0000] {dag.py:3441} INFO - Setting next_dagrun for dataset_consumes_unknown_never_scheduled to None, run_after=None
[2023-03-04T11:24:38.237+0000] {logging_mixin.py:137} INFO - [2023-03-04T11:24:38.236+0000] {dag.py:3441} INFO - Setting next_dagrun for dataset_produces_1 to 2023-03-03T00:00:00+00:00, run_after=2023-03-04T00:00:00+00:00
[2023-03-04T11:24:38.240+0000] {logging_mixin.py:137} INFO - [2023-03-04T11:24:38.240+0000] {dag.py:3441} INFO - Setting next_dagrun for dataset_produces_2 to None, run_after=None
[2023-03-04T11:24:38.310+0000] {processor.py:175} INFO - Processing /home/airflow/.local/lib/python3.7/site-packages/airflow/example_dags/example_datasets.py took 0.290 seconds
[2023-03-04T11:25:08.954+0000] {processor.py:153} INFO - Started process (PID=1710) to work on /home/airflow/.local/lib/python3.7/site-packages/airflow/example_dags/example_datasets.py
[2023-03-04T11:25:08.955+0000] {processor.py:743} INFO - Processing file /home/airflow/.local/lib/python3.7/site-packages/airflow/example_dags/example_datasets.py for tasks to queue
[2023-03-04T11:25:08.957+0000] {logging_mixin.py:137} INFO - [2023-03-04T11:25:08.956+0000] {dagbag.py:538} INFO - Filling up the DagBag from /home/airflow/.local/lib/python3.7/site-packages/airflow/example_dags/example_datasets.py
[2023-03-04T11:25:08.977+0000] {processor.py:753} INFO - DAG(s) dict_keys(['dataset_consumes_1_never_scheduled', 'dataset_produces_1', 'dataset_consumes_1', 'dataset_produces_2', 'dataset_consumes_1_and_2', 'dataset_consumes_unknown_never_scheduled']) retrieved from /home/airflow/.local/lib/python3.7/site-packages/airflow/example_dags/example_datasets.py
[2023-03-04T11:25:09.026+0000] {logging_mixin.py:137} INFO - [2023-03-04T11:25:09.025+0000] {dag.py:2690} INFO - Sync 6 DAGs
[2023-03-04T11:25:09.058+0000] {logging_mixin.py:137} INFO - [2023-03-04T11:25:09.057+0000] {dag.py:3441} INFO - Setting next_dagrun for dataset_consumes_1 to None, run_after=None
[2023-03-04T11:25:09.062+0000] {logging_mixin.py:137} INFO - [2023-03-04T11:25:09.062+0000] {dag.py:3441} INFO - Setting next_dagrun for dataset_consumes_1_and_2 to None, run_after=None
[2023-03-04T11:25:09.065+0000] {logging_mixin.py:137} INFO - [2023-03-04T11:25:09.064+0000] {dag.py:3441} INFO - Setting next_dagrun for dataset_consumes_1_never_scheduled to None, run_after=None
[2023-03-04T11:25:09.067+0000] {logging_mixin.py:137} INFO - [2023-03-04T11:25:09.067+0000] {dag.py:3441} INFO - Setting next_dagrun for dataset_consumes_unknown_never_scheduled to None, run_after=None
[2023-03-04T11:25:09.072+0000] {logging_mixin.py:137} INFO - [2023-03-04T11:25:09.071+0000] {dag.py:3441} INFO - Setting next_dagrun for dataset_produces_1 to 2023-03-03T00:00:00+00:00, run_after=2023-03-04T00:00:00+00:00
[2023-03-04T11:25:09.074+0000] {logging_mixin.py:137} INFO - [2023-03-04T11:25:09.074+0000] {dag.py:3441} INFO - Setting next_dagrun for dataset_produces_2 to None, run_after=None
[2023-03-04T11:25:09.119+0000] {processor.py:175} INFO - Processing /home/airflow/.local/lib/python3.7/site-packages/airflow/example_dags/example_datasets.py took 0.169 seconds
