[2023-03-04T11:22:03.822+0000] {processor.py:153} INFO - Started process (PID=247) to work on /home/airflow/.local/lib/python3.7/site-packages/airflow/example_dags/example_subdag_operator.py
[2023-03-04T11:22:03.824+0000] {processor.py:743} INFO - Processing file /home/airflow/.local/lib/python3.7/site-packages/airflow/example_dags/example_subdag_operator.py for tasks to queue
[2023-03-04T11:22:03.825+0000] {logging_mixin.py:137} INFO - [2023-03-04T11:22:03.825+0000] {dagbag.py:538} INFO - Filling up the DagBag from /home/airflow/.local/lib/python3.7/site-packages/airflow/example_dags/example_subdag_operator.py
[2023-03-04T11:22:03.879+0000] {processor.py:753} INFO - DAG(s) dict_keys(['example_subdag_operator.section-1', 'example_subdag_operator.section-2', 'example_subdag_operator']) retrieved from /home/airflow/.local/lib/python3.7/site-packages/airflow/example_dags/example_subdag_operator.py
[2023-03-04T11:22:03.885+0000] {logging_mixin.py:137} INFO - [2023-03-04T11:22:03.885+0000] {dag.py:2690} INFO - Sync 3 DAGs
[2023-03-04T11:22:03.930+0000] {logging_mixin.py:137} INFO - [2023-03-04T11:22:03.929+0000] {dag.py:3441} INFO - Setting next_dagrun for example_subdag_operator to 2022-01-01T00:00:00+00:00, run_after=2022-01-01T00:00:00+00:00
[2023-03-04T11:22:03.935+0000] {logging_mixin.py:137} INFO - [2023-03-04T11:22:03.935+0000] {dag.py:3441} INFO - Setting next_dagrun for example_subdag_operator.section-1 to None, run_after=None
[2023-03-04T11:22:03.937+0000] {logging_mixin.py:137} INFO - [2023-03-04T11:22:03.937+0000] {dag.py:3441} INFO - Setting next_dagrun for example_subdag_operator.section-2 to None, run_after=None
[2023-03-04T11:22:03.948+0000] {logging_mixin.py:137} INFO - [2023-03-04T11:22:03.948+0000] {dag.py:2690} INFO - Sync 2 DAGs
[2023-03-04T11:22:03.960+0000] {logging_mixin.py:137} INFO - [2023-03-04T11:22:03.960+0000] {dag.py:3441} INFO - Setting next_dagrun for example_subdag_operator.section-1 to None, run_after=None
[2023-03-04T11:22:03.966+0000] {logging_mixin.py:137} INFO - [2023-03-04T11:22:03.966+0000] {dag.py:3441} INFO - Setting next_dagrun for example_subdag_operator.section-2 to None, run_after=None
[2023-03-04T11:22:04.001+0000] {processor.py:175} INFO - Processing /home/airflow/.local/lib/python3.7/site-packages/airflow/example_dags/example_subdag_operator.py took 0.183 seconds
[2023-03-04T11:22:34.749+0000] {processor.py:153} INFO - Started process (PID=485) to work on /home/airflow/.local/lib/python3.7/site-packages/airflow/example_dags/example_subdag_operator.py
[2023-03-04T11:22:34.752+0000] {processor.py:743} INFO - Processing file /home/airflow/.local/lib/python3.7/site-packages/airflow/example_dags/example_subdag_operator.py for tasks to queue
[2023-03-04T11:22:34.754+0000] {logging_mixin.py:137} INFO - [2023-03-04T11:22:34.753+0000] {dagbag.py:538} INFO - Filling up the DagBag from /home/airflow/.local/lib/python3.7/site-packages/airflow/example_dags/example_subdag_operator.py
[2023-03-04T11:22:34.828+0000] {processor.py:753} INFO - DAG(s) dict_keys(['example_subdag_operator.section-1', 'example_subdag_operator.section-2', 'example_subdag_operator']) retrieved from /home/airflow/.local/lib/python3.7/site-packages/airflow/example_dags/example_subdag_operator.py
[2023-03-04T11:22:34.857+0000] {logging_mixin.py:137} INFO - [2023-03-04T11:22:34.857+0000] {dag.py:2690} INFO - Sync 3 DAGs
[2023-03-04T11:22:34.902+0000] {logging_mixin.py:137} INFO - [2023-03-04T11:22:34.902+0000] {dag.py:3441} INFO - Setting next_dagrun for example_subdag_operator to 2022-01-01T00:00:00+00:00, run_after=2022-01-01T00:00:00+00:00
[2023-03-04T11:22:34.907+0000] {logging_mixin.py:137} INFO - [2023-03-04T11:22:34.907+0000] {dag.py:3441} INFO - Setting next_dagrun for example_subdag_operator.section-1 to None, run_after=None
[2023-03-04T11:22:34.909+0000] {logging_mixin.py:137} INFO - [2023-03-04T11:22:34.909+0000] {dag.py:3441} INFO - Setting next_dagrun for example_subdag_operator.section-2 to None, run_after=None
[2023-03-04T11:22:34.919+0000] {logging_mixin.py:137} INFO - [2023-03-04T11:22:34.919+0000] {dag.py:2690} INFO - Sync 2 DAGs
[2023-03-04T11:22:34.926+0000] {logging_mixin.py:137} INFO - [2023-03-04T11:22:34.926+0000] {dag.py:3441} INFO - Setting next_dagrun for example_subdag_operator.section-1 to None, run_after=None
[2023-03-04T11:22:34.927+0000] {logging_mixin.py:137} INFO - [2023-03-04T11:22:34.927+0000] {dag.py:3441} INFO - Setting next_dagrun for example_subdag_operator.section-2 to None, run_after=None
[2023-03-04T11:22:34.940+0000] {processor.py:175} INFO - Processing /home/airflow/.local/lib/python3.7/site-packages/airflow/example_dags/example_subdag_operator.py took 0.197 seconds
[2023-03-04T11:23:05.326+0000] {processor.py:153} INFO - Started process (PID=712) to work on /home/airflow/.local/lib/python3.7/site-packages/airflow/example_dags/example_subdag_operator.py
[2023-03-04T11:23:05.328+0000] {processor.py:743} INFO - Processing file /home/airflow/.local/lib/python3.7/site-packages/airflow/example_dags/example_subdag_operator.py for tasks to queue
[2023-03-04T11:23:05.329+0000] {logging_mixin.py:137} INFO - [2023-03-04T11:23:05.329+0000] {dagbag.py:538} INFO - Filling up the DagBag from /home/airflow/.local/lib/python3.7/site-packages/airflow/example_dags/example_subdag_operator.py
[2023-03-04T11:23:05.367+0000] {processor.py:753} INFO - DAG(s) dict_keys(['example_subdag_operator.section-1', 'example_subdag_operator.section-2', 'example_subdag_operator']) retrieved from /home/airflow/.local/lib/python3.7/site-packages/airflow/example_dags/example_subdag_operator.py
[2023-03-04T11:23:05.388+0000] {logging_mixin.py:137} INFO - [2023-03-04T11:23:05.388+0000] {dag.py:2690} INFO - Sync 3 DAGs
[2023-03-04T11:23:05.417+0000] {logging_mixin.py:137} INFO - [2023-03-04T11:23:05.417+0000] {dag.py:3441} INFO - Setting next_dagrun for example_subdag_operator to 2022-01-01T00:00:00+00:00, run_after=2022-01-01T00:00:00+00:00
[2023-03-04T11:23:05.422+0000] {logging_mixin.py:137} INFO - [2023-03-04T11:23:05.422+0000] {dag.py:3441} INFO - Setting next_dagrun for example_subdag_operator.section-1 to None, run_after=None
[2023-03-04T11:23:05.424+0000] {logging_mixin.py:137} INFO - [2023-03-04T11:23:05.424+0000] {dag.py:3441} INFO - Setting next_dagrun for example_subdag_operator.section-2 to None, run_after=None
[2023-03-04T11:23:05.433+0000] {logging_mixin.py:137} INFO - [2023-03-04T11:23:05.432+0000] {dag.py:2690} INFO - Sync 2 DAGs
[2023-03-04T11:23:05.439+0000] {logging_mixin.py:137} INFO - [2023-03-04T11:23:05.439+0000] {dag.py:3441} INFO - Setting next_dagrun for example_subdag_operator.section-1 to None, run_after=None
[2023-03-04T11:23:05.440+0000] {logging_mixin.py:137} INFO - [2023-03-04T11:23:05.440+0000] {dag.py:3441} INFO - Setting next_dagrun for example_subdag_operator.section-2 to None, run_after=None
[2023-03-04T11:23:05.454+0000] {processor.py:175} INFO - Processing /home/airflow/.local/lib/python3.7/site-packages/airflow/example_dags/example_subdag_operator.py took 0.131 seconds
[2023-03-04T11:23:36.006+0000] {processor.py:153} INFO - Started process (PID=960) to work on /home/airflow/.local/lib/python3.7/site-packages/airflow/example_dags/example_subdag_operator.py
[2023-03-04T11:23:36.008+0000] {processor.py:743} INFO - Processing file /home/airflow/.local/lib/python3.7/site-packages/airflow/example_dags/example_subdag_operator.py for tasks to queue
[2023-03-04T11:23:36.009+0000] {logging_mixin.py:137} INFO - [2023-03-04T11:23:36.009+0000] {dagbag.py:538} INFO - Filling up the DagBag from /home/airflow/.local/lib/python3.7/site-packages/airflow/example_dags/example_subdag_operator.py
[2023-03-04T11:23:36.048+0000] {processor.py:753} INFO - DAG(s) dict_keys(['example_subdag_operator.section-1', 'example_subdag_operator.section-2', 'example_subdag_operator']) retrieved from /home/airflow/.local/lib/python3.7/site-packages/airflow/example_dags/example_subdag_operator.py
[2023-03-04T11:23:36.072+0000] {logging_mixin.py:137} INFO - [2023-03-04T11:23:36.072+0000] {dag.py:2690} INFO - Sync 3 DAGs
[2023-03-04T11:23:36.108+0000] {logging_mixin.py:137} INFO - [2023-03-04T11:23:36.107+0000] {dag.py:3441} INFO - Setting next_dagrun for example_subdag_operator to 2022-01-01T00:00:00+00:00, run_after=2022-01-01T00:00:00+00:00
[2023-03-04T11:23:36.115+0000] {logging_mixin.py:137} INFO - [2023-03-04T11:23:36.115+0000] {dag.py:3441} INFO - Setting next_dagrun for example_subdag_operator.section-1 to None, run_after=None
[2023-03-04T11:23:36.118+0000] {logging_mixin.py:137} INFO - [2023-03-04T11:23:36.117+0000] {dag.py:3441} INFO - Setting next_dagrun for example_subdag_operator.section-2 to None, run_after=None
[2023-03-04T11:23:36.131+0000] {logging_mixin.py:137} INFO - [2023-03-04T11:23:36.131+0000] {dag.py:2690} INFO - Sync 2 DAGs
[2023-03-04T11:23:36.138+0000] {logging_mixin.py:137} INFO - [2023-03-04T11:23:36.138+0000] {dag.py:3441} INFO - Setting next_dagrun for example_subdag_operator.section-1 to None, run_after=None
[2023-03-04T11:23:36.139+0000] {logging_mixin.py:137} INFO - [2023-03-04T11:23:36.139+0000] {dag.py:3441} INFO - Setting next_dagrun for example_subdag_operator.section-2 to None, run_after=None
[2023-03-04T11:23:36.162+0000] {processor.py:175} INFO - Processing /home/airflow/.local/lib/python3.7/site-packages/airflow/example_dags/example_subdag_operator.py took 0.160 seconds
[2023-03-04T11:24:06.610+0000] {processor.py:153} INFO - Started process (PID=1189) to work on /home/airflow/.local/lib/python3.7/site-packages/airflow/example_dags/example_subdag_operator.py
[2023-03-04T11:24:06.612+0000] {processor.py:743} INFO - Processing file /home/airflow/.local/lib/python3.7/site-packages/airflow/example_dags/example_subdag_operator.py for tasks to queue
[2023-03-04T11:24:06.613+0000] {logging_mixin.py:137} INFO - [2023-03-04T11:24:06.613+0000] {dagbag.py:538} INFO - Filling up the DagBag from /home/airflow/.local/lib/python3.7/site-packages/airflow/example_dags/example_subdag_operator.py
[2023-03-04T11:24:06.653+0000] {processor.py:753} INFO - DAG(s) dict_keys(['example_subdag_operator.section-1', 'example_subdag_operator.section-2', 'example_subdag_operator']) retrieved from /home/airflow/.local/lib/python3.7/site-packages/airflow/example_dags/example_subdag_operator.py
[2023-03-04T11:24:06.674+0000] {logging_mixin.py:137} INFO - [2023-03-04T11:24:06.674+0000] {dag.py:2690} INFO - Sync 3 DAGs
[2023-03-04T11:24:06.704+0000] {logging_mixin.py:137} INFO - [2023-03-04T11:24:06.704+0000] {dag.py:3441} INFO - Setting next_dagrun for example_subdag_operator to 2022-01-01T00:00:00+00:00, run_after=2022-01-01T00:00:00+00:00
[2023-03-04T11:24:06.709+0000] {logging_mixin.py:137} INFO - [2023-03-04T11:24:06.708+0000] {dag.py:3441} INFO - Setting next_dagrun for example_subdag_operator.section-1 to None, run_after=None
[2023-03-04T11:24:06.710+0000] {logging_mixin.py:137} INFO - [2023-03-04T11:24:06.710+0000] {dag.py:3441} INFO - Setting next_dagrun for example_subdag_operator.section-2 to None, run_after=None
[2023-03-04T11:24:06.724+0000] {logging_mixin.py:137} INFO - [2023-03-04T11:24:06.723+0000] {dag.py:2690} INFO - Sync 2 DAGs
[2023-03-04T11:24:06.733+0000] {logging_mixin.py:137} INFO - [2023-03-04T11:24:06.732+0000] {dag.py:3441} INFO - Setting next_dagrun for example_subdag_operator.section-1 to None, run_after=None
[2023-03-04T11:24:06.734+0000] {logging_mixin.py:137} INFO - [2023-03-04T11:24:06.734+0000] {dag.py:3441} INFO - Setting next_dagrun for example_subdag_operator.section-2 to None, run_after=None
[2023-03-04T11:24:06.757+0000] {processor.py:175} INFO - Processing /home/airflow/.local/lib/python3.7/site-packages/airflow/example_dags/example_subdag_operator.py took 0.151 seconds
[2023-03-04T11:24:37.292+0000] {processor.py:153} INFO - Started process (PID=1433) to work on /home/airflow/.local/lib/python3.7/site-packages/airflow/example_dags/example_subdag_operator.py
[2023-03-04T11:24:37.293+0000] {processor.py:743} INFO - Processing file /home/airflow/.local/lib/python3.7/site-packages/airflow/example_dags/example_subdag_operator.py for tasks to queue
[2023-03-04T11:24:37.295+0000] {logging_mixin.py:137} INFO - [2023-03-04T11:24:37.295+0000] {dagbag.py:538} INFO - Filling up the DagBag from /home/airflow/.local/lib/python3.7/site-packages/airflow/example_dags/example_subdag_operator.py
[2023-03-04T11:24:37.335+0000] {processor.py:753} INFO - DAG(s) dict_keys(['example_subdag_operator.section-1', 'example_subdag_operator.section-2', 'example_subdag_operator']) retrieved from /home/airflow/.local/lib/python3.7/site-packages/airflow/example_dags/example_subdag_operator.py
[2023-03-04T11:24:37.358+0000] {logging_mixin.py:137} INFO - [2023-03-04T11:24:37.357+0000] {dag.py:2690} INFO - Sync 3 DAGs
[2023-03-04T11:24:37.387+0000] {logging_mixin.py:137} INFO - [2023-03-04T11:24:37.387+0000] {dag.py:3441} INFO - Setting next_dagrun for example_subdag_operator to 2022-01-01T00:00:00+00:00, run_after=2022-01-01T00:00:00+00:00
[2023-03-04T11:24:37.392+0000] {logging_mixin.py:137} INFO - [2023-03-04T11:24:37.391+0000] {dag.py:3441} INFO - Setting next_dagrun for example_subdag_operator.section-1 to None, run_after=None
[2023-03-04T11:24:37.394+0000] {logging_mixin.py:137} INFO - [2023-03-04T11:24:37.393+0000] {dag.py:3441} INFO - Setting next_dagrun for example_subdag_operator.section-2 to None, run_after=None
[2023-03-04T11:24:37.402+0000] {logging_mixin.py:137} INFO - [2023-03-04T11:24:37.402+0000] {dag.py:2690} INFO - Sync 2 DAGs
[2023-03-04T11:24:37.410+0000] {logging_mixin.py:137} INFO - [2023-03-04T11:24:37.410+0000] {dag.py:3441} INFO - Setting next_dagrun for example_subdag_operator.section-1 to None, run_after=None
[2023-03-04T11:24:37.411+0000] {logging_mixin.py:137} INFO - [2023-03-04T11:24:37.411+0000] {dag.py:3441} INFO - Setting next_dagrun for example_subdag_operator.section-2 to None, run_after=None
[2023-03-04T11:24:37.425+0000] {processor.py:175} INFO - Processing /home/airflow/.local/lib/python3.7/site-packages/airflow/example_dags/example_subdag_operator.py took 0.138 seconds
[2023-03-04T11:25:08.318+0000] {processor.py:153} INFO - Started process (PID=1667) to work on /home/airflow/.local/lib/python3.7/site-packages/airflow/example_dags/example_subdag_operator.py
[2023-03-04T11:25:08.320+0000] {processor.py:743} INFO - Processing file /home/airflow/.local/lib/python3.7/site-packages/airflow/example_dags/example_subdag_operator.py for tasks to queue
[2023-03-04T11:25:08.322+0000] {logging_mixin.py:137} INFO - [2023-03-04T11:25:08.322+0000] {dagbag.py:538} INFO - Filling up the DagBag from /home/airflow/.local/lib/python3.7/site-packages/airflow/example_dags/example_subdag_operator.py
[2023-03-04T11:25:08.366+0000] {processor.py:753} INFO - DAG(s) dict_keys(['example_subdag_operator.section-1', 'example_subdag_operator.section-2', 'example_subdag_operator']) retrieved from /home/airflow/.local/lib/python3.7/site-packages/airflow/example_dags/example_subdag_operator.py
[2023-03-04T11:25:08.388+0000] {logging_mixin.py:137} INFO - [2023-03-04T11:25:08.388+0000] {dag.py:2690} INFO - Sync 3 DAGs
[2023-03-04T11:25:08.417+0000] {logging_mixin.py:137} INFO - [2023-03-04T11:25:08.417+0000] {dag.py:3441} INFO - Setting next_dagrun for example_subdag_operator to 2022-01-01T00:00:00+00:00, run_after=2022-01-01T00:00:00+00:00
[2023-03-04T11:25:08.421+0000] {logging_mixin.py:137} INFO - [2023-03-04T11:25:08.421+0000] {dag.py:3441} INFO - Setting next_dagrun for example_subdag_operator.section-1 to None, run_after=None
[2023-03-04T11:25:08.423+0000] {logging_mixin.py:137} INFO - [2023-03-04T11:25:08.423+0000] {dag.py:3441} INFO - Setting next_dagrun for example_subdag_operator.section-2 to None, run_after=None
[2023-03-04T11:25:08.434+0000] {logging_mixin.py:137} INFO - [2023-03-04T11:25:08.434+0000] {dag.py:2690} INFO - Sync 2 DAGs
[2023-03-04T11:25:08.442+0000] {logging_mixin.py:137} INFO - [2023-03-04T11:25:08.442+0000] {dag.py:3441} INFO - Setting next_dagrun for example_subdag_operator.section-1 to None, run_after=None
[2023-03-04T11:25:08.443+0000] {logging_mixin.py:137} INFO - [2023-03-04T11:25:08.443+0000] {dag.py:3441} INFO - Setting next_dagrun for example_subdag_operator.section-2 to None, run_after=None
[2023-03-04T11:25:08.457+0000] {processor.py:175} INFO - Processing /home/airflow/.local/lib/python3.7/site-packages/airflow/example_dags/example_subdag_operator.py took 0.145 seconds
