[2023-03-04T11:22:06.447+0000] {processor.py:153} INFO - Started process (PID=363) to work on /home/airflow/.local/lib/python3.7/site-packages/airflow/example_dags/example_latest_only.py
[2023-03-04T11:22:06.449+0000] {processor.py:743} INFO - Processing file /home/airflow/.local/lib/python3.7/site-packages/airflow/example_dags/example_latest_only.py for tasks to queue
[2023-03-04T11:22:06.451+0000] {logging_mixin.py:137} INFO - [2023-03-04T11:22:06.451+0000] {dagbag.py:538} INFO - Filling up the DagBag from /home/airflow/.local/lib/python3.7/site-packages/airflow/example_dags/example_latest_only.py
[2023-03-04T11:22:06.480+0000] {processor.py:753} INFO - DAG(s) dict_keys(['latest_only']) retrieved from /home/airflow/.local/lib/python3.7/site-packages/airflow/example_dags/example_latest_only.py
[2023-03-04T11:22:06.508+0000] {logging_mixin.py:137} INFO - [2023-03-04T11:22:06.508+0000] {dag.py:2690} INFO - Sync 1 DAGs
[2023-03-04T11:22:06.564+0000] {logging_mixin.py:137} INFO - [2023-03-04T11:22:06.564+0000] {dag.py:3441} INFO - Setting next_dagrun for latest_only to 2023-03-04T07:22:06.563730+00:00, run_after=2023-03-04T11:22:06.563730+00:00
[2023-03-04T11:22:06.609+0000] {processor.py:175} INFO - Processing /home/airflow/.local/lib/python3.7/site-packages/airflow/example_dags/example_latest_only.py took 0.167 seconds
[2023-03-04T11:22:36.745+0000] {processor.py:153} INFO - Started process (PID=592) to work on /home/airflow/.local/lib/python3.7/site-packages/airflow/example_dags/example_latest_only.py
[2023-03-04T11:22:36.747+0000] {processor.py:743} INFO - Processing file /home/airflow/.local/lib/python3.7/site-packages/airflow/example_dags/example_latest_only.py for tasks to queue
[2023-03-04T11:22:36.748+0000] {logging_mixin.py:137} INFO - [2023-03-04T11:22:36.748+0000] {dagbag.py:538} INFO - Filling up the DagBag from /home/airflow/.local/lib/python3.7/site-packages/airflow/example_dags/example_latest_only.py
[2023-03-04T11:22:36.766+0000] {processor.py:753} INFO - DAG(s) dict_keys(['latest_only']) retrieved from /home/airflow/.local/lib/python3.7/site-packages/airflow/example_dags/example_latest_only.py
[2023-03-04T11:22:36.795+0000] {logging_mixin.py:137} INFO - [2023-03-04T11:22:36.795+0000] {dag.py:2690} INFO - Sync 1 DAGs
[2023-03-04T11:22:36.825+0000] {logging_mixin.py:137} INFO - [2023-03-04T11:22:36.825+0000] {dag.py:3441} INFO - Setting next_dagrun for latest_only to 2023-03-04T07:22:36.825004+00:00, run_after=2023-03-04T11:22:36.825004+00:00
[2023-03-04T11:22:36.849+0000] {processor.py:175} INFO - Processing /home/airflow/.local/lib/python3.7/site-packages/airflow/example_dags/example_latest_only.py took 0.107 seconds
[2023-03-04T11:23:06.960+0000] {processor.py:153} INFO - Started process (PID=817) to work on /home/airflow/.local/lib/python3.7/site-packages/airflow/example_dags/example_latest_only.py
[2023-03-04T11:23:06.962+0000] {processor.py:743} INFO - Processing file /home/airflow/.local/lib/python3.7/site-packages/airflow/example_dags/example_latest_only.py for tasks to queue
[2023-03-04T11:23:06.964+0000] {logging_mixin.py:137} INFO - [2023-03-04T11:23:06.963+0000] {dagbag.py:538} INFO - Filling up the DagBag from /home/airflow/.local/lib/python3.7/site-packages/airflow/example_dags/example_latest_only.py
[2023-03-04T11:23:06.981+0000] {processor.py:753} INFO - DAG(s) dict_keys(['latest_only']) retrieved from /home/airflow/.local/lib/python3.7/site-packages/airflow/example_dags/example_latest_only.py
[2023-03-04T11:23:07.010+0000] {logging_mixin.py:137} INFO - [2023-03-04T11:23:07.010+0000] {dag.py:2690} INFO - Sync 1 DAGs
[2023-03-04T11:23:07.039+0000] {logging_mixin.py:137} INFO - [2023-03-04T11:23:07.039+0000] {dag.py:3441} INFO - Setting next_dagrun for latest_only to 2023-03-04T07:23:07.039422+00:00, run_after=2023-03-04T11:23:07.039422+00:00
[2023-03-04T11:23:07.063+0000] {processor.py:175} INFO - Processing /home/airflow/.local/lib/python3.7/site-packages/airflow/example_dags/example_latest_only.py took 0.107 seconds
[2023-03-04T11:23:38.028+0000] {processor.py:153} INFO - Started process (PID=1063) to work on /home/airflow/.local/lib/python3.7/site-packages/airflow/example_dags/example_latest_only.py
[2023-03-04T11:23:38.030+0000] {processor.py:743} INFO - Processing file /home/airflow/.local/lib/python3.7/site-packages/airflow/example_dags/example_latest_only.py for tasks to queue
[2023-03-04T11:23:38.031+0000] {logging_mixin.py:137} INFO - [2023-03-04T11:23:38.031+0000] {dagbag.py:538} INFO - Filling up the DagBag from /home/airflow/.local/lib/python3.7/site-packages/airflow/example_dags/example_latest_only.py
[2023-03-04T11:23:38.048+0000] {processor.py:753} INFO - DAG(s) dict_keys(['latest_only']) retrieved from /home/airflow/.local/lib/python3.7/site-packages/airflow/example_dags/example_latest_only.py
[2023-03-04T11:23:38.079+0000] {logging_mixin.py:137} INFO - [2023-03-04T11:23:38.078+0000] {dag.py:2690} INFO - Sync 1 DAGs
[2023-03-04T11:23:38.108+0000] {logging_mixin.py:137} INFO - [2023-03-04T11:23:38.107+0000] {dag.py:3441} INFO - Setting next_dagrun for latest_only to 2023-03-04T07:23:38.107639+00:00, run_after=2023-03-04T11:23:38.107639+00:00
[2023-03-04T11:23:38.131+0000] {processor.py:175} INFO - Processing /home/airflow/.local/lib/python3.7/site-packages/airflow/example_dags/example_latest_only.py took 0.107 seconds
[2023-03-04T11:24:08.470+0000] {processor.py:153} INFO - Started process (PID=1294) to work on /home/airflow/.local/lib/python3.7/site-packages/airflow/example_dags/example_latest_only.py
[2023-03-04T11:24:08.471+0000] {processor.py:743} INFO - Processing file /home/airflow/.local/lib/python3.7/site-packages/airflow/example_dags/example_latest_only.py for tasks to queue
[2023-03-04T11:24:08.472+0000] {logging_mixin.py:137} INFO - [2023-03-04T11:24:08.472+0000] {dagbag.py:538} INFO - Filling up the DagBag from /home/airflow/.local/lib/python3.7/site-packages/airflow/example_dags/example_latest_only.py
[2023-03-04T11:24:08.490+0000] {processor.py:753} INFO - DAG(s) dict_keys(['latest_only']) retrieved from /home/airflow/.local/lib/python3.7/site-packages/airflow/example_dags/example_latest_only.py
[2023-03-04T11:24:08.519+0000] {logging_mixin.py:137} INFO - [2023-03-04T11:24:08.519+0000] {dag.py:2690} INFO - Sync 1 DAGs
[2023-03-04T11:24:08.549+0000] {logging_mixin.py:137} INFO - [2023-03-04T11:24:08.549+0000] {dag.py:3441} INFO - Setting next_dagrun for latest_only to 2023-03-04T07:24:08.548746+00:00, run_after=2023-03-04T11:24:08.548746+00:00
[2023-03-04T11:24:08.578+0000] {processor.py:175} INFO - Processing /home/airflow/.local/lib/python3.7/site-packages/airflow/example_dags/example_latest_only.py took 0.111 seconds
[2023-03-04T11:24:39.574+0000] {processor.py:153} INFO - Started process (PID=1540) to work on /home/airflow/.local/lib/python3.7/site-packages/airflow/example_dags/example_latest_only.py
[2023-03-04T11:24:39.575+0000] {processor.py:743} INFO - Processing file /home/airflow/.local/lib/python3.7/site-packages/airflow/example_dags/example_latest_only.py for tasks to queue
[2023-03-04T11:24:39.577+0000] {logging_mixin.py:137} INFO - [2023-03-04T11:24:39.577+0000] {dagbag.py:538} INFO - Filling up the DagBag from /home/airflow/.local/lib/python3.7/site-packages/airflow/example_dags/example_latest_only.py
[2023-03-04T11:24:39.594+0000] {processor.py:753} INFO - DAG(s) dict_keys(['latest_only']) retrieved from /home/airflow/.local/lib/python3.7/site-packages/airflow/example_dags/example_latest_only.py
[2023-03-04T11:24:39.625+0000] {logging_mixin.py:137} INFO - [2023-03-04T11:24:39.625+0000] {dag.py:2690} INFO - Sync 1 DAGs
[2023-03-04T11:24:39.662+0000] {logging_mixin.py:137} INFO - [2023-03-04T11:24:39.661+0000] {dag.py:3441} INFO - Setting next_dagrun for latest_only to 2023-03-04T07:24:39.661402+00:00, run_after=2023-03-04T11:24:39.661402+00:00
[2023-03-04T11:24:39.718+0000] {processor.py:175} INFO - Processing /home/airflow/.local/lib/python3.7/site-packages/airflow/example_dags/example_latest_only.py took 0.148 seconds
[2023-03-04T11:25:09.885+0000] {processor.py:153} INFO - Started process (PID=1765) to work on /home/airflow/.local/lib/python3.7/site-packages/airflow/example_dags/example_latest_only.py
[2023-03-04T11:25:09.888+0000] {processor.py:743} INFO - Processing file /home/airflow/.local/lib/python3.7/site-packages/airflow/example_dags/example_latest_only.py for tasks to queue
[2023-03-04T11:25:09.890+0000] {logging_mixin.py:137} INFO - [2023-03-04T11:25:09.890+0000] {dagbag.py:538} INFO - Filling up the DagBag from /home/airflow/.local/lib/python3.7/site-packages/airflow/example_dags/example_latest_only.py
[2023-03-04T11:25:09.913+0000] {processor.py:753} INFO - DAG(s) dict_keys(['latest_only']) retrieved from /home/airflow/.local/lib/python3.7/site-packages/airflow/example_dags/example_latest_only.py
[2023-03-04T11:25:09.947+0000] {logging_mixin.py:137} INFO - [2023-03-04T11:25:09.947+0000] {dag.py:2690} INFO - Sync 1 DAGs
[2023-03-04T11:25:09.977+0000] {logging_mixin.py:137} INFO - [2023-03-04T11:25:09.977+0000] {dag.py:3441} INFO - Setting next_dagrun for latest_only to 2023-03-04T07:25:09.977231+00:00, run_after=2023-03-04T11:25:09.977231+00:00
[2023-03-04T11:25:10.002+0000] {processor.py:175} INFO - Processing /home/airflow/.local/lib/python3.7/site-packages/airflow/example_dags/example_latest_only.py took 0.120 seconds
