[2023-03-04T11:22:05.609+0000] {processor.py:153} INFO - Started process (PID=333) to work on /home/airflow/.local/lib/python3.7/site-packages/airflow/example_dags/example_branch_python_dop_operator_3.py
[2023-03-04T11:22:05.613+0000] {processor.py:743} INFO - Processing file /home/airflow/.local/lib/python3.7/site-packages/airflow/example_dags/example_branch_python_dop_operator_3.py for tasks to queue
[2023-03-04T11:22:05.615+0000] {logging_mixin.py:137} INFO - [2023-03-04T11:22:05.615+0000] {dagbag.py:538} INFO - Filling up the DagBag from /home/airflow/.local/lib/python3.7/site-packages/airflow/example_dags/example_branch_python_dop_operator_3.py
[2023-03-04T11:22:05.680+0000] {processor.py:753} INFO - DAG(s) dict_keys(['example_branch_dop_operator_v3']) retrieved from /home/airflow/.local/lib/python3.7/site-packages/airflow/example_dags/example_branch_python_dop_operator_3.py
[2023-03-04T11:22:05.713+0000] {logging_mixin.py:137} INFO - [2023-03-04T11:22:05.713+0000] {dag.py:2690} INFO - Sync 1 DAGs
[2023-03-04T11:22:05.779+0000] {logging_mixin.py:137} INFO - [2023-03-04T11:22:05.778+0000] {dag.py:3441} INFO - Setting next_dagrun for example_branch_dop_operator_v3 to 2023-03-04T11:21:00+00:00, run_after=2023-03-04T11:22:00+00:00
[2023-03-04T11:22:05.816+0000] {processor.py:175} INFO - Processing /home/airflow/.local/lib/python3.7/site-packages/airflow/example_dags/example_branch_python_dop_operator_3.py took 0.215 seconds
[2023-03-04T11:22:36.029+0000] {processor.py:153} INFO - Started process (PID=562) to work on /home/airflow/.local/lib/python3.7/site-packages/airflow/example_dags/example_branch_python_dop_operator_3.py
[2023-03-04T11:22:36.031+0000] {processor.py:743} INFO - Processing file /home/airflow/.local/lib/python3.7/site-packages/airflow/example_dags/example_branch_python_dop_operator_3.py for tasks to queue
[2023-03-04T11:22:36.033+0000] {logging_mixin.py:137} INFO - [2023-03-04T11:22:36.032+0000] {dagbag.py:538} INFO - Filling up the DagBag from /home/airflow/.local/lib/python3.7/site-packages/airflow/example_dags/example_branch_python_dop_operator_3.py
[2023-03-04T11:22:36.062+0000] {processor.py:753} INFO - DAG(s) dict_keys(['example_branch_dop_operator_v3']) retrieved from /home/airflow/.local/lib/python3.7/site-packages/airflow/example_dags/example_branch_python_dop_operator_3.py
[2023-03-04T11:22:36.093+0000] {logging_mixin.py:137} INFO - [2023-03-04T11:22:36.093+0000] {dag.py:2690} INFO - Sync 1 DAGs
[2023-03-04T11:22:36.128+0000] {logging_mixin.py:137} INFO - [2023-03-04T11:22:36.128+0000] {dag.py:3441} INFO - Setting next_dagrun for example_branch_dop_operator_v3 to 2023-03-04T11:21:00+00:00, run_after=2023-03-04T11:22:00+00:00
[2023-03-04T11:22:36.149+0000] {processor.py:175} INFO - Processing /home/airflow/.local/lib/python3.7/site-packages/airflow/example_dags/example_branch_python_dop_operator_3.py took 0.124 seconds
[2023-03-04T11:23:06.523+0000] {processor.py:153} INFO - Started process (PID=789) to work on /home/airflow/.local/lib/python3.7/site-packages/airflow/example_dags/example_branch_python_dop_operator_3.py
[2023-03-04T11:23:06.525+0000] {processor.py:743} INFO - Processing file /home/airflow/.local/lib/python3.7/site-packages/airflow/example_dags/example_branch_python_dop_operator_3.py for tasks to queue
[2023-03-04T11:23:06.526+0000] {logging_mixin.py:137} INFO - [2023-03-04T11:23:06.526+0000] {dagbag.py:538} INFO - Filling up the DagBag from /home/airflow/.local/lib/python3.7/site-packages/airflow/example_dags/example_branch_python_dop_operator_3.py
[2023-03-04T11:23:06.553+0000] {processor.py:753} INFO - DAG(s) dict_keys(['example_branch_dop_operator_v3']) retrieved from /home/airflow/.local/lib/python3.7/site-packages/airflow/example_dags/example_branch_python_dop_operator_3.py
[2023-03-04T11:23:06.583+0000] {logging_mixin.py:137} INFO - [2023-03-04T11:23:06.583+0000] {dag.py:2690} INFO - Sync 1 DAGs
[2023-03-04T11:23:06.616+0000] {logging_mixin.py:137} INFO - [2023-03-04T11:23:06.616+0000] {dag.py:3441} INFO - Setting next_dagrun for example_branch_dop_operator_v3 to 2023-03-04T11:22:00+00:00, run_after=2023-03-04T11:23:00+00:00
[2023-03-04T11:23:06.640+0000] {processor.py:175} INFO - Processing /home/airflow/.local/lib/python3.7/site-packages/airflow/example_dags/example_branch_python_dop_operator_3.py took 0.121 seconds
[2023-03-04T11:23:37.592+0000] {processor.py:153} INFO - Started process (PID=1033) to work on /home/airflow/.local/lib/python3.7/site-packages/airflow/example_dags/example_branch_python_dop_operator_3.py
[2023-03-04T11:23:37.594+0000] {processor.py:743} INFO - Processing file /home/airflow/.local/lib/python3.7/site-packages/airflow/example_dags/example_branch_python_dop_operator_3.py for tasks to queue
[2023-03-04T11:23:37.595+0000] {logging_mixin.py:137} INFO - [2023-03-04T11:23:37.595+0000] {dagbag.py:538} INFO - Filling up the DagBag from /home/airflow/.local/lib/python3.7/site-packages/airflow/example_dags/example_branch_python_dop_operator_3.py
[2023-03-04T11:23:37.623+0000] {processor.py:753} INFO - DAG(s) dict_keys(['example_branch_dop_operator_v3']) retrieved from /home/airflow/.local/lib/python3.7/site-packages/airflow/example_dags/example_branch_python_dop_operator_3.py
[2023-03-04T11:23:37.653+0000] {logging_mixin.py:137} INFO - [2023-03-04T11:23:37.653+0000] {dag.py:2690} INFO - Sync 1 DAGs
[2023-03-04T11:23:37.686+0000] {logging_mixin.py:137} INFO - [2023-03-04T11:23:37.685+0000] {dag.py:3441} INFO - Setting next_dagrun for example_branch_dop_operator_v3 to 2023-03-04T11:22:00+00:00, run_after=2023-03-04T11:23:00+00:00
[2023-03-04T11:23:37.708+0000] {processor.py:175} INFO - Processing /home/airflow/.local/lib/python3.7/site-packages/airflow/example_dags/example_branch_python_dop_operator_3.py took 0.119 seconds
[2023-03-04T11:24:07.859+0000] {processor.py:153} INFO - Started process (PID=1264) to work on /home/airflow/.local/lib/python3.7/site-packages/airflow/example_dags/example_branch_python_dop_operator_3.py
[2023-03-04T11:24:07.860+0000] {processor.py:743} INFO - Processing file /home/airflow/.local/lib/python3.7/site-packages/airflow/example_dags/example_branch_python_dop_operator_3.py for tasks to queue
[2023-03-04T11:24:07.862+0000] {logging_mixin.py:137} INFO - [2023-03-04T11:24:07.861+0000] {dagbag.py:538} INFO - Filling up the DagBag from /home/airflow/.local/lib/python3.7/site-packages/airflow/example_dags/example_branch_python_dop_operator_3.py
[2023-03-04T11:24:07.890+0000] {processor.py:753} INFO - DAG(s) dict_keys(['example_branch_dop_operator_v3']) retrieved from /home/airflow/.local/lib/python3.7/site-packages/airflow/example_dags/example_branch_python_dop_operator_3.py
[2023-03-04T11:24:07.920+0000] {logging_mixin.py:137} INFO - [2023-03-04T11:24:07.920+0000] {dag.py:2690} INFO - Sync 1 DAGs
[2023-03-04T11:24:07.953+0000] {logging_mixin.py:137} INFO - [2023-03-04T11:24:07.953+0000] {dag.py:3441} INFO - Setting next_dagrun for example_branch_dop_operator_v3 to 2023-03-04T11:23:00+00:00, run_after=2023-03-04T11:24:00+00:00
[2023-03-04T11:24:07.977+0000] {processor.py:175} INFO - Processing /home/airflow/.local/lib/python3.7/site-packages/airflow/example_dags/example_branch_python_dop_operator_3.py took 0.123 seconds
[2023-03-04T11:24:38.754+0000] {processor.py:153} INFO - Started process (PID=1508) to work on /home/airflow/.local/lib/python3.7/site-packages/airflow/example_dags/example_branch_python_dop_operator_3.py
[2023-03-04T11:24:38.756+0000] {processor.py:743} INFO - Processing file /home/airflow/.local/lib/python3.7/site-packages/airflow/example_dags/example_branch_python_dop_operator_3.py for tasks to queue
[2023-03-04T11:24:38.758+0000] {logging_mixin.py:137} INFO - [2023-03-04T11:24:38.758+0000] {dagbag.py:538} INFO - Filling up the DagBag from /home/airflow/.local/lib/python3.7/site-packages/airflow/example_dags/example_branch_python_dop_operator_3.py
[2023-03-04T11:24:38.804+0000] {processor.py:753} INFO - DAG(s) dict_keys(['example_branch_dop_operator_v3']) retrieved from /home/airflow/.local/lib/python3.7/site-packages/airflow/example_dags/example_branch_python_dop_operator_3.py
[2023-03-04T11:24:38.843+0000] {logging_mixin.py:137} INFO - [2023-03-04T11:24:38.843+0000] {dag.py:2690} INFO - Sync 1 DAGs
[2023-03-04T11:24:38.900+0000] {logging_mixin.py:137} INFO - [2023-03-04T11:24:38.900+0000] {dag.py:3441} INFO - Setting next_dagrun for example_branch_dop_operator_v3 to 2023-03-04T11:23:00+00:00, run_after=2023-03-04T11:24:00+00:00
[2023-03-04T11:24:38.951+0000] {processor.py:175} INFO - Processing /home/airflow/.local/lib/python3.7/site-packages/airflow/example_dags/example_branch_python_dop_operator_3.py took 0.204 seconds
[2023-03-04T11:25:09.435+0000] {processor.py:153} INFO - Started process (PID=1735) to work on /home/airflow/.local/lib/python3.7/site-packages/airflow/example_dags/example_branch_python_dop_operator_3.py
[2023-03-04T11:25:09.437+0000] {processor.py:743} INFO - Processing file /home/airflow/.local/lib/python3.7/site-packages/airflow/example_dags/example_branch_python_dop_operator_3.py for tasks to queue
[2023-03-04T11:25:09.438+0000] {logging_mixin.py:137} INFO - [2023-03-04T11:25:09.438+0000] {dagbag.py:538} INFO - Filling up the DagBag from /home/airflow/.local/lib/python3.7/site-packages/airflow/example_dags/example_branch_python_dop_operator_3.py
[2023-03-04T11:25:09.467+0000] {processor.py:753} INFO - DAG(s) dict_keys(['example_branch_dop_operator_v3']) retrieved from /home/airflow/.local/lib/python3.7/site-packages/airflow/example_dags/example_branch_python_dop_operator_3.py
[2023-03-04T11:25:09.496+0000] {logging_mixin.py:137} INFO - [2023-03-04T11:25:09.496+0000] {dag.py:2690} INFO - Sync 1 DAGs
[2023-03-04T11:25:09.529+0000] {logging_mixin.py:137} INFO - [2023-03-04T11:25:09.529+0000] {dag.py:3441} INFO - Setting next_dagrun for example_branch_dop_operator_v3 to 2023-03-04T11:24:00+00:00, run_after=2023-03-04T11:25:00+00:00
[2023-03-04T11:25:09.552+0000] {processor.py:175} INFO - Processing /home/airflow/.local/lib/python3.7/site-packages/airflow/example_dags/example_branch_python_dop_operator_3.py took 0.121 seconds
