[2023-03-04T11:22:04.760+0000] {processor.py:153} INFO - Started process (PID=291) to work on /home/airflow/.local/lib/python3.7/site-packages/airflow/example_dags/example_branch_labels.py
[2023-03-04T11:22:04.762+0000] {processor.py:743} INFO - Processing file /home/airflow/.local/lib/python3.7/site-packages/airflow/example_dags/example_branch_labels.py for tasks to queue
[2023-03-04T11:22:04.763+0000] {logging_mixin.py:137} INFO - [2023-03-04T11:22:04.763+0000] {dagbag.py:538} INFO - Filling up the DagBag from /home/airflow/.local/lib/python3.7/site-packages/airflow/example_dags/example_branch_labels.py
[2023-03-04T11:22:04.784+0000] {processor.py:753} INFO - DAG(s) dict_keys(['example_branch_labels']) retrieved from /home/airflow/.local/lib/python3.7/site-packages/airflow/example_dags/example_branch_labels.py
[2023-03-04T11:22:04.802+0000] {logging_mixin.py:137} INFO - [2023-03-04T11:22:04.802+0000] {dag.py:2690} INFO - Sync 1 DAGs
[2023-03-04T11:22:04.835+0000] {logging_mixin.py:137} INFO - [2023-03-04T11:22:04.835+0000] {dag.py:3441} INFO - Setting next_dagrun for example_branch_labels to 2023-03-03T00:00:00+00:00, run_after=2023-03-04T00:00:00+00:00
[2023-03-04T11:22:04.861+0000] {processor.py:175} INFO - Processing /home/airflow/.local/lib/python3.7/site-packages/airflow/example_dags/example_branch_labels.py took 0.105 seconds
[2023-03-04T11:22:35.407+0000] {processor.py:153} INFO - Started process (PID=525) to work on /home/airflow/.local/lib/python3.7/site-packages/airflow/example_dags/example_branch_labels.py
[2023-03-04T11:22:35.409+0000] {processor.py:743} INFO - Processing file /home/airflow/.local/lib/python3.7/site-packages/airflow/example_dags/example_branch_labels.py for tasks to queue
[2023-03-04T11:22:35.410+0000] {logging_mixin.py:137} INFO - [2023-03-04T11:22:35.410+0000] {dagbag.py:538} INFO - Filling up the DagBag from /home/airflow/.local/lib/python3.7/site-packages/airflow/example_dags/example_branch_labels.py
[2023-03-04T11:22:35.429+0000] {processor.py:753} INFO - DAG(s) dict_keys(['example_branch_labels']) retrieved from /home/airflow/.local/lib/python3.7/site-packages/airflow/example_dags/example_branch_labels.py
[2023-03-04T11:22:35.460+0000] {logging_mixin.py:137} INFO - [2023-03-04T11:22:35.459+0000] {dag.py:2690} INFO - Sync 1 DAGs
[2023-03-04T11:22:35.494+0000] {logging_mixin.py:137} INFO - [2023-03-04T11:22:35.494+0000] {dag.py:3441} INFO - Setting next_dagrun for example_branch_labels to 2023-03-03T00:00:00+00:00, run_after=2023-03-04T00:00:00+00:00
[2023-03-04T11:22:35.520+0000] {processor.py:175} INFO - Processing /home/airflow/.local/lib/python3.7/site-packages/airflow/example_dags/example_branch_labels.py took 0.117 seconds
[2023-03-04T11:23:05.926+0000] {processor.py:153} INFO - Started process (PID=752) to work on /home/airflow/.local/lib/python3.7/site-packages/airflow/example_dags/example_branch_labels.py
[2023-03-04T11:23:05.927+0000] {processor.py:743} INFO - Processing file /home/airflow/.local/lib/python3.7/site-packages/airflow/example_dags/example_branch_labels.py for tasks to queue
[2023-03-04T11:23:05.928+0000] {logging_mixin.py:137} INFO - [2023-03-04T11:23:05.928+0000] {dagbag.py:538} INFO - Filling up the DagBag from /home/airflow/.local/lib/python3.7/site-packages/airflow/example_dags/example_branch_labels.py
[2023-03-04T11:23:05.946+0000] {processor.py:753} INFO - DAG(s) dict_keys(['example_branch_labels']) retrieved from /home/airflow/.local/lib/python3.7/site-packages/airflow/example_dags/example_branch_labels.py
[2023-03-04T11:23:05.977+0000] {logging_mixin.py:137} INFO - [2023-03-04T11:23:05.977+0000] {dag.py:2690} INFO - Sync 1 DAGs
[2023-03-04T11:23:06.009+0000] {logging_mixin.py:137} INFO - [2023-03-04T11:23:06.009+0000] {dag.py:3441} INFO - Setting next_dagrun for example_branch_labels to 2023-03-03T00:00:00+00:00, run_after=2023-03-04T00:00:00+00:00
[2023-03-04T11:23:06.031+0000] {processor.py:175} INFO - Processing /home/airflow/.local/lib/python3.7/site-packages/airflow/example_dags/example_branch_labels.py took 0.109 seconds
[2023-03-04T11:23:37.039+0000] {processor.py:153} INFO - Started process (PID=998) to work on /home/airflow/.local/lib/python3.7/site-packages/airflow/example_dags/example_branch_labels.py
[2023-03-04T11:23:37.042+0000] {processor.py:743} INFO - Processing file /home/airflow/.local/lib/python3.7/site-packages/airflow/example_dags/example_branch_labels.py for tasks to queue
[2023-03-04T11:23:37.044+0000] {logging_mixin.py:137} INFO - [2023-03-04T11:23:37.043+0000] {dagbag.py:538} INFO - Filling up the DagBag from /home/airflow/.local/lib/python3.7/site-packages/airflow/example_dags/example_branch_labels.py
[2023-03-04T11:23:37.070+0000] {processor.py:753} INFO - DAG(s) dict_keys(['example_branch_labels']) retrieved from /home/airflow/.local/lib/python3.7/site-packages/airflow/example_dags/example_branch_labels.py
[2023-03-04T11:23:37.102+0000] {logging_mixin.py:137} INFO - [2023-03-04T11:23:37.102+0000] {dag.py:2690} INFO - Sync 1 DAGs
[2023-03-04T11:23:37.133+0000] {logging_mixin.py:137} INFO - [2023-03-04T11:23:37.133+0000] {dag.py:3441} INFO - Setting next_dagrun for example_branch_labels to 2023-03-03T00:00:00+00:00, run_after=2023-03-04T00:00:00+00:00
[2023-03-04T11:23:37.155+0000] {processor.py:175} INFO - Processing /home/airflow/.local/lib/python3.7/site-packages/airflow/example_dags/example_branch_labels.py took 0.127 seconds
[2023-03-04T11:24:07.232+0000] {processor.py:153} INFO - Started process (PID=1227) to work on /home/airflow/.local/lib/python3.7/site-packages/airflow/example_dags/example_branch_labels.py
[2023-03-04T11:24:07.233+0000] {processor.py:743} INFO - Processing file /home/airflow/.local/lib/python3.7/site-packages/airflow/example_dags/example_branch_labels.py for tasks to queue
[2023-03-04T11:24:07.235+0000] {logging_mixin.py:137} INFO - [2023-03-04T11:24:07.235+0000] {dagbag.py:538} INFO - Filling up the DagBag from /home/airflow/.local/lib/python3.7/site-packages/airflow/example_dags/example_branch_labels.py
[2023-03-04T11:24:07.254+0000] {processor.py:753} INFO - DAG(s) dict_keys(['example_branch_labels']) retrieved from /home/airflow/.local/lib/python3.7/site-packages/airflow/example_dags/example_branch_labels.py
[2023-03-04T11:24:07.286+0000] {logging_mixin.py:137} INFO - [2023-03-04T11:24:07.286+0000] {dag.py:2690} INFO - Sync 1 DAGs
[2023-03-04T11:24:07.318+0000] {logging_mixin.py:137} INFO - [2023-03-04T11:24:07.317+0000] {dag.py:3441} INFO - Setting next_dagrun for example_branch_labels to 2023-03-03T00:00:00+00:00, run_after=2023-03-04T00:00:00+00:00
[2023-03-04T11:24:07.340+0000] {processor.py:175} INFO - Processing /home/airflow/.local/lib/python3.7/site-packages/airflow/example_dags/example_branch_labels.py took 0.112 seconds
[2023-03-04T11:24:37.838+0000] {processor.py:153} INFO - Started process (PID=1473) to work on /home/airflow/.local/lib/python3.7/site-packages/airflow/example_dags/example_branch_labels.py
[2023-03-04T11:24:37.840+0000] {processor.py:743} INFO - Processing file /home/airflow/.local/lib/python3.7/site-packages/airflow/example_dags/example_branch_labels.py for tasks to queue
[2023-03-04T11:24:37.841+0000] {logging_mixin.py:137} INFO - [2023-03-04T11:24:37.841+0000] {dagbag.py:538} INFO - Filling up the DagBag from /home/airflow/.local/lib/python3.7/site-packages/airflow/example_dags/example_branch_labels.py
[2023-03-04T11:24:37.879+0000] {processor.py:753} INFO - DAG(s) dict_keys(['example_branch_labels']) retrieved from /home/airflow/.local/lib/python3.7/site-packages/airflow/example_dags/example_branch_labels.py
[2023-03-04T11:24:37.924+0000] {logging_mixin.py:137} INFO - [2023-03-04T11:24:37.924+0000] {dag.py:2690} INFO - Sync 1 DAGs
[2023-03-04T11:24:37.959+0000] {logging_mixin.py:137} INFO - [2023-03-04T11:24:37.958+0000] {dag.py:3441} INFO - Setting next_dagrun for example_branch_labels to 2023-03-03T00:00:00+00:00, run_after=2023-03-04T00:00:00+00:00
[2023-03-04T11:24:37.982+0000] {processor.py:175} INFO - Processing /home/airflow/.local/lib/python3.7/site-packages/airflow/example_dags/example_branch_labels.py took 0.148 seconds
[2023-03-04T11:25:08.788+0000] {processor.py:153} INFO - Started process (PID=1700) to work on /home/airflow/.local/lib/python3.7/site-packages/airflow/example_dags/example_branch_labels.py
[2023-03-04T11:25:08.790+0000] {processor.py:743} INFO - Processing file /home/airflow/.local/lib/python3.7/site-packages/airflow/example_dags/example_branch_labels.py for tasks to queue
[2023-03-04T11:25:08.792+0000] {logging_mixin.py:137} INFO - [2023-03-04T11:25:08.792+0000] {dagbag.py:538} INFO - Filling up the DagBag from /home/airflow/.local/lib/python3.7/site-packages/airflow/example_dags/example_branch_labels.py
[2023-03-04T11:25:08.811+0000] {processor.py:753} INFO - DAG(s) dict_keys(['example_branch_labels']) retrieved from /home/airflow/.local/lib/python3.7/site-packages/airflow/example_dags/example_branch_labels.py
[2023-03-04T11:25:08.846+0000] {logging_mixin.py:137} INFO - [2023-03-04T11:25:08.846+0000] {dag.py:2690} INFO - Sync 1 DAGs
[2023-03-04T11:25:08.883+0000] {logging_mixin.py:137} INFO - [2023-03-04T11:25:08.883+0000] {dag.py:3441} INFO - Setting next_dagrun for example_branch_labels to 2023-03-03T00:00:00+00:00, run_after=2023-03-04T00:00:00+00:00
[2023-03-04T11:25:08.916+0000] {processor.py:175} INFO - Processing /home/airflow/.local/lib/python3.7/site-packages/airflow/example_dags/example_branch_labels.py took 0.132 seconds
