[2023-03-04T11:22:06.055+0000] {processor.py:153} INFO - Started process (PID=348) to work on /home/airflow/.local/lib/python3.7/site-packages/airflow/example_dags/tutorial_taskflow_api.py
[2023-03-04T11:22:06.056+0000] {processor.py:743} INFO - Processing file /home/airflow/.local/lib/python3.7/site-packages/airflow/example_dags/tutorial_taskflow_api.py for tasks to queue
[2023-03-04T11:22:06.058+0000] {logging_mixin.py:137} INFO - [2023-03-04T11:22:06.058+0000] {dagbag.py:538} INFO - Filling up the DagBag from /home/airflow/.local/lib/python3.7/site-packages/airflow/example_dags/tutorial_taskflow_api.py
[2023-03-04T11:22:06.090+0000] {processor.py:753} INFO - DAG(s) dict_keys(['tutorial_taskflow_api']) retrieved from /home/airflow/.local/lib/python3.7/site-packages/airflow/example_dags/tutorial_taskflow_api.py
[2023-03-04T11:22:06.114+0000] {logging_mixin.py:137} INFO - [2023-03-04T11:22:06.114+0000] {dag.py:2690} INFO - Sync 1 DAGs
[2023-03-04T11:22:06.175+0000] {logging_mixin.py:137} INFO - [2023-03-04T11:22:06.175+0000] {dag.py:3441} INFO - Setting next_dagrun for tutorial_taskflow_api to None, run_after=None
[2023-03-04T11:22:06.228+0000] {processor.py:175} INFO - Processing /home/airflow/.local/lib/python3.7/site-packages/airflow/example_dags/tutorial_taskflow_api.py took 0.179 seconds
[2023-03-04T11:22:36.323+0000] {processor.py:153} INFO - Started process (PID=575) to work on /home/airflow/.local/lib/python3.7/site-packages/airflow/example_dags/tutorial_taskflow_api.py
[2023-03-04T11:22:36.325+0000] {processor.py:743} INFO - Processing file /home/airflow/.local/lib/python3.7/site-packages/airflow/example_dags/tutorial_taskflow_api.py for tasks to queue
[2023-03-04T11:22:36.326+0000] {logging_mixin.py:137} INFO - [2023-03-04T11:22:36.326+0000] {dagbag.py:538} INFO - Filling up the DagBag from /home/airflow/.local/lib/python3.7/site-packages/airflow/example_dags/tutorial_taskflow_api.py
[2023-03-04T11:22:36.351+0000] {processor.py:753} INFO - DAG(s) dict_keys(['tutorial_taskflow_api']) retrieved from /home/airflow/.local/lib/python3.7/site-packages/airflow/example_dags/tutorial_taskflow_api.py
[2023-03-04T11:22:36.384+0000] {logging_mixin.py:137} INFO - [2023-03-04T11:22:36.384+0000] {dag.py:2690} INFO - Sync 1 DAGs
[2023-03-04T11:22:36.413+0000] {logging_mixin.py:137} INFO - [2023-03-04T11:22:36.413+0000] {dag.py:3441} INFO - Setting next_dagrun for tutorial_taskflow_api to None, run_after=None
[2023-03-04T11:22:36.434+0000] {processor.py:175} INFO - Processing /home/airflow/.local/lib/python3.7/site-packages/airflow/example_dags/tutorial_taskflow_api.py took 0.115 seconds
[2023-03-04T11:23:06.694+0000] {processor.py:153} INFO - Started process (PID=802) to work on /home/airflow/.local/lib/python3.7/site-packages/airflow/example_dags/tutorial_taskflow_api.py
[2023-03-04T11:23:06.695+0000] {processor.py:743} INFO - Processing file /home/airflow/.local/lib/python3.7/site-packages/airflow/example_dags/tutorial_taskflow_api.py for tasks to queue
[2023-03-04T11:23:06.696+0000] {logging_mixin.py:137} INFO - [2023-03-04T11:23:06.696+0000] {dagbag.py:538} INFO - Filling up the DagBag from /home/airflow/.local/lib/python3.7/site-packages/airflow/example_dags/tutorial_taskflow_api.py
[2023-03-04T11:23:06.722+0000] {processor.py:753} INFO - DAG(s) dict_keys(['tutorial_taskflow_api']) retrieved from /home/airflow/.local/lib/python3.7/site-packages/airflow/example_dags/tutorial_taskflow_api.py
[2023-03-04T11:23:06.754+0000] {logging_mixin.py:137} INFO - [2023-03-04T11:23:06.753+0000] {dag.py:2690} INFO - Sync 1 DAGs
[2023-03-04T11:23:06.782+0000] {logging_mixin.py:137} INFO - [2023-03-04T11:23:06.782+0000] {dag.py:3441} INFO - Setting next_dagrun for tutorial_taskflow_api to None, run_after=None
[2023-03-04T11:23:06.807+0000] {processor.py:175} INFO - Processing /home/airflow/.local/lib/python3.7/site-packages/airflow/example_dags/tutorial_taskflow_api.py took 0.117 seconds
[2023-03-04T11:23:37.798+0000] {processor.py:153} INFO - Started process (PID=1048) to work on /home/airflow/.local/lib/python3.7/site-packages/airflow/example_dags/tutorial_taskflow_api.py
[2023-03-04T11:23:37.800+0000] {processor.py:743} INFO - Processing file /home/airflow/.local/lib/python3.7/site-packages/airflow/example_dags/tutorial_taskflow_api.py for tasks to queue
[2023-03-04T11:23:37.801+0000] {logging_mixin.py:137} INFO - [2023-03-04T11:23:37.801+0000] {dagbag.py:538} INFO - Filling up the DagBag from /home/airflow/.local/lib/python3.7/site-packages/airflow/example_dags/tutorial_taskflow_api.py
[2023-03-04T11:23:37.827+0000] {processor.py:753} INFO - DAG(s) dict_keys(['tutorial_taskflow_api']) retrieved from /home/airflow/.local/lib/python3.7/site-packages/airflow/example_dags/tutorial_taskflow_api.py
[2023-03-04T11:23:37.857+0000] {logging_mixin.py:137} INFO - [2023-03-04T11:23:37.857+0000] {dag.py:2690} INFO - Sync 1 DAGs
[2023-03-04T11:23:37.886+0000] {logging_mixin.py:137} INFO - [2023-03-04T11:23:37.886+0000] {dag.py:3441} INFO - Setting next_dagrun for tutorial_taskflow_api to None, run_after=None
[2023-03-04T11:23:37.908+0000] {processor.py:175} INFO - Processing /home/airflow/.local/lib/python3.7/site-packages/airflow/example_dags/tutorial_taskflow_api.py took 0.114 seconds
[2023-03-04T11:24:08.185+0000] {processor.py:153} INFO - Started process (PID=1279) to work on /home/airflow/.local/lib/python3.7/site-packages/airflow/example_dags/tutorial_taskflow_api.py
[2023-03-04T11:24:08.186+0000] {processor.py:743} INFO - Processing file /home/airflow/.local/lib/python3.7/site-packages/airflow/example_dags/tutorial_taskflow_api.py for tasks to queue
[2023-03-04T11:24:08.188+0000] {logging_mixin.py:137} INFO - [2023-03-04T11:24:08.187+0000] {dagbag.py:538} INFO - Filling up the DagBag from /home/airflow/.local/lib/python3.7/site-packages/airflow/example_dags/tutorial_taskflow_api.py
[2023-03-04T11:24:08.213+0000] {processor.py:753} INFO - DAG(s) dict_keys(['tutorial_taskflow_api']) retrieved from /home/airflow/.local/lib/python3.7/site-packages/airflow/example_dags/tutorial_taskflow_api.py
[2023-03-04T11:24:08.244+0000] {logging_mixin.py:137} INFO - [2023-03-04T11:24:08.244+0000] {dag.py:2690} INFO - Sync 1 DAGs
[2023-03-04T11:24:08.274+0000] {logging_mixin.py:137} INFO - [2023-03-04T11:24:08.274+0000] {dag.py:3441} INFO - Setting next_dagrun for tutorial_taskflow_api to None, run_after=None
[2023-03-04T11:24:08.296+0000] {processor.py:175} INFO - Processing /home/airflow/.local/lib/python3.7/site-packages/airflow/example_dags/tutorial_taskflow_api.py took 0.114 seconds
[2023-03-04T11:24:39.230+0000] {processor.py:153} INFO - Started process (PID=1525) to work on /home/airflow/.local/lib/python3.7/site-packages/airflow/example_dags/tutorial_taskflow_api.py
[2023-03-04T11:24:39.232+0000] {processor.py:743} INFO - Processing file /home/airflow/.local/lib/python3.7/site-packages/airflow/example_dags/tutorial_taskflow_api.py for tasks to queue
[2023-03-04T11:24:39.234+0000] {logging_mixin.py:137} INFO - [2023-03-04T11:24:39.234+0000] {dagbag.py:538} INFO - Filling up the DagBag from /home/airflow/.local/lib/python3.7/site-packages/airflow/example_dags/tutorial_taskflow_api.py
[2023-03-04T11:24:39.268+0000] {processor.py:753} INFO - DAG(s) dict_keys(['tutorial_taskflow_api']) retrieved from /home/airflow/.local/lib/python3.7/site-packages/airflow/example_dags/tutorial_taskflow_api.py
[2023-03-04T11:24:39.307+0000] {logging_mixin.py:137} INFO - [2023-03-04T11:24:39.307+0000] {dag.py:2690} INFO - Sync 1 DAGs
[2023-03-04T11:24:39.346+0000] {logging_mixin.py:137} INFO - [2023-03-04T11:24:39.346+0000] {dag.py:3441} INFO - Setting next_dagrun for tutorial_taskflow_api to None, run_after=None
[2023-03-04T11:24:39.380+0000] {processor.py:175} INFO - Processing /home/airflow/.local/lib/python3.7/site-packages/airflow/example_dags/tutorial_taskflow_api.py took 0.156 seconds
[2023-03-04T11:25:09.602+0000] {processor.py:153} INFO - Started process (PID=1750) to work on /home/airflow/.local/lib/python3.7/site-packages/airflow/example_dags/tutorial_taskflow_api.py
[2023-03-04T11:25:09.604+0000] {processor.py:743} INFO - Processing file /home/airflow/.local/lib/python3.7/site-packages/airflow/example_dags/tutorial_taskflow_api.py for tasks to queue
[2023-03-04T11:25:09.606+0000] {logging_mixin.py:137} INFO - [2023-03-04T11:25:09.606+0000] {dagbag.py:538} INFO - Filling up the DagBag from /home/airflow/.local/lib/python3.7/site-packages/airflow/example_dags/tutorial_taskflow_api.py
[2023-03-04T11:25:09.632+0000] {processor.py:753} INFO - DAG(s) dict_keys(['tutorial_taskflow_api']) retrieved from /home/airflow/.local/lib/python3.7/site-packages/airflow/example_dags/tutorial_taskflow_api.py
[2023-03-04T11:25:09.663+0000] {logging_mixin.py:137} INFO - [2023-03-04T11:25:09.663+0000] {dag.py:2690} INFO - Sync 1 DAGs
[2023-03-04T11:25:09.691+0000] {logging_mixin.py:137} INFO - [2023-03-04T11:25:09.691+0000] {dag.py:3441} INFO - Setting next_dagrun for tutorial_taskflow_api to None, run_after=None
[2023-03-04T11:25:09.714+0000] {processor.py:175} INFO - Processing /home/airflow/.local/lib/python3.7/site-packages/airflow/example_dags/tutorial_taskflow_api.py took 0.116 seconds
