[2023-03-04T11:22:03.336+0000] {processor.py:153} INFO - Started process (PID=216) to work on /home/airflow/.local/lib/python3.7/site-packages/airflow/example_dags/tutorial_dag.py
[2023-03-04T11:22:03.338+0000] {processor.py:743} INFO - Processing file /home/airflow/.local/lib/python3.7/site-packages/airflow/example_dags/tutorial_dag.py for tasks to queue
[2023-03-04T11:22:03.341+0000] {logging_mixin.py:137} INFO - [2023-03-04T11:22:03.340+0000] {dagbag.py:538} INFO - Filling up the DagBag from /home/airflow/.local/lib/python3.7/site-packages/airflow/example_dags/tutorial_dag.py
[2023-03-04T11:22:03.366+0000] {processor.py:753} INFO - DAG(s) dict_keys(['tutorial_dag']) retrieved from /home/airflow/.local/lib/python3.7/site-packages/airflow/example_dags/tutorial_dag.py
[2023-03-04T11:22:03.382+0000] {logging_mixin.py:137} INFO - [2023-03-04T11:22:03.382+0000] {dag.py:2690} INFO - Sync 1 DAGs
[2023-03-04T11:22:03.423+0000] {logging_mixin.py:137} INFO - [2023-03-04T11:22:03.422+0000] {dag.py:3441} INFO - Setting next_dagrun for tutorial_dag to None, run_after=None
[2023-03-04T11:22:03.455+0000] {processor.py:175} INFO - Processing /home/airflow/.local/lib/python3.7/site-packages/airflow/example_dags/tutorial_dag.py took 0.124 seconds
[2023-03-04T11:22:34.182+0000] {processor.py:153} INFO - Started process (PID=460) to work on /home/airflow/.local/lib/python3.7/site-packages/airflow/example_dags/tutorial_dag.py
[2023-03-04T11:22:34.184+0000] {processor.py:743} INFO - Processing file /home/airflow/.local/lib/python3.7/site-packages/airflow/example_dags/tutorial_dag.py for tasks to queue
[2023-03-04T11:22:34.185+0000] {logging_mixin.py:137} INFO - [2023-03-04T11:22:34.185+0000] {dagbag.py:538} INFO - Filling up the DagBag from /home/airflow/.local/lib/python3.7/site-packages/airflow/example_dags/tutorial_dag.py
[2023-03-04T11:22:34.208+0000] {processor.py:753} INFO - DAG(s) dict_keys(['tutorial_dag']) retrieved from /home/airflow/.local/lib/python3.7/site-packages/airflow/example_dags/tutorial_dag.py
[2023-03-04T11:22:34.250+0000] {logging_mixin.py:137} INFO - [2023-03-04T11:22:34.250+0000] {dag.py:2690} INFO - Sync 1 DAGs
[2023-03-04T11:22:34.290+0000] {logging_mixin.py:137} INFO - [2023-03-04T11:22:34.290+0000] {dag.py:3441} INFO - Setting next_dagrun for tutorial_dag to None, run_after=None
[2023-03-04T11:22:34.331+0000] {processor.py:175} INFO - Processing /home/airflow/.local/lib/python3.7/site-packages/airflow/example_dags/tutorial_dag.py took 0.153 seconds
[2023-03-04T11:23:05.012+0000] {processor.py:153} INFO - Started process (PID=689) to work on /home/airflow/.local/lib/python3.7/site-packages/airflow/example_dags/tutorial_dag.py
[2023-03-04T11:23:05.013+0000] {processor.py:743} INFO - Processing file /home/airflow/.local/lib/python3.7/site-packages/airflow/example_dags/tutorial_dag.py for tasks to queue
[2023-03-04T11:23:05.014+0000] {logging_mixin.py:137} INFO - [2023-03-04T11:23:05.014+0000] {dagbag.py:538} INFO - Filling up the DagBag from /home/airflow/.local/lib/python3.7/site-packages/airflow/example_dags/tutorial_dag.py
[2023-03-04T11:23:05.030+0000] {processor.py:753} INFO - DAG(s) dict_keys(['tutorial_dag']) retrieved from /home/airflow/.local/lib/python3.7/site-packages/airflow/example_dags/tutorial_dag.py
[2023-03-04T11:23:05.060+0000] {logging_mixin.py:137} INFO - [2023-03-04T11:23:05.060+0000] {dag.py:2690} INFO - Sync 1 DAGs
[2023-03-04T11:23:05.089+0000] {logging_mixin.py:137} INFO - [2023-03-04T11:23:05.089+0000] {dag.py:3441} INFO - Setting next_dagrun for tutorial_dag to None, run_after=None
[2023-03-04T11:23:05.112+0000] {processor.py:175} INFO - Processing /home/airflow/.local/lib/python3.7/site-packages/airflow/example_dags/tutorial_dag.py took 0.104 seconds
[2023-03-04T11:23:35.232+0000] {processor.py:153} INFO - Started process (PID=926) to work on /home/airflow/.local/lib/python3.7/site-packages/airflow/example_dags/tutorial_dag.py
[2023-03-04T11:23:35.234+0000] {processor.py:743} INFO - Processing file /home/airflow/.local/lib/python3.7/site-packages/airflow/example_dags/tutorial_dag.py for tasks to queue
[2023-03-04T11:23:35.236+0000] {logging_mixin.py:137} INFO - [2023-03-04T11:23:35.236+0000] {dagbag.py:538} INFO - Filling up the DagBag from /home/airflow/.local/lib/python3.7/site-packages/airflow/example_dags/tutorial_dag.py
[2023-03-04T11:23:35.269+0000] {processor.py:753} INFO - DAG(s) dict_keys(['tutorial_dag']) retrieved from /home/airflow/.local/lib/python3.7/site-packages/airflow/example_dags/tutorial_dag.py
[2023-03-04T11:23:35.342+0000] {logging_mixin.py:137} INFO - [2023-03-04T11:23:35.341+0000] {dag.py:2690} INFO - Sync 1 DAGs
[2023-03-04T11:23:35.390+0000] {logging_mixin.py:137} INFO - [2023-03-04T11:23:35.390+0000] {dag.py:3441} INFO - Setting next_dagrun for tutorial_dag to None, run_after=None
[2023-03-04T11:23:35.418+0000] {processor.py:175} INFO - Processing /home/airflow/.local/lib/python3.7/site-packages/airflow/example_dags/tutorial_dag.py took 0.190 seconds
[2023-03-04T11:24:06.040+0000] {processor.py:153} INFO - Started process (PID=1162) to work on /home/airflow/.local/lib/python3.7/site-packages/airflow/example_dags/tutorial_dag.py
[2023-03-04T11:24:06.041+0000] {processor.py:743} INFO - Processing file /home/airflow/.local/lib/python3.7/site-packages/airflow/example_dags/tutorial_dag.py for tasks to queue
[2023-03-04T11:24:06.042+0000] {logging_mixin.py:137} INFO - [2023-03-04T11:24:06.042+0000] {dagbag.py:538} INFO - Filling up the DagBag from /home/airflow/.local/lib/python3.7/site-packages/airflow/example_dags/tutorial_dag.py
[2023-03-04T11:24:06.059+0000] {processor.py:753} INFO - DAG(s) dict_keys(['tutorial_dag']) retrieved from /home/airflow/.local/lib/python3.7/site-packages/airflow/example_dags/tutorial_dag.py
[2023-03-04T11:24:06.090+0000] {logging_mixin.py:137} INFO - [2023-03-04T11:24:06.090+0000] {dag.py:2690} INFO - Sync 1 DAGs
[2023-03-04T11:24:06.119+0000] {logging_mixin.py:137} INFO - [2023-03-04T11:24:06.119+0000] {dag.py:3441} INFO - Setting next_dagrun for tutorial_dag to None, run_after=None
[2023-03-04T11:24:06.143+0000] {processor.py:175} INFO - Processing /home/airflow/.local/lib/python3.7/site-packages/airflow/example_dags/tutorial_dag.py took 0.107 seconds
[2023-03-04T11:24:36.658+0000] {processor.py:153} INFO - Started process (PID=1396) to work on /home/airflow/.local/lib/python3.7/site-packages/airflow/example_dags/tutorial_dag.py
[2023-03-04T11:24:36.659+0000] {processor.py:743} INFO - Processing file /home/airflow/.local/lib/python3.7/site-packages/airflow/example_dags/tutorial_dag.py for tasks to queue
[2023-03-04T11:24:36.661+0000] {logging_mixin.py:137} INFO - [2023-03-04T11:24:36.660+0000] {dagbag.py:538} INFO - Filling up the DagBag from /home/airflow/.local/lib/python3.7/site-packages/airflow/example_dags/tutorial_dag.py
[2023-03-04T11:24:36.680+0000] {processor.py:753} INFO - DAG(s) dict_keys(['tutorial_dag']) retrieved from /home/airflow/.local/lib/python3.7/site-packages/airflow/example_dags/tutorial_dag.py
[2023-03-04T11:24:36.713+0000] {logging_mixin.py:137} INFO - [2023-03-04T11:24:36.713+0000] {dag.py:2690} INFO - Sync 1 DAGs
[2023-03-04T11:24:36.745+0000] {logging_mixin.py:137} INFO - [2023-03-04T11:24:36.745+0000] {dag.py:3441} INFO - Setting next_dagrun for tutorial_dag to None, run_after=None
[2023-03-04T11:24:36.772+0000] {processor.py:175} INFO - Processing /home/airflow/.local/lib/python3.7/site-packages/airflow/example_dags/tutorial_dag.py took 0.118 seconds
[2023-03-04T11:25:06.864+0000] {processor.py:153} INFO - Started process (PID=1635) to work on /home/airflow/.local/lib/python3.7/site-packages/airflow/example_dags/tutorial_dag.py
[2023-03-04T11:25:06.866+0000] {processor.py:743} INFO - Processing file /home/airflow/.local/lib/python3.7/site-packages/airflow/example_dags/tutorial_dag.py for tasks to queue
[2023-03-04T11:25:06.867+0000] {logging_mixin.py:137} INFO - [2023-03-04T11:25:06.867+0000] {dagbag.py:538} INFO - Filling up the DagBag from /home/airflow/.local/lib/python3.7/site-packages/airflow/example_dags/tutorial_dag.py
[2023-03-04T11:25:06.883+0000] {processor.py:753} INFO - DAG(s) dict_keys(['tutorial_dag']) retrieved from /home/airflow/.local/lib/python3.7/site-packages/airflow/example_dags/tutorial_dag.py
[2023-03-04T11:25:06.915+0000] {logging_mixin.py:137} INFO - [2023-03-04T11:25:06.915+0000] {dag.py:2690} INFO - Sync 1 DAGs
[2023-03-04T11:25:06.945+0000] {logging_mixin.py:137} INFO - [2023-03-04T11:25:06.944+0000] {dag.py:3441} INFO - Setting next_dagrun for tutorial_dag to None, run_after=None
[2023-03-04T11:25:06.968+0000] {processor.py:175} INFO - Processing /home/airflow/.local/lib/python3.7/site-packages/airflow/example_dags/tutorial_dag.py took 0.108 seconds
