[2023-03-05T10:48:30.909+0000] {taskinstance.py:1083} INFO - Dependencies all met for <TaskInstance: sl_covid_dag_v1.extract manual__2023-03-05T10:48:27.729493+00:00 [queued]>
[2023-03-05T10:48:30.923+0000] {taskinstance.py:1083} INFO - Dependencies all met for <TaskInstance: sl_covid_dag_v1.extract manual__2023-03-05T10:48:27.729493+00:00 [queued]>
[2023-03-05T10:48:30.924+0000] {taskinstance.py:1279} INFO - 
--------------------------------------------------------------------------------
[2023-03-05T10:48:30.924+0000] {taskinstance.py:1280} INFO - Starting attempt 1 of 6
[2023-03-05T10:48:30.925+0000] {taskinstance.py:1281} INFO - 
--------------------------------------------------------------------------------
[2023-03-05T10:48:30.940+0000] {taskinstance.py:1300} INFO - Executing <Task(PythonOperator): extract> on 2023-03-05 10:48:27.729493+00:00
[2023-03-05T10:48:30.947+0000] {standard_task_runner.py:55} INFO - Started process 47192 to run task
[2023-03-05T10:48:30.951+0000] {standard_task_runner.py:82} INFO - Running: ['***', 'tasks', 'run', 'sl_covid_dag_v1', 'extract', 'manual__2023-03-05T10:48:27.729493+00:00', '--job-id', '40', '--raw', '--subdir', 'DAGS_FOLDER/sl_covid_dag.py', '--cfg-path', '/tmp/tmp6wva1ph5']
[2023-03-05T10:48:30.954+0000] {standard_task_runner.py:83} INFO - Job 40: Subtask extract
[2023-03-05T10:48:31.041+0000] {task_command.py:388} INFO - Running <TaskInstance: sl_covid_dag_v1.extract manual__2023-03-05T10:48:27.729493+00:00 [running]> on host 00dcc0a33b20
[2023-03-05T10:48:31.141+0000] {taskinstance.py:1509} INFO - Exporting the following env vars:
AIRFLOW_CTX_DAG_OWNER=ishok
AIRFLOW_CTX_DAG_ID=sl_covid_dag_v1
AIRFLOW_CTX_TASK_ID=extract
AIRFLOW_CTX_EXECUTION_DATE=2023-03-05T10:48:27.729493+00:00
AIRFLOW_CTX_TRY_NUMBER=1
AIRFLOW_CTX_DAG_RUN_ID=manual__2023-03-05T10:48:27.729493+00:00
[2023-03-05T10:48:33.218+0000] {logging_mixin.py:137} INFO -           DATE  ...                          LIEN SOURCE
0   2020-03-31  ...  https://twitter.com/mohs_sl?lang=fr
1   2020-03-31  ...  https://twitter.com/mohs_sl?lang=fr
2   2020-03-31  ...  https://twitter.com/mohs_sl?lang=fr
3   2020-03-31  ...  https://twitter.com/mohs_sl?lang=fr
4   2020-03-31  ...  https://twitter.com/mohs_sl?lang=fr
..         ...  ...                                  ...
740 2020-08-24  ...  https://twitter.com/mohs_sl?lang=fr
741 2020-08-24  ...  https://twitter.com/mohs_sl?lang=fr
742 2020-08-24  ...  https://twitter.com/mohs_sl?lang=fr
743 2020-08-24  ...  https://twitter.com/mohs_sl?lang=fr
744 2020-08-24  ...  https://twitter.com/mohs_sl?lang=fr

[745 rows x 14 columns]
[2023-03-05T10:48:33.231+0000] {python.py:177} INFO - Done. Returned value was: None
[2023-03-05T10:48:33.271+0000] {taskinstance.py:1323} INFO - Marking task as SUCCESS. dag_id=sl_covid_dag_v1, task_id=extract, execution_date=20230305T104827, start_date=20230305T104830, end_date=20230305T104833
[2023-03-05T10:48:33.310+0000] {local_task_job.py:208} INFO - Task exited with return code 0
[2023-03-05T10:48:33.334+0000] {taskinstance.py:2578} INFO - 0 downstream tasks scheduled from follow-on schedule check
