[2023-03-04T15:13:07.633+0000] {taskinstance.py:1083} INFO - Dependencies all met for <TaskInstance: sl_covid_dag_v1.extract manual__2023-03-04T15:02:52.761551+00:00 [queued]>
[2023-03-04T15:13:07.653+0000] {taskinstance.py:1083} INFO - Dependencies all met for <TaskInstance: sl_covid_dag_v1.extract manual__2023-03-04T15:02:52.761551+00:00 [queued]>
[2023-03-04T15:13:07.655+0000] {taskinstance.py:1279} INFO - 
--------------------------------------------------------------------------------
[2023-03-04T15:13:07.656+0000] {taskinstance.py:1280} INFO - Starting attempt 6 of 6
[2023-03-04T15:13:07.657+0000] {taskinstance.py:1281} INFO - 
--------------------------------------------------------------------------------
[2023-03-04T15:13:07.679+0000] {taskinstance.py:1300} INFO - Executing <Task(PythonOperator): extract> on 2023-03-04 15:02:52.761551+00:00
[2023-03-04T15:13:07.691+0000] {standard_task_runner.py:55} INFO - Started process 1693 to run task
[2023-03-04T15:13:07.696+0000] {standard_task_runner.py:82} INFO - Running: ['***', 'tasks', 'run', 'sl_covid_dag_v1', 'extract', 'manual__2023-03-04T15:02:52.761551+00:00', '--job-id', '32', '--raw', '--subdir', 'DAGS_FOLDER/sl_covid_dag.py', '--cfg-path', '/tmp/tmpeyjex863']
[2023-03-04T15:13:07.712+0000] {standard_task_runner.py:83} INFO - Job 32: Subtask extract
[2023-03-04T15:13:07.823+0000] {task_command.py:388} INFO - Running <TaskInstance: sl_covid_dag_v1.extract manual__2023-03-04T15:02:52.761551+00:00 [running]> on host 00dcc0a33b20
[2023-03-04T15:13:07.943+0000] {taskinstance.py:1509} INFO - Exporting the following env vars:
AIRFLOW_CTX_DAG_OWNER=ishok
AIRFLOW_CTX_DAG_ID=sl_covid_dag_v1
AIRFLOW_CTX_TASK_ID=extract
AIRFLOW_CTX_EXECUTION_DATE=2023-03-04T15:02:52.761551+00:00
AIRFLOW_CTX_TRY_NUMBER=6
AIRFLOW_CTX_DAG_RUN_ID=manual__2023-03-04T15:02:52.761551+00:00
[2023-03-04T15:13:09.558+0000] {logging_mixin.py:137} INFO -           DATE  ...                                        LIEN SOURCE
0    3/31/2020  ...                https://twitter.com/mohs_sl?lang=fr
1    3/31/2020  ...                https://twitter.com/mohs_sl?lang=fr
2    3/31/2020  ...                https://twitter.com/mohs_sl?lang=fr
3    3/31/2020  ...                https://twitter.com/mohs_sl?lang=fr
4          NaN  ...  https://www.reuters.com/article/us-health-coro...
..         ...  ...                                                ...
742  8/24/2020  ...                https://twitter.com/mohs_sl?lang=fr
743  8/24/2020  ...                https://twitter.com/mohs_sl?lang=fr
744  8/24/2020  ...                https://twitter.com/mohs_sl?lang=fr
745  8/24/2020  ...                https://twitter.com/mohs_sl?lang=fr
746  8/24/2020  ...                https://twitter.com/mohs_sl?lang=fr

[747 rows x 14 columns]
[2023-03-04T15:13:09.561+0000] {python.py:177} INFO - Done. Returned value was: None
[2023-03-04T15:13:09.592+0000] {taskinstance.py:1323} INFO - Marking task as SUCCESS. dag_id=sl_covid_dag_v1, task_id=extract, execution_date=20230304T150252, start_date=20230304T151307, end_date=20230304T151309
[2023-03-04T15:13:09.672+0000] {local_task_job.py:208} INFO - Task exited with return code 0
[2023-03-04T15:13:09.715+0000] {taskinstance.py:2578} INFO - 0 downstream tasks scheduled from follow-on schedule check
