[2023-03-04T15:07:28.669+0000] {processor.py:153} INFO - Started process (PID=1109) to work on /opt/airflow/dags/data/sierra-leone_covid-19.xlsx
[2023-03-04T15:07:28.670+0000] {processor.py:743} INFO - Processing file /opt/airflow/dags/data/sierra-leone_covid-19.xlsx for tasks to queue
[2023-03-04T15:07:28.672+0000] {logging_mixin.py:137} INFO - [2023-03-04T15:07:28.672+0000] {dagbag.py:538} INFO - Filling up the DagBag from /opt/airflow/dags/data/sierra-leone_covid-19.xlsx
[2023-03-04T15:07:28.676+0000] {processor.py:755} WARNING - No viable dags retrieved from /opt/airflow/dags/data/sierra-leone_covid-19.xlsx
[2023-03-04T15:07:28.696+0000] {processor.py:175} INFO - Processing /opt/airflow/dags/data/sierra-leone_covid-19.xlsx took 0.032 seconds
[2023-03-04T15:07:58.924+0000] {processor.py:153} INFO - Started process (PID=1160) to work on /opt/airflow/dags/data/sierra-leone_covid-19.xlsx
[2023-03-04T15:07:58.927+0000] {processor.py:743} INFO - Processing file /opt/airflow/dags/data/sierra-leone_covid-19.xlsx for tasks to queue
[2023-03-04T15:07:58.928+0000] {logging_mixin.py:137} INFO - [2023-03-04T15:07:58.928+0000] {dagbag.py:538} INFO - Filling up the DagBag from /opt/airflow/dags/data/sierra-leone_covid-19.xlsx
[2023-03-04T15:07:58.934+0000] {processor.py:755} WARNING - No viable dags retrieved from /opt/airflow/dags/data/sierra-leone_covid-19.xlsx
[2023-03-04T15:07:58.962+0000] {processor.py:175} INFO - Processing /opt/airflow/dags/data/sierra-leone_covid-19.xlsx took 0.043 seconds
[2023-03-04T15:08:29.158+0000] {processor.py:153} INFO - Started process (PID=1220) to work on /opt/airflow/dags/data/sierra-leone_covid-19.xlsx
[2023-03-04T15:08:29.160+0000] {processor.py:743} INFO - Processing file /opt/airflow/dags/data/sierra-leone_covid-19.xlsx for tasks to queue
[2023-03-04T15:08:29.162+0000] {logging_mixin.py:137} INFO - [2023-03-04T15:08:29.162+0000] {dagbag.py:538} INFO - Filling up the DagBag from /opt/airflow/dags/data/sierra-leone_covid-19.xlsx
[2023-03-04T15:08:29.168+0000] {processor.py:755} WARNING - No viable dags retrieved from /opt/airflow/dags/data/sierra-leone_covid-19.xlsx
[2023-03-04T15:08:29.194+0000] {processor.py:175} INFO - Processing /opt/airflow/dags/data/sierra-leone_covid-19.xlsx took 0.042 seconds
[2023-03-04T15:08:59.409+0000] {processor.py:153} INFO - Started process (PID=1271) to work on /opt/airflow/dags/data/sierra-leone_covid-19.xlsx
[2023-03-04T15:08:59.411+0000] {processor.py:743} INFO - Processing file /opt/airflow/dags/data/sierra-leone_covid-19.xlsx for tasks to queue
[2023-03-04T15:08:59.412+0000] {logging_mixin.py:137} INFO - [2023-03-04T15:08:59.412+0000] {dagbag.py:538} INFO - Filling up the DagBag from /opt/airflow/dags/data/sierra-leone_covid-19.xlsx
[2023-03-04T15:08:59.417+0000] {processor.py:755} WARNING - No viable dags retrieved from /opt/airflow/dags/data/sierra-leone_covid-19.xlsx
[2023-03-04T15:08:59.438+0000] {processor.py:175} INFO - Processing /opt/airflow/dags/data/sierra-leone_covid-19.xlsx took 0.034 seconds
[2023-03-04T15:09:29.541+0000] {processor.py:153} INFO - Started process (PID=1322) to work on /opt/airflow/dags/data/sierra-leone_covid-19.xlsx
[2023-03-04T15:09:29.543+0000] {processor.py:743} INFO - Processing file /opt/airflow/dags/data/sierra-leone_covid-19.xlsx for tasks to queue
[2023-03-04T15:09:29.545+0000] {logging_mixin.py:137} INFO - [2023-03-04T15:09:29.545+0000] {dagbag.py:538} INFO - Filling up the DagBag from /opt/airflow/dags/data/sierra-leone_covid-19.xlsx
[2023-03-04T15:09:29.551+0000] {processor.py:755} WARNING - No viable dags retrieved from /opt/airflow/dags/data/sierra-leone_covid-19.xlsx
[2023-03-04T15:09:29.574+0000] {processor.py:175} INFO - Processing /opt/airflow/dags/data/sierra-leone_covid-19.xlsx took 0.037 seconds
[2023-03-04T15:09:59.759+0000] {processor.py:153} INFO - Started process (PID=1366) to work on /opt/airflow/dags/data/sierra-leone_covid-19.xlsx
[2023-03-04T15:09:59.761+0000] {processor.py:743} INFO - Processing file /opt/airflow/dags/data/sierra-leone_covid-19.xlsx for tasks to queue
[2023-03-04T15:09:59.763+0000] {logging_mixin.py:137} INFO - [2023-03-04T15:09:59.762+0000] {dagbag.py:538} INFO - Filling up the DagBag from /opt/airflow/dags/data/sierra-leone_covid-19.xlsx
[2023-03-04T15:09:59.769+0000] {processor.py:755} WARNING - No viable dags retrieved from /opt/airflow/dags/data/sierra-leone_covid-19.xlsx
[2023-03-04T15:09:59.792+0000] {processor.py:175} INFO - Processing /opt/airflow/dags/data/sierra-leone_covid-19.xlsx took 0.039 seconds
[2023-03-04T15:10:29.960+0000] {processor.py:153} INFO - Started process (PID=1433) to work on /opt/airflow/dags/data/sierra-leone_covid-19.xlsx
[2023-03-04T15:10:29.961+0000] {processor.py:743} INFO - Processing file /opt/airflow/dags/data/sierra-leone_covid-19.xlsx for tasks to queue
[2023-03-04T15:10:29.963+0000] {logging_mixin.py:137} INFO - [2023-03-04T15:10:29.963+0000] {dagbag.py:538} INFO - Filling up the DagBag from /opt/airflow/dags/data/sierra-leone_covid-19.xlsx
[2023-03-04T15:10:29.968+0000] {processor.py:755} WARNING - No viable dags retrieved from /opt/airflow/dags/data/sierra-leone_covid-19.xlsx
[2023-03-04T15:10:29.988+0000] {processor.py:175} INFO - Processing /opt/airflow/dags/data/sierra-leone_covid-19.xlsx took 0.033 seconds
[2023-03-04T15:11:00.178+0000] {processor.py:153} INFO - Started process (PID=1477) to work on /opt/airflow/dags/data/sierra-leone_covid-19.xlsx
[2023-03-04T15:11:00.180+0000] {processor.py:743} INFO - Processing file /opt/airflow/dags/data/sierra-leone_covid-19.xlsx for tasks to queue
[2023-03-04T15:11:00.182+0000] {logging_mixin.py:137} INFO - [2023-03-04T15:11:00.181+0000] {dagbag.py:538} INFO - Filling up the DagBag from /opt/airflow/dags/data/sierra-leone_covid-19.xlsx
[2023-03-04T15:11:00.187+0000] {processor.py:755} WARNING - No viable dags retrieved from /opt/airflow/dags/data/sierra-leone_covid-19.xlsx
[2023-03-04T15:11:00.207+0000] {processor.py:175} INFO - Processing /opt/airflow/dags/data/sierra-leone_covid-19.xlsx took 0.034 seconds
[2023-03-04T15:11:30.398+0000] {processor.py:153} INFO - Started process (PID=1528) to work on /opt/airflow/dags/data/sierra-leone_covid-19.xlsx
[2023-03-04T15:11:30.399+0000] {processor.py:743} INFO - Processing file /opt/airflow/dags/data/sierra-leone_covid-19.xlsx for tasks to queue
[2023-03-04T15:11:30.401+0000] {logging_mixin.py:137} INFO - [2023-03-04T15:11:30.401+0000] {dagbag.py:538} INFO - Filling up the DagBag from /opt/airflow/dags/data/sierra-leone_covid-19.xlsx
[2023-03-04T15:11:30.408+0000] {processor.py:755} WARNING - No viable dags retrieved from /opt/airflow/dags/data/sierra-leone_covid-19.xlsx
[2023-03-04T15:11:30.430+0000] {processor.py:175} INFO - Processing /opt/airflow/dags/data/sierra-leone_covid-19.xlsx took 0.038 seconds
[2023-03-04T15:12:00.609+0000] {processor.py:153} INFO - Started process (PID=1589) to work on /opt/airflow/dags/data/sierra-leone_covid-19.xlsx
[2023-03-04T15:12:00.611+0000] {processor.py:743} INFO - Processing file /opt/airflow/dags/data/sierra-leone_covid-19.xlsx for tasks to queue
[2023-03-04T15:12:00.615+0000] {logging_mixin.py:137} INFO - [2023-03-04T15:12:00.614+0000] {dagbag.py:538} INFO - Filling up the DagBag from /opt/airflow/dags/data/sierra-leone_covid-19.xlsx
[2023-03-04T15:12:00.622+0000] {processor.py:755} WARNING - No viable dags retrieved from /opt/airflow/dags/data/sierra-leone_covid-19.xlsx
[2023-03-04T15:12:00.663+0000] {processor.py:175} INFO - Processing /opt/airflow/dags/data/sierra-leone_covid-19.xlsx took 0.064 seconds
[2023-03-04T15:12:31.011+0000] {processor.py:153} INFO - Started process (PID=1640) to work on /opt/airflow/dags/data/sierra-leone_covid-19.xlsx
[2023-03-04T15:12:31.013+0000] {processor.py:743} INFO - Processing file /opt/airflow/dags/data/sierra-leone_covid-19.xlsx for tasks to queue
[2023-03-04T15:12:31.015+0000] {logging_mixin.py:137} INFO - [2023-03-04T15:12:31.015+0000] {dagbag.py:538} INFO - Filling up the DagBag from /opt/airflow/dags/data/sierra-leone_covid-19.xlsx
[2023-03-04T15:12:31.020+0000] {processor.py:755} WARNING - No viable dags retrieved from /opt/airflow/dags/data/sierra-leone_covid-19.xlsx
[2023-03-04T15:12:31.067+0000] {processor.py:175} INFO - Processing /opt/airflow/dags/data/sierra-leone_covid-19.xlsx took 0.061 seconds
[2023-03-04T15:13:01.141+0000] {processor.py:153} INFO - Started process (PID=1686) to work on /opt/airflow/dags/data/sierra-leone_covid-19.xlsx
[2023-03-04T15:13:01.143+0000] {processor.py:743} INFO - Processing file /opt/airflow/dags/data/sierra-leone_covid-19.xlsx for tasks to queue
[2023-03-04T15:13:01.145+0000] {logging_mixin.py:137} INFO - [2023-03-04T15:13:01.145+0000] {dagbag.py:538} INFO - Filling up the DagBag from /opt/airflow/dags/data/sierra-leone_covid-19.xlsx
[2023-03-04T15:13:01.150+0000] {processor.py:755} WARNING - No viable dags retrieved from /opt/airflow/dags/data/sierra-leone_covid-19.xlsx
[2023-03-04T15:13:01.170+0000] {processor.py:175} INFO - Processing /opt/airflow/dags/data/sierra-leone_covid-19.xlsx took 0.034 seconds
[2023-03-04T15:13:31.349+0000] {processor.py:153} INFO - Started process (PID=1733) to work on /opt/airflow/dags/data/sierra-leone_covid-19.xlsx
[2023-03-04T15:13:31.351+0000] {processor.py:743} INFO - Processing file /opt/airflow/dags/data/sierra-leone_covid-19.xlsx for tasks to queue
[2023-03-04T15:13:31.352+0000] {logging_mixin.py:137} INFO - [2023-03-04T15:13:31.352+0000] {dagbag.py:538} INFO - Filling up the DagBag from /opt/airflow/dags/data/sierra-leone_covid-19.xlsx
[2023-03-04T15:13:31.357+0000] {processor.py:755} WARNING - No viable dags retrieved from /opt/airflow/dags/data/sierra-leone_covid-19.xlsx
[2023-03-04T15:13:31.382+0000] {processor.py:175} INFO - Processing /opt/airflow/dags/data/sierra-leone_covid-19.xlsx took 0.038 seconds
[2023-03-04T15:14:01.558+0000] {processor.py:153} INFO - Started process (PID=1777) to work on /opt/airflow/dags/data/sierra-leone_covid-19.xlsx
[2023-03-04T15:14:01.560+0000] {processor.py:743} INFO - Processing file /opt/airflow/dags/data/sierra-leone_covid-19.xlsx for tasks to queue
[2023-03-04T15:14:01.562+0000] {logging_mixin.py:137} INFO - [2023-03-04T15:14:01.562+0000] {dagbag.py:538} INFO - Filling up the DagBag from /opt/airflow/dags/data/sierra-leone_covid-19.xlsx
[2023-03-04T15:14:01.568+0000] {processor.py:755} WARNING - No viable dags retrieved from /opt/airflow/dags/data/sierra-leone_covid-19.xlsx
[2023-03-04T15:14:01.590+0000] {processor.py:175} INFO - Processing /opt/airflow/dags/data/sierra-leone_covid-19.xlsx took 0.038 seconds
[2023-03-04T15:14:31.860+0000] {processor.py:153} INFO - Started process (PID=1838) to work on /opt/airflow/dags/data/sierra-leone_covid-19.xlsx
[2023-03-04T15:14:31.863+0000] {processor.py:743} INFO - Processing file /opt/airflow/dags/data/sierra-leone_covid-19.xlsx for tasks to queue
[2023-03-04T15:14:31.865+0000] {logging_mixin.py:137} INFO - [2023-03-04T15:14:31.864+0000] {dagbag.py:538} INFO - Filling up the DagBag from /opt/airflow/dags/data/sierra-leone_covid-19.xlsx
[2023-03-04T15:14:31.870+0000] {processor.py:755} WARNING - No viable dags retrieved from /opt/airflow/dags/data/sierra-leone_covid-19.xlsx
[2023-03-04T15:14:31.893+0000] {processor.py:175} INFO - Processing /opt/airflow/dags/data/sierra-leone_covid-19.xlsx took 0.038 seconds
[2023-03-04T15:15:02.066+0000] {processor.py:153} INFO - Started process (PID=1883) to work on /opt/airflow/dags/data/sierra-leone_covid-19.xlsx
[2023-03-04T15:15:02.068+0000] {processor.py:743} INFO - Processing file /opt/airflow/dags/data/sierra-leone_covid-19.xlsx for tasks to queue
[2023-03-04T15:15:02.070+0000] {logging_mixin.py:137} INFO - [2023-03-04T15:15:02.070+0000] {dagbag.py:538} INFO - Filling up the DagBag from /opt/airflow/dags/data/sierra-leone_covid-19.xlsx
[2023-03-04T15:15:02.076+0000] {processor.py:755} WARNING - No viable dags retrieved from /opt/airflow/dags/data/sierra-leone_covid-19.xlsx
[2023-03-04T15:15:02.097+0000] {processor.py:175} INFO - Processing /opt/airflow/dags/data/sierra-leone_covid-19.xlsx took 0.036 seconds
[2023-03-04T15:15:32.289+0000] {processor.py:153} INFO - Started process (PID=1927) to work on /opt/airflow/dags/data/sierra-leone_covid-19.xlsx
[2023-03-04T15:15:32.292+0000] {processor.py:743} INFO - Processing file /opt/airflow/dags/data/sierra-leone_covid-19.xlsx for tasks to queue
[2023-03-04T15:15:32.294+0000] {logging_mixin.py:137} INFO - [2023-03-04T15:15:32.294+0000] {dagbag.py:538} INFO - Filling up the DagBag from /opt/airflow/dags/data/sierra-leone_covid-19.xlsx
[2023-03-04T15:15:32.300+0000] {processor.py:755} WARNING - No viable dags retrieved from /opt/airflow/dags/data/sierra-leone_covid-19.xlsx
[2023-03-04T15:15:32.318+0000] {processor.py:175} INFO - Processing /opt/airflow/dags/data/sierra-leone_covid-19.xlsx took 0.034 seconds
[2023-03-04T15:16:02.479+0000] {processor.py:153} INFO - Started process (PID=1981) to work on /opt/airflow/dags/data/sierra-leone_covid-19.xlsx
[2023-03-04T15:16:02.483+0000] {processor.py:743} INFO - Processing file /opt/airflow/dags/data/sierra-leone_covid-19.xlsx for tasks to queue
[2023-03-04T15:16:02.485+0000] {logging_mixin.py:137} INFO - [2023-03-04T15:16:02.485+0000] {dagbag.py:538} INFO - Filling up the DagBag from /opt/airflow/dags/data/sierra-leone_covid-19.xlsx
[2023-03-04T15:16:02.492+0000] {processor.py:755} WARNING - No viable dags retrieved from /opt/airflow/dags/data/sierra-leone_covid-19.xlsx
[2023-03-04T15:16:02.516+0000] {processor.py:175} INFO - Processing /opt/airflow/dags/data/sierra-leone_covid-19.xlsx took 0.043 seconds
[2023-03-04T15:16:32.711+0000] {processor.py:153} INFO - Started process (PID=2033) to work on /opt/airflow/dags/data/sierra-leone_covid-19.xlsx
[2023-03-04T15:16:32.713+0000] {processor.py:743} INFO - Processing file /opt/airflow/dags/data/sierra-leone_covid-19.xlsx for tasks to queue
[2023-03-04T15:16:32.715+0000] {logging_mixin.py:137} INFO - [2023-03-04T15:16:32.714+0000] {dagbag.py:538} INFO - Filling up the DagBag from /opt/airflow/dags/data/sierra-leone_covid-19.xlsx
[2023-03-04T15:16:32.720+0000] {processor.py:755} WARNING - No viable dags retrieved from /opt/airflow/dags/data/sierra-leone_covid-19.xlsx
[2023-03-04T15:16:32.739+0000] {processor.py:175} INFO - Processing /opt/airflow/dags/data/sierra-leone_covid-19.xlsx took 0.033 seconds
[2023-03-04T15:17:02.928+0000] {processor.py:153} INFO - Started process (PID=2077) to work on /opt/airflow/dags/data/sierra-leone_covid-19.xlsx
[2023-03-04T15:17:02.930+0000] {processor.py:743} INFO - Processing file /opt/airflow/dags/data/sierra-leone_covid-19.xlsx for tasks to queue
[2023-03-04T15:17:02.932+0000] {logging_mixin.py:137} INFO - [2023-03-04T15:17:02.932+0000] {dagbag.py:538} INFO - Filling up the DagBag from /opt/airflow/dags/data/sierra-leone_covid-19.xlsx
[2023-03-04T15:17:02.938+0000] {processor.py:755} WARNING - No viable dags retrieved from /opt/airflow/dags/data/sierra-leone_covid-19.xlsx
[2023-03-04T15:17:02.958+0000] {processor.py:175} INFO - Processing /opt/airflow/dags/data/sierra-leone_covid-19.xlsx took 0.035 seconds
[2023-03-04T15:17:33.180+0000] {processor.py:153} INFO - Started process (PID=2120) to work on /opt/airflow/dags/data/sierra-leone_covid-19.xlsx
[2023-03-04T15:17:33.182+0000] {processor.py:743} INFO - Processing file /opt/airflow/dags/data/sierra-leone_covid-19.xlsx for tasks to queue
[2023-03-04T15:17:33.184+0000] {logging_mixin.py:137} INFO - [2023-03-04T15:17:33.184+0000] {dagbag.py:538} INFO - Filling up the DagBag from /opt/airflow/dags/data/sierra-leone_covid-19.xlsx
[2023-03-04T15:17:33.188+0000] {processor.py:755} WARNING - No viable dags retrieved from /opt/airflow/dags/data/sierra-leone_covid-19.xlsx
[2023-03-04T15:17:33.210+0000] {processor.py:175} INFO - Processing /opt/airflow/dags/data/sierra-leone_covid-19.xlsx took 0.035 seconds
[2023-03-04T15:18:03.422+0000] {processor.py:153} INFO - Started process (PID=2188) to work on /opt/airflow/dags/data/sierra-leone_covid-19.xlsx
[2023-03-04T15:18:03.424+0000] {processor.py:743} INFO - Processing file /opt/airflow/dags/data/sierra-leone_covid-19.xlsx for tasks to queue
[2023-03-04T15:18:03.425+0000] {logging_mixin.py:137} INFO - [2023-03-04T15:18:03.425+0000] {dagbag.py:538} INFO - Filling up the DagBag from /opt/airflow/dags/data/sierra-leone_covid-19.xlsx
[2023-03-04T15:18:03.431+0000] {processor.py:755} WARNING - No viable dags retrieved from /opt/airflow/dags/data/sierra-leone_covid-19.xlsx
[2023-03-04T15:18:03.455+0000] {processor.py:175} INFO - Processing /opt/airflow/dags/data/sierra-leone_covid-19.xlsx took 0.038 seconds
[2023-03-04T15:18:33.633+0000] {processor.py:153} INFO - Started process (PID=2233) to work on /opt/airflow/dags/data/sierra-leone_covid-19.xlsx
[2023-03-04T15:18:33.635+0000] {processor.py:743} INFO - Processing file /opt/airflow/dags/data/sierra-leone_covid-19.xlsx for tasks to queue
[2023-03-04T15:18:33.637+0000] {logging_mixin.py:137} INFO - [2023-03-04T15:18:33.636+0000] {dagbag.py:538} INFO - Filling up the DagBag from /opt/airflow/dags/data/sierra-leone_covid-19.xlsx
[2023-03-04T15:18:33.642+0000] {processor.py:755} WARNING - No viable dags retrieved from /opt/airflow/dags/data/sierra-leone_covid-19.xlsx
[2023-03-04T15:18:33.661+0000] {processor.py:175} INFO - Processing /opt/airflow/dags/data/sierra-leone_covid-19.xlsx took 0.033 seconds
[2023-03-04T15:19:04.120+0000] {processor.py:153} INFO - Started process (PID=2280) to work on /opt/airflow/dags/data/sierra-leone_covid-19.xlsx
[2023-03-04T15:19:04.122+0000] {processor.py:743} INFO - Processing file /opt/airflow/dags/data/sierra-leone_covid-19.xlsx for tasks to queue
[2023-03-04T15:19:04.124+0000] {logging_mixin.py:137} INFO - [2023-03-04T15:19:04.124+0000] {dagbag.py:538} INFO - Filling up the DagBag from /opt/airflow/dags/data/sierra-leone_covid-19.xlsx
[2023-03-04T15:19:04.130+0000] {processor.py:755} WARNING - No viable dags retrieved from /opt/airflow/dags/data/sierra-leone_covid-19.xlsx
[2023-03-04T15:19:04.151+0000] {processor.py:175} INFO - Processing /opt/airflow/dags/data/sierra-leone_covid-19.xlsx took 0.037 seconds
[2023-03-04T15:19:34.335+0000] {processor.py:153} INFO - Started process (PID=2323) to work on /opt/airflow/dags/data/sierra-leone_covid-19.xlsx
[2023-03-04T15:19:34.336+0000] {processor.py:743} INFO - Processing file /opt/airflow/dags/data/sierra-leone_covid-19.xlsx for tasks to queue
[2023-03-04T15:19:34.338+0000] {logging_mixin.py:137} INFO - [2023-03-04T15:19:34.338+0000] {dagbag.py:538} INFO - Filling up the DagBag from /opt/airflow/dags/data/sierra-leone_covid-19.xlsx
[2023-03-04T15:19:34.343+0000] {processor.py:755} WARNING - No viable dags retrieved from /opt/airflow/dags/data/sierra-leone_covid-19.xlsx
[2023-03-04T15:19:34.364+0000] {processor.py:175} INFO - Processing /opt/airflow/dags/data/sierra-leone_covid-19.xlsx took 0.034 seconds
[2023-03-04T15:20:04.517+0000] {processor.py:153} INFO - Started process (PID=2377) to work on /opt/airflow/dags/data/sierra-leone_covid-19.xlsx
[2023-03-04T15:20:04.518+0000] {processor.py:743} INFO - Processing file /opt/airflow/dags/data/sierra-leone_covid-19.xlsx for tasks to queue
[2023-03-04T15:20:04.520+0000] {logging_mixin.py:137} INFO - [2023-03-04T15:20:04.519+0000] {dagbag.py:538} INFO - Filling up the DagBag from /opt/airflow/dags/data/sierra-leone_covid-19.xlsx
[2023-03-04T15:20:04.523+0000] {processor.py:755} WARNING - No viable dags retrieved from /opt/airflow/dags/data/sierra-leone_covid-19.xlsx
[2023-03-04T15:20:04.541+0000] {processor.py:175} INFO - Processing /opt/airflow/dags/data/sierra-leone_covid-19.xlsx took 0.028 seconds
[2023-03-04T15:20:34.702+0000] {processor.py:153} INFO - Started process (PID=2429) to work on /opt/airflow/dags/data/sierra-leone_covid-19.xlsx
[2023-03-04T15:20:34.705+0000] {processor.py:743} INFO - Processing file /opt/airflow/dags/data/sierra-leone_covid-19.xlsx for tasks to queue
[2023-03-04T15:20:34.708+0000] {logging_mixin.py:137} INFO - [2023-03-04T15:20:34.707+0000] {dagbag.py:538} INFO - Filling up the DagBag from /opt/airflow/dags/data/sierra-leone_covid-19.xlsx
[2023-03-04T15:20:34.714+0000] {processor.py:755} WARNING - No viable dags retrieved from /opt/airflow/dags/data/sierra-leone_covid-19.xlsx
[2023-03-04T15:20:34.735+0000] {processor.py:175} INFO - Processing /opt/airflow/dags/data/sierra-leone_covid-19.xlsx took 0.038 seconds
[2023-03-04T15:21:04.855+0000] {processor.py:153} INFO - Started process (PID=2470) to work on /opt/airflow/dags/data/sierra-leone_covid-19.xlsx
[2023-03-04T15:21:04.857+0000] {processor.py:743} INFO - Processing file /opt/airflow/dags/data/sierra-leone_covid-19.xlsx for tasks to queue
[2023-03-04T15:21:04.859+0000] {logging_mixin.py:137} INFO - [2023-03-04T15:21:04.858+0000] {dagbag.py:538} INFO - Filling up the DagBag from /opt/airflow/dags/data/sierra-leone_covid-19.xlsx
[2023-03-04T15:21:04.862+0000] {processor.py:755} WARNING - No viable dags retrieved from /opt/airflow/dags/data/sierra-leone_covid-19.xlsx
[2023-03-04T15:21:04.880+0000] {processor.py:175} INFO - Processing /opt/airflow/dags/data/sierra-leone_covid-19.xlsx took 0.031 seconds
[2023-03-04T15:21:35.134+0000] {processor.py:153} INFO - Started process (PID=2527) to work on /opt/airflow/dags/data/sierra-leone_covid-19.xlsx
[2023-03-04T15:21:35.136+0000] {processor.py:743} INFO - Processing file /opt/airflow/dags/data/sierra-leone_covid-19.xlsx for tasks to queue
[2023-03-04T15:21:35.139+0000] {logging_mixin.py:137} INFO - [2023-03-04T15:21:35.138+0000] {dagbag.py:538} INFO - Filling up the DagBag from /opt/airflow/dags/data/sierra-leone_covid-19.xlsx
[2023-03-04T15:21:35.143+0000] {processor.py:755} WARNING - No viable dags retrieved from /opt/airflow/dags/data/sierra-leone_covid-19.xlsx
[2023-03-04T15:21:35.162+0000] {processor.py:175} INFO - Processing /opt/airflow/dags/data/sierra-leone_covid-19.xlsx took 0.034 seconds
[2023-03-04T15:22:05.343+0000] {processor.py:153} INFO - Started process (PID=2570) to work on /opt/airflow/dags/data/sierra-leone_covid-19.xlsx
[2023-03-04T15:22:05.345+0000] {processor.py:743} INFO - Processing file /opt/airflow/dags/data/sierra-leone_covid-19.xlsx for tasks to queue
[2023-03-04T15:22:05.347+0000] {logging_mixin.py:137} INFO - [2023-03-04T15:22:05.347+0000] {dagbag.py:538} INFO - Filling up the DagBag from /opt/airflow/dags/data/sierra-leone_covid-19.xlsx
[2023-03-04T15:22:05.351+0000] {processor.py:755} WARNING - No viable dags retrieved from /opt/airflow/dags/data/sierra-leone_covid-19.xlsx
[2023-03-04T15:22:05.372+0000] {processor.py:175} INFO - Processing /opt/airflow/dags/data/sierra-leone_covid-19.xlsx took 0.033 seconds
[2023-03-04T15:22:35.596+0000] {processor.py:153} INFO - Started process (PID=2630) to work on /opt/airflow/dags/data/sierra-leone_covid-19.xlsx
[2023-03-04T15:22:35.597+0000] {processor.py:743} INFO - Processing file /opt/airflow/dags/data/sierra-leone_covid-19.xlsx for tasks to queue
[2023-03-04T15:22:35.599+0000] {logging_mixin.py:137} INFO - [2023-03-04T15:22:35.599+0000] {dagbag.py:538} INFO - Filling up the DagBag from /opt/airflow/dags/data/sierra-leone_covid-19.xlsx
[2023-03-04T15:22:35.604+0000] {processor.py:755} WARNING - No viable dags retrieved from /opt/airflow/dags/data/sierra-leone_covid-19.xlsx
[2023-03-04T15:22:35.630+0000] {processor.py:175} INFO - Processing /opt/airflow/dags/data/sierra-leone_covid-19.xlsx took 0.041 seconds
[2023-03-04T15:23:05.807+0000] {processor.py:153} INFO - Started process (PID=2674) to work on /opt/airflow/dags/data/sierra-leone_covid-19.xlsx
[2023-03-04T15:23:05.809+0000] {processor.py:743} INFO - Processing file /opt/airflow/dags/data/sierra-leone_covid-19.xlsx for tasks to queue
[2023-03-04T15:23:05.810+0000] {logging_mixin.py:137} INFO - [2023-03-04T15:23:05.810+0000] {dagbag.py:538} INFO - Filling up the DagBag from /opt/airflow/dags/data/sierra-leone_covid-19.xlsx
[2023-03-04T15:23:05.816+0000] {processor.py:755} WARNING - No viable dags retrieved from /opt/airflow/dags/data/sierra-leone_covid-19.xlsx
[2023-03-04T15:23:05.838+0000] {processor.py:175} INFO - Processing /opt/airflow/dags/data/sierra-leone_covid-19.xlsx took 0.037 seconds
[2023-03-04T15:23:36.016+0000] {processor.py:153} INFO - Started process (PID=2735) to work on /opt/airflow/dags/data/sierra-leone_covid-19.xlsx
[2023-03-04T15:23:36.018+0000] {processor.py:743} INFO - Processing file /opt/airflow/dags/data/sierra-leone_covid-19.xlsx for tasks to queue
[2023-03-04T15:23:36.020+0000] {logging_mixin.py:137} INFO - [2023-03-04T15:23:36.020+0000] {dagbag.py:538} INFO - Filling up the DagBag from /opt/airflow/dags/data/sierra-leone_covid-19.xlsx
[2023-03-04T15:23:36.025+0000] {processor.py:755} WARNING - No viable dags retrieved from /opt/airflow/dags/data/sierra-leone_covid-19.xlsx
[2023-03-04T15:23:36.046+0000] {processor.py:175} INFO - Processing /opt/airflow/dags/data/sierra-leone_covid-19.xlsx took 0.036 seconds
[2023-03-04T15:24:06.210+0000] {processor.py:153} INFO - Started process (PID=2779) to work on /opt/airflow/dags/data/sierra-leone_covid-19.xlsx
[2023-03-04T15:24:06.212+0000] {processor.py:743} INFO - Processing file /opt/airflow/dags/data/sierra-leone_covid-19.xlsx for tasks to queue
[2023-03-04T15:24:06.214+0000] {logging_mixin.py:137} INFO - [2023-03-04T15:24:06.214+0000] {dagbag.py:538} INFO - Filling up the DagBag from /opt/airflow/dags/data/sierra-leone_covid-19.xlsx
[2023-03-04T15:24:06.218+0000] {processor.py:755} WARNING - No viable dags retrieved from /opt/airflow/dags/data/sierra-leone_covid-19.xlsx
[2023-03-04T15:24:06.240+0000] {processor.py:175} INFO - Processing /opt/airflow/dags/data/sierra-leone_covid-19.xlsx took 0.035 seconds
[2023-03-04T15:24:36.396+0000] {processor.py:153} INFO - Started process (PID=2839) to work on /opt/airflow/dags/data/sierra-leone_covid-19.xlsx
[2023-03-04T15:24:36.398+0000] {processor.py:743} INFO - Processing file /opt/airflow/dags/data/sierra-leone_covid-19.xlsx for tasks to queue
[2023-03-04T15:24:36.400+0000] {logging_mixin.py:137} INFO - [2023-03-04T15:24:36.400+0000] {dagbag.py:538} INFO - Filling up the DagBag from /opt/airflow/dags/data/sierra-leone_covid-19.xlsx
[2023-03-04T15:24:36.404+0000] {processor.py:755} WARNING - No viable dags retrieved from /opt/airflow/dags/data/sierra-leone_covid-19.xlsx
[2023-03-04T15:24:36.432+0000] {processor.py:175} INFO - Processing /opt/airflow/dags/data/sierra-leone_covid-19.xlsx took 0.042 seconds
