[2023-03-04T15:00:25.624+0000] {taskinstance.py:1083} INFO - Dependencies all met for <TaskInstance: sl_covid_dag_v1.extract manual__2023-03-04T15:00:24.358091+00:00 [queued]>
[2023-03-04T15:00:25.640+0000] {taskinstance.py:1083} INFO - Dependencies all met for <TaskInstance: sl_covid_dag_v1.extract manual__2023-03-04T15:00:24.358091+00:00 [queued]>
[2023-03-04T15:00:25.642+0000] {taskinstance.py:1279} INFO - 
--------------------------------------------------------------------------------
[2023-03-04T15:00:25.643+0000] {taskinstance.py:1280} INFO - Starting attempt 1 of 6
[2023-03-04T15:00:25.644+0000] {taskinstance.py:1281} INFO - 
--------------------------------------------------------------------------------
[2023-03-04T15:00:25.666+0000] {taskinstance.py:1300} INFO - Executing <Task(PythonOperator): extract> on 2023-03-04 15:00:24.358091+00:00
[2023-03-04T15:00:25.675+0000] {standard_task_runner.py:55} INFO - Started process 464 to run task
[2023-03-04T15:00:25.680+0000] {standard_task_runner.py:82} INFO - Running: ['***', 'tasks', 'run', 'sl_covid_dag_v1', 'extract', 'manual__2023-03-04T15:00:24.358091+00:00', '--job-id', '15', '--raw', '--subdir', 'DAGS_FOLDER/sl_covid_dag.py', '--cfg-path', '/tmp/tmpv9nsp3sa']
[2023-03-04T15:00:25.684+0000] {standard_task_runner.py:83} INFO - Job 15: Subtask extract
[2023-03-04T15:00:25.795+0000] {task_command.py:388} INFO - Running <TaskInstance: sl_covid_dag_v1.extract manual__2023-03-04T15:00:24.358091+00:00 [running]> on host 00dcc0a33b20
[2023-03-04T15:00:25.915+0000] {taskinstance.py:1509} INFO - Exporting the following env vars:
AIRFLOW_CTX_DAG_OWNER=ishok
AIRFLOW_CTX_DAG_ID=sl_covid_dag_v1
AIRFLOW_CTX_TASK_ID=extract
AIRFLOW_CTX_EXECUTION_DATE=2023-03-04T15:00:24.358091+00:00
AIRFLOW_CTX_TRY_NUMBER=1
AIRFLOW_CTX_DAG_RUN_ID=manual__2023-03-04T15:00:24.358091+00:00
[2023-03-04T15:00:25.917+0000] {logging_mixin.py:137} INFO - <module 'pandas' from '/home/***/.local/lib/python3.7/site-packages/pandas/__init__.py'>
[2023-03-04T15:00:25.918+0000] {python.py:177} INFO - Done. Returned value was: None
[2023-03-04T15:00:25.934+0000] {taskinstance.py:1323} INFO - Marking task as SUCCESS. dag_id=sl_covid_dag_v1, task_id=extract, execution_date=20230304T150024, start_date=20230304T150025, end_date=20230304T150025
[2023-03-04T15:00:25.976+0000] {local_task_job.py:208} INFO - Task exited with return code 0
[2023-03-04T15:00:26.004+0000] {taskinstance.py:2578} INFO - 0 downstream tasks scheduled from follow-on schedule check
